TpTrace Verbose: 0 : 24696, 1, 2025/01/06, 08:59:52.445, 1231295736121, vstest.console.dll, Version: 17.11.0-release-24352-05 Current process architecture: X64
TpTrace Verbose: 0 : 24696, 1, 2025/01/06, 08:59:52.450, 1231295778024, vstest.console.dll, Runtime location: C:\Program Files\dotnet\shared\Microsoft.NETCore.App\8.0.8
TpTrace Verbose: 0 : 24696, 1, 2025/01/06, 08:59:52.456, 1231295839885, vstest.console.dll, ArtifactProcessingPostProcessModeProcessorExecutor.Initialize: ArtifactProcessingMode.Collect
TpTrace Verbose: 0 : 24696, 1, 2025/01/06, 08:59:52.456, 1231295841502, vstest.console.dll, TestSessionCorrelationIdProcessorModeProcessorExecutor.Initialize: TestSessionCorrelationId '21260_4a4ab701-f197-449d-91bc-deae38b7a044'
TpTrace Information: 0 : 24696, 1, 2025/01/06, 08:59:52.484, 1231296124475, vstest.console.dll, FilePatternParser: The given file C:\Users\Disha.Gupta.PYRAMIDINDIA\source\repos\BankingCustomerManagementSol\UnitTesting\bin\Debug\net6.0\fine-code-coverage\build-output\UnitTesting.dll is a full path.
TpTrace Verbose: 0 : 24696, 1, 2025/01/06, 08:59:52.494, 1231296223645, vstest.console.dll, TestPluginCache.DiscoverTestExtensions: finding test extensions in assemblies ends with: RuntimeProvider.dll TPluginInfo: Microsoft.VisualStudio.TestPlatform.Common.ExtensionFramework.Utilities.TestRuntimePluginInformation TExtension: Microsoft.VisualStudio.TestPlatform.ObjectModel.Host.ITestRuntimeProvider
TpTrace Verbose: 0 : 24696, 1, 2025/01/06, 08:59:52.494, 1231296227145, vstest.console.dll, TestPluginCache.GetExtensionPaths: Filtered extension paths: 
TpTrace Verbose: 0 : 24696, 1, 2025/01/06, 08:59:52.495, 1231296228082, vstest.console.dll, TestPluginCache.GetExtensionPaths: Added default extension paths: C:\Program Files\dotnet\sdk\8.0.400\Extensions\Microsoft.Diagnostics.NETCore.Client.dll
C:\Program Files\dotnet\sdk\8.0.400\Extensions\Microsoft.TestPlatform.Extensions.BlameDataCollector.dll
C:\Program Files\dotnet\sdk\8.0.400\Extensions\Microsoft.TestPlatform.Extensions.EventLogCollector.dll
C:\Program Files\dotnet\sdk\8.0.400\Extensions\Microsoft.TestPlatform.TestHostRuntimeProvider.dll
C:\Program Files\dotnet\sdk\8.0.400\Extensions\Microsoft.VisualStudio.TestPlatform.Extensions.Html.TestLogger.dll
C:\Program Files\dotnet\sdk\8.0.400\Extensions\Microsoft.VisualStudio.TestPlatform.Extensions.Trx.TestLogger.dll
TpTrace Verbose: 0 : 24696, 1, 2025/01/06, 08:59:52.495, 1231296228540, vstest.console.dll, TestPluginCache.GetExtensionPaths: Added unfilterableExtensionPaths: 
TpTrace Information: 0 : 24696, 1, 2025/01/06, 08:59:52.495, 1231296236729, vstest.console.dll, AssemblyResolver.ctor: Creating AssemblyResolver with searchDirectories C:\Program Files\dotnet\sdk\8.0.400\Extensions,C:\Program Files\dotnet\sdk\8.0.400
TpTrace Verbose: 0 : 24696, 1, 2025/01/06, 08:59:52.499, 1231296274183, vstest.console.dll, TestPluginCache.DiscoverTestExtensions: Discovering the extensions using extension path.
TpTrace Verbose: 0 : 24696, 1, 2025/01/06, 08:59:52.499, 1231296275809, vstest.console.dll, TestPluginCache.GetExtensionPaths: Filtered extension paths: 
TpTrace Verbose: 0 : 24696, 1, 2025/01/06, 08:59:52.499, 1231296276279, vstest.console.dll, TestPluginCache.GetExtensionPaths: Added default extension paths: C:\Program Files\dotnet\sdk\8.0.400\Extensions\Microsoft.Diagnostics.NETCore.Client.dll
C:\Program Files\dotnet\sdk\8.0.400\Extensions\Microsoft.TestPlatform.Extensions.BlameDataCollector.dll
C:\Program Files\dotnet\sdk\8.0.400\Extensions\Microsoft.TestPlatform.Extensions.EventLogCollector.dll
C:\Program Files\dotnet\sdk\8.0.400\Extensions\Microsoft.TestPlatform.TestHostRuntimeProvider.dll
C:\Program Files\dotnet\sdk\8.0.400\Extensions\Microsoft.VisualStudio.TestPlatform.Extensions.Html.TestLogger.dll
C:\Program Files\dotnet\sdk\8.0.400\Extensions\Microsoft.VisualStudio.TestPlatform.Extensions.Trx.TestLogger.dll
TpTrace Verbose: 0 : 24696, 1, 2025/01/06, 08:59:52.499, 1231296276647, vstest.console.dll, TestPluginCache.GetExtensionPaths: Added unfilterableExtensionPaths: 
TpTrace Verbose: 0 : 24696, 1, 2025/01/06, 08:59:52.499, 1231296277292, vstest.console.dll, TestPluginCache.DiscoverTestExtensions: Discovering the extensions using allExtensionPaths: C:\Program Files\dotnet\sdk\8.0.400\Extensions\Microsoft.Diagnostics.NETCore.Client.dll
C:\Program Files\dotnet\sdk\8.0.400\Extensions\Microsoft.TestPlatform.Extensions.BlameDataCollector.dll
C:\Program Files\dotnet\sdk\8.0.400\Extensions\Microsoft.TestPlatform.Extensions.EventLogCollector.dll
C:\Program Files\dotnet\sdk\8.0.400\Extensions\Microsoft.TestPlatform.TestHostRuntimeProvider.dll
C:\Program Files\dotnet\sdk\8.0.400\Extensions\Microsoft.VisualStudio.TestPlatform.Extensions.Html.TestLogger.dll
C:\Program Files\dotnet\sdk\8.0.400\Extensions\Microsoft.VisualStudio.TestPlatform.Extensions.Trx.TestLogger.dll
TpTrace Information: 0 : 24696, 1, 2025/01/06, 08:59:52.500, 1231296278813, vstest.console.dll, AssemblyResolver.AddSearchDirectories: Adding more searchDirectories C:\Program Files\dotnet\sdk\8.0.400\Extensions,C:\Program Files\dotnet\sdk\8.0.400
TpTrace Information: 0 : 24696, 1, 2025/01/06, 08:59:52.500, 1231296279361, vstest.console.dll, AssemblyResolver.AddSearchDirectories: Adding more searchDirectories C:\Program Files\dotnet\sdk\8.0.400\Extensions,C:\Program Files\dotnet\sdk\8.0.400
TpTrace Information: 0 : 24696, 1, 2025/01/06, 08:59:52.500, 1231296279697, vstest.console.dll, AssemblyResolver.AddSearchDirectories: Adding more searchDirectories C:\Program Files\dotnet\sdk\8.0.400\Extensions,C:\Program Files\dotnet\sdk\8.0.400
TpTrace Information: 0 : 24696, 1, 2025/01/06, 08:59:52.500, 1231296280017, vstest.console.dll, AssemblyResolver.AddSearchDirectories: Adding more searchDirectories C:\Program Files\dotnet\sdk\8.0.400\Extensions,C:\Program Files\dotnet\sdk\8.0.400
TpTrace Information: 0 : 24696, 1, 2025/01/06, 08:59:52.500, 1231296280436, vstest.console.dll, AssemblyResolver.AddSearchDirectories: Adding more searchDirectories C:\Program Files\dotnet\sdk\8.0.400\Extensions,C:\Program Files\dotnet\sdk\8.0.400
TpTrace Information: 0 : 24696, 1, 2025/01/06, 08:59:52.500, 1231296280755, vstest.console.dll, AssemblyResolver.AddSearchDirectories: Adding more searchDirectories C:\Program Files\dotnet\sdk\8.0.400\Extensions,C:\Program Files\dotnet\sdk\8.0.400
TpTrace Information: 0 : 24696, 1, 2025/01/06, 08:59:52.500, 1231296285415, vstest.console.dll, AssemblyResolver.OnResolve: Microsoft.Diagnostics.NETCore.Client: Resolving assembly.
TpTrace Information: 0 : 24696, 1, 2025/01/06, 08:59:52.500, 1231296286226, vstest.console.dll, AssemblyResolver.OnResolve: Microsoft.Diagnostics.NETCore.Client: Searching in: 'C:\Program Files\dotnet\sdk\8.0.400\Extensions'.
TpTrace Information: 0 : 24696, 1, 2025/01/06, 08:59:52.516, 1231296444368, vstest.console.dll, AssemblyResolver.OnResolve: Microsoft.Diagnostics.NETCore.Client: Loading assembly 'C:\Program Files\dotnet\sdk\8.0.400\Extensions\Microsoft.Diagnostics.NETCore.Client.dll'.
TpTrace Information: 0 : 24696, 1, 2025/01/06, 08:59:52.519, 1231296468214, vstest.console.dll, AssemblyResolver.OnResolve: Resolved assembly: Microsoft.Diagnostics.NETCore.Client, from path: C:\Program Files\dotnet\sdk\8.0.400\Extensions\Microsoft.Diagnostics.NETCore.Client.dll
TpTrace Verbose: 0 : 24696, 1, 2025/01/06, 08:59:52.523, 1231296514360, vstest.console.dll, MetadataReaderExtensionsHelper: Discovering extensions inside assembly 'Microsoft.Diagnostics.NETCore.Client, Version=0.2.10.30701, Culture=neutral, PublicKeyToken=31bf3856ad364e35' file path 'C:\Program Files\dotnet\sdk\8.0.400\Extensions\Microsoft.Diagnostics.NETCore.Client.dll'
TpTrace Information: 0 : 24696, 1, 2025/01/06, 08:59:52.533, 1231296608601, vstest.console.dll, AssemblyResolver.OnResolve: Microsoft.Bcl.AsyncInterfaces: Resolving assembly.
TpTrace Information: 0 : 24696, 1, 2025/01/06, 08:59:52.533, 1231296609690, vstest.console.dll, AssemblyResolver.OnResolve: Microsoft.Bcl.AsyncInterfaces: Searching in: 'C:\Program Files\dotnet\sdk\8.0.400\Extensions'.
TpTrace Information: 0 : 24696, 1, 2025/01/06, 08:59:52.533, 1231296610499, vstest.console.dll, AssemblyResolver.OnResolve: Microsoft.Bcl.AsyncInterfaces: Assembly path does not exist: 'C:\Program Files\dotnet\sdk\8.0.400\Extensions\Microsoft.Bcl.AsyncInterfaces.dll', returning.
TpTrace Information: 0 : 24696, 1, 2025/01/06, 08:59:52.533, 1231296611505, vstest.console.dll, AssemblyResolver.OnResolve: Microsoft.Bcl.AsyncInterfaces: Assembly path does not exist: 'C:\Program Files\dotnet\sdk\8.0.400\Extensions\Microsoft.Bcl.AsyncInterfaces.exe', returning.
TpTrace Information: 0 : 24696, 1, 2025/01/06, 08:59:52.533, 1231296611846, vstest.console.dll, AssemblyResolver.OnResolve: Microsoft.Bcl.AsyncInterfaces: Searching in: 'C:\Program Files\dotnet\sdk\8.0.400'.
TpTrace Information: 0 : 24696, 1, 2025/01/06, 08:59:52.533, 1231296612361, vstest.console.dll, AssemblyResolver.OnResolve: Microsoft.Bcl.AsyncInterfaces: Assembly path does not exist: 'C:\Program Files\dotnet\sdk\8.0.400\Microsoft.Bcl.AsyncInterfaces.dll', returning.
TpTrace Information: 0 : 24696, 1, 2025/01/06, 08:59:52.533, 1231296612869, vstest.console.dll, AssemblyResolver.OnResolve: Microsoft.Bcl.AsyncInterfaces: Assembly path does not exist: 'C:\Program Files\dotnet\sdk\8.0.400\Microsoft.Bcl.AsyncInterfaces.exe', returning.
TpTrace Information: 0 : 24696, 1, 2025/01/06, 08:59:52.533, 1231296613272, vstest.console.dll, AssemblyResolver.OnResolve: Microsoft.Bcl.AsyncInterfaces: Failed to load assembly.
TpTrace Verbose: 0 : 24696, 1, 2025/01/06, 08:59:52.533, 1231296613657, vstest.console.dll, CurrentDomainAssemblyResolve: Resolving assembly 'Microsoft.Bcl.AsyncInterfaces'.
TpTrace Information: 0 : 24696, 1, 2025/01/06, 08:59:52.533, 1231296614224, vstest.console.dll, AssemblyResolver.OnResolve: Microsoft.Bcl.AsyncInterfaces: Resolving assembly.
TpTrace Information: 0 : 24696, 1, 2025/01/06, 08:59:52.533, 1231296614596, vstest.console.dll, AssemblyResolver.OnResolve: Microsoft.Bcl.AsyncInterfaces: Resolved from cache.
TpTrace Verbose: 0 : 24696, 1, 2025/01/06, 08:59:52.533, 1231296614883, vstest.console.dll, CurrentDomainAssemblyResolve: Resolving assembly 'Microsoft.Bcl.AsyncInterfaces'.
TpTrace Verbose: 0 : 24696, 1, 2025/01/06, 08:59:52.533, 1231296615303, vstest.console.dll, CurrentDomainAssemblyResolve: Failed to resolve assembly 'Microsoft.Bcl.AsyncInterfaces'.
TpTrace Verbose: 0 : 24696, 1, 2025/01/06, 08:59:52.535, 1231296632536, vstest.console.dll, CurrentDomainAssemblyResolve: Failed to resolve assembly 'Microsoft.Bcl.AsyncInterfaces'.
TpTrace Warning: 0 : 24696, 1, 2025/01/06, 08:59:52.554, 1231296827057, vstest.console.dll, TestPluginDiscoverer: Failed to get types from assembly 'Microsoft.Diagnostics.NETCore.Client, Version=0.2.10.30701, Culture=neutral, PublicKeyToken=31bf3856ad364e35'. Error: System.Reflection.ReflectionTypeLoadException: Unable to load one or more of the requested types.
Could not load file or assembly 'Microsoft.Bcl.AsyncInterfaces, Version=6.0.0.0, Culture=neutral, PublicKeyToken=cc7b13ffcd2ddd51'. The system cannot find the file specified.
   at System.Reflection.RuntimeModule.GetTypes(RuntimeModule module)
   at System.Reflection.RuntimeModule.GetTypes()
   at Microsoft.VisualStudio.TestPlatform.Common.ExtensionFramework.TestPluginDiscoverer.GetTestExtensionsFromAssembly[TPluginInfo,TExtension](Assembly assembly, Dictionary`2 pluginInfos, String filePath) in /_/src/Microsoft.TestPlatform.Common/ExtensionFramework/TestPluginDiscoverer.cs:line 158
System.IO.FileNotFoundException: Could not load file or assembly 'Microsoft.Bcl.AsyncInterfaces, Version=6.0.0.0, Culture=neutral, PublicKeyToken=cc7b13ffcd2ddd51'. The system cannot find the file specified.
File name: 'Microsoft.Bcl.AsyncInterfaces, Version=6.0.0.0, Culture=neutral, PublicKeyToken=cc7b13ffcd2ddd51'
 ---> System.IO.FileNotFoundException: Could not load file or assembly 'Microsoft.Bcl.AsyncInterfaces, Culture=neutral, PublicKeyToken=null'. The system cannot find the file specified.
File name: 'Microsoft.Bcl.AsyncInterfaces, Culture=neutral, PublicKeyToken=null'
   at System.Reflection.RuntimeAssembly.InternalLoad(AssemblyName assemblyName, StackCrawlMark& stackMark, AssemblyLoadContext assemblyLoadContext, RuntimeAssembly requestingAssembly, Boolean throwOnFileNotFound)
   at System.Reflection.Assembly.Load(AssemblyName assemblyRef)
   at Microsoft.VisualStudio.TestPlatform.Common.ExtensionFramework.TestPluginCache.CurrentDomainAssemblyResolve(Object sender, AssemblyResolveEventArgs args) in /_/src/Microsoft.TestPlatform.Common/ExtensionFramework/TestPluginCache.cs:line 513
   at System.Runtime.Loader.AssemblyLoadContext.GetFirstResolvedAssemblyFromResolvingEvent(AssemblyName assemblyName)
   at System.Runtime.Loader.AssemblyLoadContext.ResolveUsingEvent(AssemblyName assemblyName)
   at System.Runtime.Loader.AssemblyLoadContext.ResolveUsingResolvingEvent(IntPtr gchManagedAssemblyLoadContext, AssemblyName assemblyName)
TpTrace Warning: 0 : 24696, 1, 2025/01/06, 08:59:52.555, 1231296830421, vstest.console.dll, LoaderExceptions: System.IO.FileNotFoundException: Could not load file or assembly 'Microsoft.Bcl.AsyncInterfaces, Version=6.0.0.0, Culture=neutral, PublicKeyToken=cc7b13ffcd2ddd51'. The system cannot find the file specified.
File name: 'Microsoft.Bcl.AsyncInterfaces, Version=6.0.0.0, Culture=neutral, PublicKeyToken=cc7b13ffcd2ddd51'
 ---> System.IO.FileNotFoundException: Could not load file or assembly 'Microsoft.Bcl.AsyncInterfaces, Culture=neutral, PublicKeyToken=null'. The system cannot find the file specified.
File name: 'Microsoft.Bcl.AsyncInterfaces, Culture=neutral, PublicKeyToken=null'
   at System.Reflection.RuntimeAssembly.InternalLoad(AssemblyName assemblyName, StackCrawlMark& stackMark, AssemblyLoadContext assemblyLoadContext, RuntimeAssembly requestingAssembly, Boolean throwOnFileNotFound)
   at System.Reflection.Assembly.Load(AssemblyName assemblyRef)
   at Microsoft.VisualStudio.TestPlatform.Common.ExtensionFramework.TestPluginCache.CurrentDomainAssemblyResolve(Object sender, AssemblyResolveEventArgs args) in /_/src/Microsoft.TestPlatform.Common/ExtensionFramework/TestPluginCache.cs:line 513
   at System.Runtime.Loader.AssemblyLoadContext.GetFirstResolvedAssemblyFromResolvingEvent(AssemblyName assemblyName)
   at System.Runtime.Loader.AssemblyLoadContext.ResolveUsingEvent(AssemblyName assemblyName)
   at System.Runtime.Loader.AssemblyLoadContext.ResolveUsingResolvingEvent(IntPtr gchManagedAssemblyLoadContext, AssemblyName assemblyName)
TpTrace Information: 0 : 24696, 1, 2025/01/06, 08:59:52.555, 1231296831848, vstest.console.dll, AssemblyResolver.OnResolve: Microsoft.TestPlatform.Extensions.BlameDataCollector: Resolving assembly.
TpTrace Information: 0 : 24696, 1, 2025/01/06, 08:59:52.555, 1231296832275, vstest.console.dll, AssemblyResolver.OnResolve: Microsoft.TestPlatform.Extensions.BlameDataCollector: Searching in: 'C:\Program Files\dotnet\sdk\8.0.400\Extensions'.
TpTrace Information: 0 : 24696, 1, 2025/01/06, 08:59:52.556, 1231296843693, vstest.console.dll, AssemblyResolver.OnResolve: Microsoft.TestPlatform.Extensions.BlameDataCollector: Loading assembly 'C:\Program Files\dotnet\sdk\8.0.400\Extensions\Microsoft.TestPlatform.Extensions.BlameDataCollector.dll'.
TpTrace Information: 0 : 24696, 1, 2025/01/06, 08:59:52.558, 1231296863007, vstest.console.dll, AssemblyResolver.OnResolve: Resolved assembly: Microsoft.TestPlatform.Extensions.BlameDataCollector, from path: C:\Program Files\dotnet\sdk\8.0.400\Extensions\Microsoft.TestPlatform.Extensions.BlameDataCollector.dll
TpTrace Verbose: 0 : 24696, 1, 2025/01/06, 08:59:52.558, 1231296864670, vstest.console.dll, MetadataReaderExtensionsHelper: Discovering extensions inside assembly 'Microsoft.TestPlatform.Extensions.BlameDataCollector, Version=15.0.0.0, Culture=neutral, PublicKeyToken=b03f5f7f11d50a3a' file path 'C:\Program Files\dotnet\sdk\8.0.400\Extensions\Microsoft.TestPlatform.Extensions.BlameDataCollector.dll'
TpTrace Information: 0 : 24696, 1, 2025/01/06, 08:59:52.560, 1231296886764, vstest.console.dll, AssemblyResolver.OnResolve: Microsoft.TestPlatform.Extensions.EventLogCollector: Resolving assembly.
TpTrace Information: 0 : 24696, 1, 2025/01/06, 08:59:52.560, 1231296887556, vstest.console.dll, AssemblyResolver.OnResolve: Microsoft.TestPlatform.Extensions.EventLogCollector: Searching in: 'C:\Program Files\dotnet\sdk\8.0.400\Extensions'.
TpTrace Information: 0 : 24696, 1, 2025/01/06, 08:59:52.562, 1231296898012, vstest.console.dll, AssemblyResolver.OnResolve: Microsoft.TestPlatform.Extensions.EventLogCollector: Loading assembly 'C:\Program Files\dotnet\sdk\8.0.400\Extensions\Microsoft.TestPlatform.Extensions.EventLogCollector.dll'.
TpTrace Information: 0 : 24696, 1, 2025/01/06, 08:59:52.563, 1231296914275, vstest.console.dll, AssemblyResolver.OnResolve: Resolved assembly: Microsoft.TestPlatform.Extensions.EventLogCollector, from path: C:\Program Files\dotnet\sdk\8.0.400\Extensions\Microsoft.TestPlatform.Extensions.EventLogCollector.dll
TpTrace Verbose: 0 : 24696, 1, 2025/01/06, 08:59:52.563, 1231296915211, vstest.console.dll, MetadataReaderExtensionsHelper: Discovering extensions inside assembly 'Microsoft.TestPlatform.Extensions.EventLogCollector, Version=15.0.0.0, Culture=neutral, PublicKeyToken=b03f5f7f11d50a3a' file path 'C:\Program Files\dotnet\sdk\8.0.400\Extensions\Microsoft.TestPlatform.Extensions.EventLogCollector.dll'
TpTrace Information: 0 : 24696, 1, 2025/01/06, 08:59:52.570, 1231296978865, vstest.console.dll, AssemblyResolver.OnResolve: Microsoft.TestPlatform.TestHostRuntimeProvider: Resolving assembly.
TpTrace Information: 0 : 24696, 1, 2025/01/06, 08:59:52.570, 1231296979937, vstest.console.dll, AssemblyResolver.OnResolve: Microsoft.TestPlatform.TestHostRuntimeProvider: Searching in: 'C:\Program Files\dotnet\sdk\8.0.400\Extensions'.
TpTrace Information: 0 : 24696, 1, 2025/01/06, 08:59:52.571, 1231296989896, vstest.console.dll, AssemblyResolver.OnResolve: Microsoft.TestPlatform.TestHostRuntimeProvider: Loading assembly 'C:\Program Files\dotnet\sdk\8.0.400\Extensions\Microsoft.TestPlatform.TestHostRuntimeProvider.dll'.
TpTrace Information: 0 : 24696, 1, 2025/01/06, 08:59:52.573, 1231297009709, vstest.console.dll, AssemblyResolver.OnResolve: Resolved assembly: Microsoft.TestPlatform.TestHostRuntimeProvider, from path: C:\Program Files\dotnet\sdk\8.0.400\Extensions\Microsoft.TestPlatform.TestHostRuntimeProvider.dll
TpTrace Verbose: 0 : 24696, 1, 2025/01/06, 08:59:52.573, 1231297010812, vstest.console.dll, MetadataReaderExtensionsHelper: Discovering extensions inside assembly 'Microsoft.TestPlatform.TestHostRuntimeProvider, Version=15.0.0.0, Culture=neutral, PublicKeyToken=b03f5f7f11d50a3a' file path 'C:\Program Files\dotnet\sdk\8.0.400\Extensions\Microsoft.TestPlatform.TestHostRuntimeProvider.dll'
TpTrace Information: 0 : 24696, 1, 2025/01/06, 08:59:52.577, 1231297051808, vstest.console.dll, GetTestExtensionFromType: Register extension with identifier data 'HostProvider://DefaultTestHost' and type 'Microsoft.VisualStudio.TestPlatform.CrossPlatEngine.Hosting.DefaultTestHostManager, Microsoft.TestPlatform.TestHostRuntimeProvider, Version=15.0.0.0, Culture=neutral, PublicKeyToken=b03f5f7f11d50a3a' inside file 'C:\Program Files\dotnet\sdk\8.0.400\Extensions\Microsoft.TestPlatform.TestHostRuntimeProvider.dll'
TpTrace Information: 0 : 24696, 1, 2025/01/06, 08:59:52.577, 1231297055747, vstest.console.dll, GetTestExtensionFromType: Register extension with identifier data 'HostProvider://DotnetTestHost' and type 'Microsoft.VisualStudio.TestPlatform.CrossPlatEngine.Hosting.DotnetTestHostManager, Microsoft.TestPlatform.TestHostRuntimeProvider, Version=15.0.0.0, Culture=neutral, PublicKeyToken=b03f5f7f11d50a3a' inside file 'C:\Program Files\dotnet\sdk\8.0.400\Extensions\Microsoft.TestPlatform.TestHostRuntimeProvider.dll'
TpTrace Information: 0 : 24696, 1, 2025/01/06, 08:59:52.577, 1231297057035, vstest.console.dll, AssemblyResolver.OnResolve: Microsoft.VisualStudio.TestPlatform.Extensions.Html.TestLogger: Resolving assembly.
TpTrace Information: 0 : 24696, 1, 2025/01/06, 08:59:52.577, 1231297057600, vstest.console.dll, AssemblyResolver.OnResolve: Microsoft.VisualStudio.TestPlatform.Extensions.Html.TestLogger: Searching in: 'C:\Program Files\dotnet\sdk\8.0.400\Extensions'.
TpTrace Information: 0 : 24696, 1, 2025/01/06, 08:59:52.579, 1231297072578, vstest.console.dll, AssemblyResolver.OnResolve: Microsoft.VisualStudio.TestPlatform.Extensions.Html.TestLogger: Loading assembly 'C:\Program Files\dotnet\sdk\8.0.400\Extensions\Microsoft.VisualStudio.TestPlatform.Extensions.Html.TestLogger.dll'.
TpTrace Information: 0 : 24696, 1, 2025/01/06, 08:59:52.582, 1231297104635, vstest.console.dll, AssemblyResolver.OnResolve: Resolved assembly: Microsoft.VisualStudio.TestPlatform.Extensions.Html.TestLogger, from path: C:\Program Files\dotnet\sdk\8.0.400\Extensions\Microsoft.VisualStudio.TestPlatform.Extensions.Html.TestLogger.dll
TpTrace Verbose: 0 : 24696, 1, 2025/01/06, 08:59:52.582, 1231297106127, vstest.console.dll, MetadataReaderExtensionsHelper: Discovering extensions inside assembly 'Microsoft.VisualStudio.TestPlatform.Extensions.Html.TestLogger, Version=15.0.0.0, Culture=neutral, PublicKeyToken=b03f5f7f11d50a3a' file path 'C:\Program Files\dotnet\sdk\8.0.400\Extensions\Microsoft.VisualStudio.TestPlatform.Extensions.Html.TestLogger.dll'
TpTrace Information: 0 : 24696, 1, 2025/01/06, 08:59:52.584, 1231297123750, vstest.console.dll, AssemblyResolver.OnResolve: Microsoft.VisualStudio.TestPlatform.Extensions.Trx.TestLogger: Resolving assembly.
TpTrace Information: 0 : 24696, 1, 2025/01/06, 08:59:52.584, 1231297124618, vstest.console.dll, AssemblyResolver.OnResolve: Microsoft.VisualStudio.TestPlatform.Extensions.Trx.TestLogger: Searching in: 'C:\Program Files\dotnet\sdk\8.0.400\Extensions'.
TpTrace Information: 0 : 24696, 1, 2025/01/06, 08:59:52.586, 1231297143578, vstest.console.dll, AssemblyResolver.OnResolve: Microsoft.VisualStudio.TestPlatform.Extensions.Trx.TestLogger: Loading assembly 'C:\Program Files\dotnet\sdk\8.0.400\Extensions\Microsoft.VisualStudio.TestPlatform.Extensions.Trx.TestLogger.dll'.
TpTrace Information: 0 : 24696, 1, 2025/01/06, 08:59:52.588, 1231297162341, vstest.console.dll, AssemblyResolver.OnResolve: Resolved assembly: Microsoft.VisualStudio.TestPlatform.Extensions.Trx.TestLogger, from path: C:\Program Files\dotnet\sdk\8.0.400\Extensions\Microsoft.VisualStudio.TestPlatform.Extensions.Trx.TestLogger.dll
TpTrace Verbose: 0 : 24696, 1, 2025/01/06, 08:59:52.588, 1231297163427, vstest.console.dll, MetadataReaderExtensionsHelper: Discovering extensions inside assembly 'Microsoft.VisualStudio.TestPlatform.Extensions.Trx.TestLogger, Version=15.0.0.0, Culture=neutral, PublicKeyToken=b03f5f7f11d50a3a' file path 'C:\Program Files\dotnet\sdk\8.0.400\Extensions\Microsoft.VisualStudio.TestPlatform.Extensions.Trx.TestLogger.dll'
TpTrace Verbose: 0 : 24696, 1, 2025/01/06, 08:59:52.590, 1231297180782, vstest.console.dll, TestPluginCache: Discovered the extensions using extension path ''.
TpTrace Verbose: 0 : 24696, 1, 2025/01/06, 08:59:52.590, 1231297181894, vstest.console.dll, TestPluginCache: Discoverers are ''.
TpTrace Verbose: 0 : 24696, 1, 2025/01/06, 08:59:52.590, 1231297182310, vstest.console.dll, TestPluginCache: Executors are ''.
TpTrace Verbose: 0 : 24696, 1, 2025/01/06, 08:59:52.590, 1231297182661, vstest.console.dll, TestPluginCache: Executors2 are ''.
TpTrace Verbose: 0 : 24696, 1, 2025/01/06, 08:59:52.590, 1231297182999, vstest.console.dll, TestPluginCache: Setting providers are ''.
TpTrace Verbose: 0 : 24696, 1, 2025/01/06, 08:59:52.590, 1231297183448, vstest.console.dll, TestPluginCache: Loggers are ''.
TpTrace Verbose: 0 : 24696, 1, 2025/01/06, 08:59:52.591, 1231297189924, vstest.console.dll, TestPluginCache: TestHosts are 'HostProvider://DefaultTestHost,HostProvider://DotnetTestHost'.
TpTrace Verbose: 0 : 24696, 1, 2025/01/06, 08:59:52.591, 1231297190925, vstest.console.dll, TestPluginCache: DataCollectors are ''.
TpTrace Information: 0 : 24696, 1, 2025/01/06, 08:59:52.618, 1231297463195, vstest.console.dll, RunTestsArgumentProcessor:Execute: Test run is starting.
TpTrace Verbose: 0 : 24696, 1, 2025/01/06, 08:59:52.618, 1231297464560, vstest.console.dll, RunTestsArgumentProcessor:Execute: Queuing Test run.
TpTrace Information: 0 : 24696, 1, 2025/01/06, 08:59:52.619, 1231297468263, vstest.console.dll, TestRequestManager.RunTests: run tests started.
TpTrace Information: 0 : 24696, 1, 2025/01/06, 08:59:52.678, 1231298060976, vstest.console.dll, AssemblyMetadataProvider.GetFrameworkName: Determined framework:'.NETCoreApp,Version=v6.0' for source: 'C:\Users\Disha.Gupta.PYRAMIDINDIA\source\repos\BankingCustomerManagementSol\UnitTesting\bin\Debug\net6.0\fine-code-coverage\build-output\UnitTesting.dll'
TpTrace Information: 0 : 24696, 1, 2025/01/06, 08:59:52.678, 1231298064261, vstest.console.dll, Determined framework for all sources: .NETCoreApp,Version=v6.0
TpTrace Verbose: 0 : 24696, 1, 2025/01/06, 08:59:52.679, 1231298069583, vstest.console.dll, TestRequestManager.UpdateRunSettingsIfRequired: Default architecture: X64 IsDefaultTargetArchitecture: True, Current process architecture: X64 OperatingSystem: Windows.
TpTrace Information: 0 : 24696, 1, 2025/01/06, 08:59:52.684, 1231298119270, vstest.console.dll, AssemblyMetadataProvider.GetArchitecture: Determined architecture:AnyCPU info for assembly: C:\Users\Disha.Gupta.PYRAMIDINDIA\source\repos\BankingCustomerManagementSol\UnitTesting\bin\Debug\net6.0\fine-code-coverage\build-output\UnitTesting.dll
TpTrace Information: 0 : 24696, 1, 2025/01/06, 08:59:52.684, 1231298120740, vstest.console.dll, Determined platform for source 'C:\Users\Disha.Gupta.PYRAMIDINDIA\source\repos\BankingCustomerManagementSol\UnitTesting\bin\Debug\net6.0\fine-code-coverage\build-output\UnitTesting.dll' was AnyCPU and it will use the default plaform X64.
TpTrace Information: 0 : 24696, 1, 2025/01/06, 08:59:52.684, 1231298121359, vstest.console.dll, None of the sources provided any runnable platform, using the default platform: X64
TpTrace Information: 0 : 24696, 1, 2025/01/06, 08:59:52.684, 1231298123124, vstest.console.dll, Platform was updated to 'X64'.
TpTrace Information: 0 : 24696, 1, 2025/01/06, 08:59:52.690, 1231298178807, vstest.console.dll, InferRunSettingsHelper.IsTestSettingsEnabled: Unable to navigate to RunSettings/MSTest. Current node: RunSettings
TpTrace Information: 0 : 24696, 1, 2025/01/06, 08:59:52.690, 1231298185959, vstest.console.dll, AssemblyResolver.OnResolve: Microsoft.VisualStudio.TestPlatform.Fakes: Resolving assembly.
TpTrace Information: 0 : 24696, 1, 2025/01/06, 08:59:52.690, 1231298186962, vstest.console.dll, AssemblyResolver.OnResolve: Microsoft.VisualStudio.TestPlatform.Fakes: Searching in: 'C:\Program Files\dotnet\sdk\8.0.400\Extensions'.
TpTrace Information: 0 : 24696, 1, 2025/01/06, 08:59:52.691, 1231298187973, vstest.console.dll, AssemblyResolver.OnResolve: Microsoft.VisualStudio.TestPlatform.Fakes: Assembly path does not exist: 'C:\Program Files\dotnet\sdk\8.0.400\Extensions\Microsoft.VisualStudio.TestPlatform.Fakes.dll', returning.
TpTrace Information: 0 : 24696, 1, 2025/01/06, 08:59:52.691, 1231298188843, vstest.console.dll, AssemblyResolver.OnResolve: Microsoft.VisualStudio.TestPlatform.Fakes: Assembly path does not exist: 'C:\Program Files\dotnet\sdk\8.0.400\Extensions\Microsoft.VisualStudio.TestPlatform.Fakes.exe', returning.
TpTrace Information: 0 : 24696, 1, 2025/01/06, 08:59:52.691, 1231298189217, vstest.console.dll, AssemblyResolver.OnResolve: Microsoft.VisualStudio.TestPlatform.Fakes: Searching in: 'C:\Program Files\dotnet\sdk\8.0.400'.
TpTrace Information: 0 : 24696, 1, 2025/01/06, 08:59:52.691, 1231298189815, vstest.console.dll, AssemblyResolver.OnResolve: Microsoft.VisualStudio.TestPlatform.Fakes: Assembly path does not exist: 'C:\Program Files\dotnet\sdk\8.0.400\Microsoft.VisualStudio.TestPlatform.Fakes.dll', returning.
TpTrace Information: 0 : 24696, 1, 2025/01/06, 08:59:52.691, 1231298190311, vstest.console.dll, AssemblyResolver.OnResolve: Microsoft.VisualStudio.TestPlatform.Fakes: Assembly path does not exist: 'C:\Program Files\dotnet\sdk\8.0.400\Microsoft.VisualStudio.TestPlatform.Fakes.exe', returning.
TpTrace Information: 0 : 24696, 1, 2025/01/06, 08:59:52.691, 1231298190647, vstest.console.dll, AssemblyResolver.OnResolve: Microsoft.VisualStudio.TestPlatform.Fakes: Failed to load assembly.
TpTrace Information: 0 : 24696, 1, 2025/01/06, 08:59:52.691, 1231298193315, vstest.console.dll, Failed to load assembly Microsoft.VisualStudio.TestPlatform.Fakes, Version=17.0.0.0, Culture=neutral. Reason:System.IO.FileNotFoundException: Could not load file or assembly 'Microsoft.VisualStudio.TestPlatform.Fakes, Version=17.0.0.0, Culture=neutral, PublicKeyToken=null'. The system cannot find the file specified.
File name: 'Microsoft.VisualStudio.TestPlatform.Fakes, Version=17.0.0.0, Culture=neutral, PublicKeyToken=null'
   at System.Reflection.RuntimeAssembly.InternalLoad(AssemblyName assemblyName, StackCrawlMark& stackMark, AssemblyLoadContext assemblyLoadContext, RuntimeAssembly requestingAssembly, Boolean throwOnFileNotFound)
   at System.Reflection.Assembly.Load(AssemblyName assemblyRef)
   at Microsoft.VisualStudio.TestPlatform.Common.Utilities.FakesUtilities.LoadTestPlatformAssembly() in /_/src/Microsoft.TestPlatform.Common/Utilities/FakesUtilities.cs:line 272
TpTrace Verbose: 0 : 24696, 1, 2025/01/06, 08:59:52.695, 1231298230832, vstest.console.dll, TestPluginCache.DiscoverTestExtensions: finding test extensions in assemblies ends with: TestLogger.dll TPluginInfo: Microsoft.VisualStudio.TestPlatform.Common.ExtensionFramework.Utilities.TestLoggerPluginInformation TExtension: Microsoft.VisualStudio.TestPlatform.ObjectModel.Client.ITestLogger
TpTrace Verbose: 0 : 24696, 1, 2025/01/06, 08:59:52.695, 1231298232229, vstest.console.dll, TestPluginCache.GetExtensionPaths: Filtered extension paths: 
TpTrace Verbose: 0 : 24696, 1, 2025/01/06, 08:59:52.695, 1231298232828, vstest.console.dll, TestPluginCache.GetExtensionPaths: Added default extension paths: C:\Program Files\dotnet\sdk\8.0.400\Extensions\Microsoft.Diagnostics.NETCore.Client.dll
C:\Program Files\dotnet\sdk\8.0.400\Extensions\Microsoft.TestPlatform.Extensions.BlameDataCollector.dll
C:\Program Files\dotnet\sdk\8.0.400\Extensions\Microsoft.TestPlatform.Extensions.EventLogCollector.dll
C:\Program Files\dotnet\sdk\8.0.400\Extensions\Microsoft.TestPlatform.TestHostRuntimeProvider.dll
C:\Program Files\dotnet\sdk\8.0.400\Extensions\Microsoft.VisualStudio.TestPlatform.Extensions.Html.TestLogger.dll
C:\Program Files\dotnet\sdk\8.0.400\Extensions\Microsoft.VisualStudio.TestPlatform.Extensions.Trx.TestLogger.dll
TpTrace Verbose: 0 : 24696, 1, 2025/01/06, 08:59:52.695, 1231298233497, vstest.console.dll, TestPluginCache.GetExtensionPaths: Added unfilterableExtensionPaths: 
TpTrace Information: 0 : 24696, 1, 2025/01/06, 08:59:52.695, 1231298235036, vstest.console.dll, AssemblyResolver.AddSearchDirectories: Adding more searchDirectories C:\Program Files\dotnet\sdk\8.0.400\Extensions,C:\Program Files\dotnet\sdk\8.0.400
TpTrace Verbose: 0 : 24696, 1, 2025/01/06, 08:59:52.695, 1231298235683, vstest.console.dll, TestPluginCache.DiscoverTestExtensions: Discovering the extensions using extension path.
TpTrace Verbose: 0 : 24696, 1, 2025/01/06, 08:59:52.695, 1231298236165, vstest.console.dll, TestPluginCache.GetExtensionPaths: Filtered extension paths: 
TpTrace Verbose: 0 : 24696, 1, 2025/01/06, 08:59:52.695, 1231298236596, vstest.console.dll, TestPluginCache.GetExtensionPaths: Added default extension paths: C:\Program Files\dotnet\sdk\8.0.400\Extensions\Microsoft.Diagnostics.NETCore.Client.dll
C:\Program Files\dotnet\sdk\8.0.400\Extensions\Microsoft.TestPlatform.Extensions.BlameDataCollector.dll
C:\Program Files\dotnet\sdk\8.0.400\Extensions\Microsoft.TestPlatform.Extensions.EventLogCollector.dll
C:\Program Files\dotnet\sdk\8.0.400\Extensions\Microsoft.TestPlatform.TestHostRuntimeProvider.dll
C:\Program Files\dotnet\sdk\8.0.400\Extensions\Microsoft.VisualStudio.TestPlatform.Extensions.Html.TestLogger.dll
C:\Program Files\dotnet\sdk\8.0.400\Extensions\Microsoft.VisualStudio.TestPlatform.Extensions.Trx.TestLogger.dll
TpTrace Verbose: 0 : 24696, 1, 2025/01/06, 08:59:52.695, 1231298237841, vstest.console.dll, TestPluginCache.GetExtensionPaths: Added unfilterableExtensionPaths: 
TpTrace Verbose: 0 : 24696, 1, 2025/01/06, 08:59:52.696, 1231298238505, vstest.console.dll, TestPluginCache.DiscoverTestExtensions: Discovering the extensions using allExtensionPaths: C:\Program Files\dotnet\sdk\8.0.400\Extensions\Microsoft.Diagnostics.NETCore.Client.dll
C:\Program Files\dotnet\sdk\8.0.400\Extensions\Microsoft.TestPlatform.Extensions.BlameDataCollector.dll
C:\Program Files\dotnet\sdk\8.0.400\Extensions\Microsoft.TestPlatform.Extensions.EventLogCollector.dll
C:\Program Files\dotnet\sdk\8.0.400\Extensions\Microsoft.TestPlatform.TestHostRuntimeProvider.dll
C:\Program Files\dotnet\sdk\8.0.400\Extensions\Microsoft.VisualStudio.TestPlatform.Extensions.Html.TestLogger.dll
C:\Program Files\dotnet\sdk\8.0.400\Extensions\Microsoft.VisualStudio.TestPlatform.Extensions.Trx.TestLogger.dll
TpTrace Information: 0 : 24696, 1, 2025/01/06, 08:59:52.696, 1231298240079, vstest.console.dll, AssemblyResolver.AddSearchDirectories: Adding more searchDirectories C:\Program Files\dotnet\sdk\8.0.400\Extensions,C:\Program Files\dotnet\sdk\8.0.400
TpTrace Information: 0 : 24696, 1, 2025/01/06, 08:59:52.696, 1231298240631, vstest.console.dll, AssemblyResolver.AddSearchDirectories: Adding more searchDirectories C:\Program Files\dotnet\sdk\8.0.400\Extensions,C:\Program Files\dotnet\sdk\8.0.400
TpTrace Information: 0 : 24696, 1, 2025/01/06, 08:59:52.696, 1231298241055, vstest.console.dll, AssemblyResolver.AddSearchDirectories: Adding more searchDirectories C:\Program Files\dotnet\sdk\8.0.400\Extensions,C:\Program Files\dotnet\sdk\8.0.400
TpTrace Information: 0 : 24696, 1, 2025/01/06, 08:59:52.696, 1231298241473, vstest.console.dll, AssemblyResolver.AddSearchDirectories: Adding more searchDirectories C:\Program Files\dotnet\sdk\8.0.400\Extensions,C:\Program Files\dotnet\sdk\8.0.400
TpTrace Information: 0 : 24696, 1, 2025/01/06, 08:59:52.696, 1231298241881, vstest.console.dll, AssemblyResolver.AddSearchDirectories: Adding more searchDirectories C:\Program Files\dotnet\sdk\8.0.400\Extensions,C:\Program Files\dotnet\sdk\8.0.400
TpTrace Information: 0 : 24696, 1, 2025/01/06, 08:59:52.696, 1231298242295, vstest.console.dll, AssemblyResolver.AddSearchDirectories: Adding more searchDirectories C:\Program Files\dotnet\sdk\8.0.400\Extensions,C:\Program Files\dotnet\sdk\8.0.400
TpTrace Verbose: 0 : 24696, 1, 2025/01/06, 08:59:52.696, 1231298243302, vstest.console.dll, MetadataReaderExtensionsHelper: Discovering extensions inside assembly 'Microsoft.Diagnostics.NETCore.Client, Version=0.2.10.30701, Culture=neutral, PublicKeyToken=31bf3856ad364e35' file path 'C:\Program Files\dotnet\sdk\8.0.400\Extensions\Microsoft.Diagnostics.NETCore.Client.dll'
TpTrace Information: 0 : 24696, 1, 2025/01/06, 08:59:52.698, 1231298260634, vstest.console.dll, AssemblyResolver.OnResolve: Microsoft.Bcl.AsyncInterfaces: Resolving assembly.
TpTrace Information: 0 : 24696, 1, 2025/01/06, 08:59:52.698, 1231298261396, vstest.console.dll, AssemblyResolver.OnResolve: Microsoft.Bcl.AsyncInterfaces: Resolved from cache.
TpTrace Verbose: 0 : 24696, 1, 2025/01/06, 08:59:52.698, 1231298261825, vstest.console.dll, CurrentDomainAssemblyResolve: Resolving assembly 'Microsoft.Bcl.AsyncInterfaces'.
TpTrace Information: 0 : 24696, 1, 2025/01/06, 08:59:52.698, 1231298262288, vstest.console.dll, AssemblyResolver.OnResolve: Microsoft.Bcl.AsyncInterfaces: Resolving assembly.
TpTrace Information: 0 : 24696, 1, 2025/01/06, 08:59:52.698, 1231298262596, vstest.console.dll, AssemblyResolver.OnResolve: Microsoft.Bcl.AsyncInterfaces: Resolved from cache.
TpTrace Verbose: 0 : 24696, 1, 2025/01/06, 08:59:52.698, 1231298262904, vstest.console.dll, CurrentDomainAssemblyResolve: Resolving assembly 'Microsoft.Bcl.AsyncInterfaces'.
TpTrace Verbose: 0 : 24696, 1, 2025/01/06, 08:59:52.698, 1231298263412, vstest.console.dll, CurrentDomainAssemblyResolve: Failed to resolve assembly 'Microsoft.Bcl.AsyncInterfaces'.
TpTrace Verbose: 0 : 24696, 1, 2025/01/06, 08:59:52.698, 1231298264835, vstest.console.dll, CurrentDomainAssemblyResolve: Failed to resolve assembly 'Microsoft.Bcl.AsyncInterfaces'.
TpTrace Warning: 0 : 24696, 1, 2025/01/06, 08:59:52.698, 1231298267760, vstest.console.dll, TestPluginDiscoverer: Failed to get types from assembly 'Microsoft.Diagnostics.NETCore.Client, Version=0.2.10.30701, Culture=neutral, PublicKeyToken=31bf3856ad364e35'. Error: System.Reflection.ReflectionTypeLoadException: Unable to load one or more of the requested types.
Could not load file or assembly 'Microsoft.Bcl.AsyncInterfaces, Version=6.0.0.0, Culture=neutral, PublicKeyToken=cc7b13ffcd2ddd51'. The system cannot find the file specified.
   at System.Reflection.RuntimeModule.GetTypes(RuntimeModule module)
   at System.Reflection.RuntimeModule.GetTypes()
   at Microsoft.VisualStudio.TestPlatform.Common.ExtensionFramework.TestPluginDiscoverer.GetTestExtensionsFromAssembly[TPluginInfo,TExtension](Assembly assembly, Dictionary`2 pluginInfos, String filePath) in /_/src/Microsoft.TestPlatform.Common/ExtensionFramework/TestPluginDiscoverer.cs:line 158
System.IO.FileNotFoundException: Could not load file or assembly 'Microsoft.Bcl.AsyncInterfaces, Version=6.0.0.0, Culture=neutral, PublicKeyToken=cc7b13ffcd2ddd51'. The system cannot find the file specified.
File name: 'Microsoft.Bcl.AsyncInterfaces, Version=6.0.0.0, Culture=neutral, PublicKeyToken=cc7b13ffcd2ddd51'
 ---> System.IO.FileNotFoundException: Could not load file or assembly 'Microsoft.Bcl.AsyncInterfaces, Culture=neutral, PublicKeyToken=null'. The system cannot find the file specified.
File name: 'Microsoft.Bcl.AsyncInterfaces, Culture=neutral, PublicKeyToken=null'
   at System.Reflection.RuntimeAssembly.InternalLoad(AssemblyName assemblyName, StackCrawlMark& stackMark, AssemblyLoadContext assemblyLoadContext, RuntimeAssembly requestingAssembly, Boolean throwOnFileNotFound)
   at System.Reflection.Assembly.Load(AssemblyName assemblyRef)
   at Microsoft.VisualStudio.TestPlatform.Common.ExtensionFramework.TestPluginCache.CurrentDomainAssemblyResolve(Object sender, AssemblyResolveEventArgs args) in /_/src/Microsoft.TestPlatform.Common/ExtensionFramework/TestPluginCache.cs:line 513
   at System.Runtime.Loader.AssemblyLoadContext.GetFirstResolvedAssemblyFromResolvingEvent(AssemblyName assemblyName)
   at System.Runtime.Loader.AssemblyLoadContext.ResolveUsingEvent(AssemblyName assemblyName)
   at System.Runtime.Loader.AssemblyLoadContext.ResolveUsingResolvingEvent(IntPtr gchManagedAssemblyLoadContext, AssemblyName assemblyName)
TpTrace Warning: 0 : 24696, 1, 2025/01/06, 08:59:52.699, 1231298269124, vstest.console.dll, LoaderExceptions: System.IO.FileNotFoundException: Could not load file or assembly 'Microsoft.Bcl.AsyncInterfaces, Version=6.0.0.0, Culture=neutral, PublicKeyToken=cc7b13ffcd2ddd51'. The system cannot find the file specified.
File name: 'Microsoft.Bcl.AsyncInterfaces, Version=6.0.0.0, Culture=neutral, PublicKeyToken=cc7b13ffcd2ddd51'
 ---> System.IO.FileNotFoundException: Could not load file or assembly 'Microsoft.Bcl.AsyncInterfaces, Culture=neutral, PublicKeyToken=null'. The system cannot find the file specified.
File name: 'Microsoft.Bcl.AsyncInterfaces, Culture=neutral, PublicKeyToken=null'
   at System.Reflection.RuntimeAssembly.InternalLoad(AssemblyName assemblyName, StackCrawlMark& stackMark, AssemblyLoadContext assemblyLoadContext, RuntimeAssembly requestingAssembly, Boolean throwOnFileNotFound)
   at System.Reflection.Assembly.Load(AssemblyName assemblyRef)
   at Microsoft.VisualStudio.TestPlatform.Common.ExtensionFramework.TestPluginCache.CurrentDomainAssemblyResolve(Object sender, AssemblyResolveEventArgs args) in /_/src/Microsoft.TestPlatform.Common/ExtensionFramework/TestPluginCache.cs:line 513
   at System.Runtime.Loader.AssemblyLoadContext.GetFirstResolvedAssemblyFromResolvingEvent(AssemblyName assemblyName)
   at System.Runtime.Loader.AssemblyLoadContext.ResolveUsingEvent(AssemblyName assemblyName)
   at System.Runtime.Loader.AssemblyLoadContext.ResolveUsingResolvingEvent(IntPtr gchManagedAssemblyLoadContext, AssemblyName assemblyName)
TpTrace Verbose: 0 : 24696, 1, 2025/01/06, 08:59:52.699, 1231298269854, vstest.console.dll, MetadataReaderExtensionsHelper: Discovering extensions inside assembly 'Microsoft.TestPlatform.Extensions.BlameDataCollector, Version=15.0.0.0, Culture=neutral, PublicKeyToken=b03f5f7f11d50a3a' file path 'C:\Program Files\dotnet\sdk\8.0.400\Extensions\Microsoft.TestPlatform.Extensions.BlameDataCollector.dll'
TpTrace Information: 0 : 24696, 1, 2025/01/06, 08:59:52.700, 1231298284319, vstest.console.dll, GetTestExtensionFromType: Register extension with identifier data 'logger://Microsoft/TestPlatform/Extensions/Blame/v1' and type 'Microsoft.TestPlatform.Extensions.BlameDataCollector.BlameLogger, Microsoft.TestPlatform.Extensions.BlameDataCollector, Version=15.0.0.0, Culture=neutral, PublicKeyToken=b03f5f7f11d50a3a' inside file 'C:\Program Files\dotnet\sdk\8.0.400\Extensions\Microsoft.TestPlatform.Extensions.BlameDataCollector.dll'
TpTrace Verbose: 0 : 24696, 1, 2025/01/06, 08:59:52.700, 1231298285324, vstest.console.dll, MetadataReaderExtensionsHelper: Discovering extensions inside assembly 'Microsoft.TestPlatform.Extensions.EventLogCollector, Version=15.0.0.0, Culture=neutral, PublicKeyToken=b03f5f7f11d50a3a' file path 'C:\Program Files\dotnet\sdk\8.0.400\Extensions\Microsoft.TestPlatform.Extensions.EventLogCollector.dll'
TpTrace Verbose: 0 : 24696, 1, 2025/01/06, 08:59:52.702, 1231298298392, vstest.console.dll, MetadataReaderExtensionsHelper: Discovering extensions inside assembly 'Microsoft.TestPlatform.TestHostRuntimeProvider, Version=15.0.0.0, Culture=neutral, PublicKeyToken=b03f5f7f11d50a3a' file path 'C:\Program Files\dotnet\sdk\8.0.400\Extensions\Microsoft.TestPlatform.TestHostRuntimeProvider.dll'
TpTrace Verbose: 0 : 24696, 1, 2025/01/06, 08:59:52.703, 1231298309071, vstest.console.dll, MetadataReaderExtensionsHelper: Discovering extensions inside assembly 'Microsoft.VisualStudio.TestPlatform.Extensions.Html.TestLogger, Version=15.0.0.0, Culture=neutral, PublicKeyToken=b03f5f7f11d50a3a' file path 'C:\Program Files\dotnet\sdk\8.0.400\Extensions\Microsoft.VisualStudio.TestPlatform.Extensions.Html.TestLogger.dll'
TpTrace Information: 0 : 24696, 1, 2025/01/06, 08:59:52.704, 1231298322068, vstest.console.dll, GetTestExtensionFromType: Register extension with identifier data 'logger://Microsoft/TestPlatform/HtmlLogger/v1' and type 'Microsoft.VisualStudio.TestPlatform.Extensions.HtmlLogger.HtmlLogger, Microsoft.VisualStudio.TestPlatform.Extensions.Html.TestLogger, Version=15.0.0.0, Culture=neutral, PublicKeyToken=b03f5f7f11d50a3a' inside file 'C:\Program Files\dotnet\sdk\8.0.400\Extensions\Microsoft.VisualStudio.TestPlatform.Extensions.Html.TestLogger.dll'
TpTrace Verbose: 0 : 24696, 1, 2025/01/06, 08:59:52.704, 1231298323024, vstest.console.dll, MetadataReaderExtensionsHelper: Discovering extensions inside assembly 'Microsoft.VisualStudio.TestPlatform.Extensions.Trx.TestLogger, Version=15.0.0.0, Culture=neutral, PublicKeyToken=b03f5f7f11d50a3a' file path 'C:\Program Files\dotnet\sdk\8.0.400\Extensions\Microsoft.VisualStudio.TestPlatform.Extensions.Trx.TestLogger.dll'
TpTrace Information: 0 : 24696, 1, 2025/01/06, 08:59:52.705, 1231298335445, vstest.console.dll, GetTestExtensionFromType: Register extension with identifier data 'logger://Microsoft/TestPlatform/TrxLogger/v1' and type 'Microsoft.VisualStudio.TestPlatform.Extensions.TrxLogger.TrxLogger, Microsoft.VisualStudio.TestPlatform.Extensions.Trx.TestLogger, Version=15.0.0.0, Culture=neutral, PublicKeyToken=b03f5f7f11d50a3a' inside file 'C:\Program Files\dotnet\sdk\8.0.400\Extensions\Microsoft.VisualStudio.TestPlatform.Extensions.Trx.TestLogger.dll'
TpTrace Verbose: 0 : 24696, 1, 2025/01/06, 08:59:52.705, 1231298336341, vstest.console.dll, TestPluginCache: Discovered the extensions using extension path ''.
TpTrace Verbose: 0 : 24696, 1, 2025/01/06, 08:59:52.705, 1231298336706, vstest.console.dll, TestPluginCache: Discoverers are ''.
TpTrace Verbose: 0 : 24696, 1, 2025/01/06, 08:59:52.705, 1231298337016, vstest.console.dll, TestPluginCache: Executors are ''.
TpTrace Verbose: 0 : 24696, 1, 2025/01/06, 08:59:52.705, 1231298337320, vstest.console.dll, TestPluginCache: Executors2 are ''.
TpTrace Verbose: 0 : 24696, 1, 2025/01/06, 08:59:52.705, 1231298337620, vstest.console.dll, TestPluginCache: Setting providers are ''.
TpTrace Verbose: 0 : 24696, 1, 2025/01/06, 08:59:52.706, 1231298338393, vstest.console.dll, TestPluginCache: Loggers are 'logger://Microsoft/TestPlatform/Extensions/Blame/v1,logger://Microsoft/TestPlatform/HtmlLogger/v1,logger://Microsoft/TestPlatform/TrxLogger/v1'.
TpTrace Verbose: 0 : 24696, 1, 2025/01/06, 08:59:52.706, 1231298338829, vstest.console.dll, TestPluginCache: TestHosts are 'HostProvider://DefaultTestHost,HostProvider://DotnetTestHost'.
TpTrace Verbose: 0 : 24696, 1, 2025/01/06, 08:59:52.706, 1231298339136, vstest.console.dll, TestPluginCache: DataCollectors are ''.
TpTrace Information: 0 : 24696, 1, 2025/01/06, 08:59:52.706, 1231298346525, vstest.console.dll, TestPluginManager.CreateTestExtension: Attempting to load test extension: Microsoft.TestPlatform.Extensions.BlameDataCollector.BlameLogger
TpTrace Verbose: 0 : 24696, 1, 2025/01/06, 08:59:52.719, 1231298477660, vstest.console.dll, TestEngine: Initializing Parallel Execution as MaxCpuCount is set to: 1
TpTrace Information: 0 : 24696, 1, 2025/01/06, 08:59:52.721, 1231298494955, vstest.console.dll, TestPluginManager.CreateTestExtension: Attempting to load test extension: Microsoft.VisualStudio.TestPlatform.CrossPlatEngine.Hosting.DefaultTestHostManager
TpTrace Information: 0 : 24696, 1, 2025/01/06, 08:59:52.725, 1231298531782, vstest.console.dll, TestPluginManager.CreateTestExtension: Attempting to load test extension: Microsoft.VisualStudio.TestPlatform.CrossPlatEngine.Hosting.DotnetTestHostManager
TpTrace Verbose: 0 : 24696, 1, 2025/01/06, 08:59:52.725, 1231298534424, vstest.console.dll, TestHostManagerCallbacks.ctor: Forwarding output is enabled.
TpTrace Information: 0 : 24696, 1, 2025/01/06, 08:59:52.726, 1231298538159, vstest.console.dll, InferRunSettingsHelper.IsTestSettingsEnabled: Unable to navigate to RunSettings/MSTest. Current node: RunSettings
TpTrace Verbose: 0 : 24696, 1, 2025/01/06, 08:59:52.727, 1231298554106, vstest.console.dll, ParallelOperationManager.ClearSlots: Clearing all slots. Slots should accept more work: True
TpTrace Verbose: 0 : 24696, 1, 2025/01/06, 08:59:52.728, 1231298560882, vstest.console.dll, ParallelOperationManager.SetOccupiedSlotCount: Setting slot counts AvailableSlotCount = 1, OccupiedSlotCount = 0.
TpTrace Verbose: 0 : 24696, 1, 2025/01/06, 08:59:52.728, 1231298563657, vstest.console.dll, Occupied slots:

TpTrace Verbose: 0 : 24696, 1, 2025/01/06, 08:59:52.731, 1231298592905, vstest.console.dll, TestEngine.GetExecutionManager: Chosen execution manager 'Microsoft.VisualStudio.TestPlatform.CrossPlatEngine.Client.Parallel.ParallelProxyExecutionManager, Microsoft.TestPlatform.CrossPlatEngine, Version=15.0.0.0, Culture=neutral, PublicKeyToken=b03f5f7f11d50a3a' ParallelLevel '1'.
TpTrace Verbose: 0 : 24696, 1, 2025/01/06, 08:59:52.731, 1231298595079, vstest.console.dll, TestPlatform.GetSkipDefaultAdapters: Not skipping default adapters SkipDefaultAdapters was false.
TpTrace Verbose: 0 : 24696, 1, 2025/01/06, 08:59:52.731, 1231298596086, vstest.console.dll, TestRunRequest.ExecuteAsync: Creating test run request.
TpTrace Verbose: 0 : 24696, 1, 2025/01/06, 08:59:52.732, 1231298598110, vstest.console.dll, TestRunRequest.ExecuteAsync: Starting.
TpTrace Information: 0 : 24696, 1, 2025/01/06, 08:59:52.733, 1231298608253, vstest.console.dll, TestRunRequest.ExecuteAsync: Starting run with settings:TestRunCriteria:
   KeepAlive=False,FrequencyOfRunStatsChangeEvent=10,RunStatsChangeEventTimeout=00:00:01.5000000,TestCaseFilter=,TestExecutorLauncher=
   Settingsxml=<RunSettings>
  <RunConfiguration>
    <ResultsDirectory>C:\Users\Disha.Gupta.PYRAMIDINDIA\source\repos\BankingCustomerManagementSol\UnitTesting\bin\Debug\net6.0\fine-code-coverage\coverage-tool-output</ResultsDirectory>
    <TargetPlatform>X64</TargetPlatform>
    <TargetFrameworkVersion>.NETCoreApp,Version=v6.0</TargetFrameworkVersion>
    <DesignMode>False</DesignMode>
    <CollectSourceInformation>False</CollectSourceInformation>
  </RunConfiguration>
  <LoggerRunSettings>
    <Loggers>
      <Logger friendlyName="blame" enabled="True" />
      <Logger friendlyName="Console" uri="logger://microsoft/TestPlatform/ConsoleLogger/v1" assemblyQualifiedName="Microsoft.VisualStudio.TestPlatform.CommandLine.Internal.ConsoleLogger, vstest.console, Version=15.0.0.0, Culture=neutral, PublicKeyToken=b03f5f7f11d50a3a" codeBase="C:\Program Files\dotnet\sdk\8.0.400\vstest.console.dll" enabled="True" />
    </Loggers>
  </LoggerRunSettings>
  <DataCollectionRunSettings>
    <DataCollectors>
      <DataCollector friendlyName="blame" enabled="True">
        <Configuration>
          <ResultsDirectory>C:\Users\Disha.Gupta.PYRAMIDINDIA\source\repos\BankingCustomerManagementSol\UnitTesting\bin\Debug\net6.0\fine-code-coverage\coverage-tool-output</ResultsDirectory>
        </Configuration>
      </DataCollector>
    </DataCollectors>
  </DataCollectionRunSettings>
</RunSettings>

TpTrace Verbose: 0 : 24696, 1, 2025/01/06, 08:59:52.733, 1231298611227, vstest.console.dll, TestRunRequest.ExecuteAsync: Wait for the first run request is over.
TpTrace Verbose: 0 : 24696, 1, 2025/01/06, 08:59:52.736, 1231298639026, vstest.console.dll, MulticastDelegateUtilities.SafeInvoke: TestRun.TestRunStart: Invoking callbacks was skipped because there are no subscribers.
TpTrace Verbose: 0 : 24696, 4, 2025/01/06, 08:59:52.736, 1231298643974, vstest.console.dll, MulticastDelegateUtilities.SafeInvoke: InternalTestLoggerEvents.SendTestRunStart: Invoking callback 1/1 for Microsoft.VisualStudio.TestPlatform.CommandLine.Internal.ConsoleLogger., took 0 ms.
TpTrace Verbose: 0 : 24696, 1, 2025/01/06, 08:59:52.738, 1231298659681, vstest.console.dll, ParallelProxyExecutionManager: Start execution. Total sources: 1
TpTrace Verbose: 0 : 24696, 1, 2025/01/06, 08:59:52.738, 1231298664252, vstest.console.dll, ParallelOperationManager.StartWork: Starting adding 1 workloads.
TpTrace Verbose: 0 : 24696, 1, 2025/01/06, 08:59:52.738, 1231298665150, vstest.console.dll, ParallelOperationManager.ClearSlots: Clearing all slots. Slots should accept more work: True
TpTrace Verbose: 0 : 24696, 1, 2025/01/06, 08:59:52.738, 1231298666381, vstest.console.dll, ParallelOperationManager.SetOccupiedSlotCount: Setting slot counts AvailableSlotCount = 1, OccupiedSlotCount = 0.
TpTrace Verbose: 0 : 24696, 1, 2025/01/06, 08:59:52.738, 1231298666847, vstest.console.dll, Occupied slots:

TpTrace Verbose: 0 : 24696, 1, 2025/01/06, 08:59:52.740, 1231298678670, vstest.console.dll, TestHostManagerCallbacks.ctor: Forwarding output is enabled.
TpTrace Verbose: 0 : 24696, 1, 2025/01/06, 08:59:52.740, 1231298681032, vstest.console.dll, TestRequestSender is acting as server.
TpTrace Verbose: 0 : 24696, 1, 2025/01/06, 08:59:52.742, 1231298702881, vstest.console.dll, ParallelOperationManager.RunWorkInParallel: Adding 1 workload to slot, remaining workloads 0.
TpTrace Verbose: 0 : 24696, 1, 2025/01/06, 08:59:52.742, 1231298703739, vstest.console.dll, ParallelOperationManager.SetOccupiedSlotCount: Setting slot counts AvailableSlotCount = 0, OccupiedSlotCount = 1.
TpTrace Verbose: 0 : 24696, 1, 2025/01/06, 08:59:52.742, 1231298704977, vstest.console.dll, Occupied slots:
0: C:\Users\Disha.Gupta.PYRAMIDINDIA\source\repos\BankingCustomerManagementSol\UnitTesting\bin\Debug\net6.0\fine-code-coverage\build-output\UnitTesting.dll
TpTrace Verbose: 0 : 24696, 1, 2025/01/06, 08:59:52.743, 1231298715796, vstest.console.dll, ParallelOperationManager.RunWorkInParallel: Started host in slot number 0 for work (source): C:\Users\Disha.Gupta.PYRAMIDINDIA\source\repos\BankingCustomerManagementSol\UnitTesting\bin\Debug\net6.0\fine-code-coverage\build-output\UnitTesting.dll.
TpTrace Verbose: 0 : 24696, 1, 2025/01/06, 08:59:52.745, 1231298734642, vstest.console.dll, ParallelOperationManager.RunWorkInParallel: We started 1 work items, which is the max parallel level. Won't start more work.
TpTrace Verbose: 0 : 24696, 1, 2025/01/06, 08:59:52.745, 1231298735954, vstest.console.dll, ParallelOperationManager.RunWorkInParallel: We started 1 work items in here, returning True.
TpTrace Information: 0 : 24696, 1, 2025/01/06, 08:59:52.745, 1231298736667, vstest.console.dll, TestRunRequest.ExecuteAsync: Started.
TpTrace Verbose: 0 : 24696, 5, 2025/01/06, 08:59:52.746, 1231298738034, vstest.console.dll, ParallelProxyExecutionManager.StartTestRunOnConcurrentManager: Initializing uninitialized client. Started clients: 0
TpTrace Verbose: 0 : 24696, 5, 2025/01/06, 08:59:52.746, 1231298740839, vstest.console.dll, DataCollectionRequestSender.InitializeCommunication : Initialize communication. 
TpTrace Verbose: 0 : 24696, 1, 2025/01/06, 08:59:52.746, 1231298744460, vstest.console.dll, TestRunRequest.WaitForCompletion: Waiting with timeout -1.
TpTrace Information: 0 : 24696, 5, 2025/01/06, 08:59:52.761, 1231298893360, vstest.console.dll, Listening on Endpoint : 127.0.0.1:55471
TpTrace Verbose: 0 : 24696, 5, 2025/01/06, 08:59:52.773, 1231299011338, vstest.console.dll, DotnetDataCollectionLauncher: Adding  --runtimeconfig "C:\Program Files\dotnet\sdk\8.0.400\datacollector.runtimeconfig.json" in args
TpTrace Verbose: 0 : 24696, 5, 2025/01/06, 08:59:52.773, 1231299014028, vstest.console.dll, DotnetDataCollectionLauncher: Adding  --depsfile "C:\Program Files\dotnet\sdk\8.0.400\datacollector.deps.json" in args
TpTrace Verbose: 0 : 24696, 5, 2025/01/06, 08:59:52.775, 1231299031197, vstest.console.dll, DotnetDataCollectionLauncher: Full path of dotnet.exe is C:\Program Files\dotnet\dotnet.exe
TpTrace Information: 0 : 24696, 5, 2025/01/06, 08:59:52.795, 1231299235725, vstest.console.dll, ProxyDataCollectionManager.Initialize: Launched datacollector processId: 21012 port: 55471
TpTrace Information: 0 : 24696, 5, 2025/01/06, 08:59:52.796, 1231299239455, vstest.console.dll, ProxyDataCollectionManager.Initialize: waiting for connection with timeout: 90 seconds
TpTrace Verbose: 0 : 24696, 5, 2025/01/06, 08:59:52.796, 1231299240517, vstest.console.dll, DataCollectionRequestSender.WaitForRequestHandlerConnection : Waiting for connection with timeout: 90000
TpTrace Information: 0 : 24696, 7, 2025/01/06, 08:59:53.170, 1231302986663, vstest.console.dll, Using the buffer size of 16384 bytes
TpTrace Verbose: 0 : 24696, 5, 2025/01/06, 08:59:53.170, 1231302987206, vstest.console.dll, SocketCommunicationManager.WaitForClientConnection took: 374 ms, with 90000 ms timeout, and finished with True.
TpTrace Information: 0 : 24696, 7, 2025/01/06, 08:59:53.171, 1231302989368, vstest.console.dll, Accepted Client request and set the flag
TpTrace Verbose: 0 : 24696, 5, 2025/01/06, 08:59:53.171, 1231302992385, vstest.console.dll, ProxyDataCollectionManager.InvokeDataCollectionServiceAction: Starting.
TpTrace Information: 0 : 24696, 5, 2025/01/06, 08:59:53.171, 1231302994458, vstest.console.dll, ProxyDataCollectionManager.BeforeTestRunStart: Get environment variable and port for datacollector processId: 21012 port: 55471
TpTrace Verbose: 0 : 24696, 5, 2025/01/06, 08:59:53.171, 1231302996972, vstest.console.dll, DataCollectionRequestSender.SendBeforeTestRunStartAndGetResult: Send BeforeTestRunStart message with settingsXml <RunSettings><RunConfiguration><ResultsDirectory>C:\Users\Disha.Gupta.PYRAMIDINDIA\source\repos\BankingCustomerManagementSol\UnitTesting\bin\Debug\net6.0\fine-code-coverage\coverage-tool-output</ResultsDirectory><TargetPlatform>X64</TargetPlatform><TargetFrameworkVersion>.NETCoreApp,Version=v6.0</TargetFrameworkVersion><DesignMode>False</DesignMode><CollectSourceInformation>False</CollectSourceInformation><TestAdaptersPaths>C:\Program Files\dotnet\sdk\8.0.400\Extensions</TestAdaptersPaths></RunConfiguration><LoggerRunSettings><Loggers><Logger friendlyName="blame" enabled="True" /><Logger friendlyName="Console" uri="logger://microsoft/TestPlatform/ConsoleLogger/v1" assemblyQualifiedName="Microsoft.VisualStudio.TestPlatform.CommandLine.Internal.ConsoleLogger, vstest.console, Version=15.0.0.0, Culture=neutral, PublicKeyToken=b03f5f7f11d50a3a" codeBase="C:\Program Files\dotnet\sdk\8.0.400\vstest.console.dll" enabled="True" /></Loggers></LoggerRunSettings><DataCollectionRunSettings><DataCollectors><DataCollector friendlyName="blame" enabled="True"><Configuration><ResultsDirectory>C:\Users\Disha.Gupta.PYRAMIDINDIA\source\repos\BankingCustomerManagementSol\UnitTesting\bin\Debug\net6.0\fine-code-coverage\coverage-tool-output</ResultsDirectory></Configuration></DataCollector></DataCollectors></DataCollectionRunSettings></RunSettings> and sources System.Collections.Generic.List`1[System.String]: 
TpTrace Verbose: 0 : 24696, 5, 2025/01/06, 08:59:53.290, 1231304181172, vstest.console.dll, DataCollectionRequestSender.SendBeforeTestRunStartAndGetResult: Received message: (DataCollection.SendMessage) -> {"MessageType":"DataCollection.SendMessage","Payload":{"FriendlyName":null,"Uri":null,"TestCaseId":"00000000-0000-0000-0000-000000000000","Message":"Logging DataCollector Diagnostics in file: C:\\Users\\Disha.Gupta.PYRAMIDINDIA\\source\\repos\\BankingCustomerManagementSol\\UnitTesting\\bin\\Debug\\net6.0\\fine-code-coverage\\coverage-tool-output\\diagnostics.datacollector.25-01-06_08-59-52_77297_5.log","Level":0}}
TpTrace Verbose: 0 : 24696, 5, 2025/01/06, 08:59:53.403, 1231305311070, vstest.console.dll, DataCollectionRequestSender.SendBeforeTestRunStartAndGetResult: Received message: (DataCollection.BeforeTestRunStartResult) -> {"MessageType":"DataCollection.BeforeTestRunStartResult","Payload":{"EnvironmentVariables":{},"DataCollectionEventsPort":55474}}
TpTrace Information: 0 : 24696, 5, 2025/01/06, 08:59:53.407, 1231305348678, vstest.console.dll, ProxyDataCollectionManager.BeforeTestRunStart: SendBeforeTestRunStartAndGetResult successful, env variable from datacollector:   and testhost port: 55474
TpTrace Information: 0 : 24696, 5, 2025/01/06, 08:59:53.407, 1231305349599, vstest.console.dll, ProxyDataCollectionManager.InvokeDataCollectionServiceAction: Completed.
TpTrace Verbose: 0 : 24696, 5, 2025/01/06, 08:59:53.407, 1231305349977, vstest.console.dll, ParallelProxyExecutionManager.StartTestRunOnConcurrentManager: Initializing test run. Started clients: 0
TpTrace Verbose: 0 : 24696, 5, 2025/01/06, 08:59:53.407, 1231305350768, vstest.console.dll, ProxyExecutionManager: Test host is always Lazy initialize.
TpTrace Verbose: 0 : 24696, 5, 2025/01/06, 08:59:53.407, 1231305352453, vstest.console.dll, TestRequestSender.InitializeCommunication: initialize communication. 
TpTrace Information: 0 : 24696, 5, 2025/01/06, 08:59:53.407, 1231305357337, vstest.console.dll, SocketServer.Start: Listening on endpoint : 127.0.0.1:55475
TpTrace Verbose: 0 : 24696, 5, 2025/01/06, 08:59:53.408, 1231305364312, vstest.console.dll, DotnetTestHostmanager.GetTestHostProcessStartInfo: Platform environment 'X64' target architecture 'X64' framework '.NETCoreApp,Version=v6.0' OS 'Windows'
TpTrace Verbose: 0 : 24696, 5, 2025/01/06, 08:59:53.408, 1231305366567, vstest.console.dll, DotnetTestHostmanager: Adding  --runtimeconfig "C:\Users\Disha.Gupta.PYRAMIDINDIA\source\repos\BankingCustomerManagementSol\UnitTesting\bin\Debug\net6.0\fine-code-coverage\build-output\UnitTesting.runtimeconfig.json" in args
TpTrace Verbose: 0 : 24696, 5, 2025/01/06, 08:59:53.408, 1231305367675, vstest.console.dll, DotnetTestHostmanager: Adding  --depsfile "C:\Users\Disha.Gupta.PYRAMIDINDIA\source\repos\BankingCustomerManagementSol\UnitTesting\bin\Debug\net6.0\fine-code-coverage\build-output\UnitTesting.deps.json" in args
TpTrace Verbose: 0 : 24696, 5, 2025/01/06, 08:59:53.409, 1231305370368, vstest.console.dll, DotnetTestHostmanager.IsWinOnArm: Current PROCESSOR_ARCHITECTURE from environment variable 'AMD64'
TpTrace Verbose: 0 : 24696, 5, 2025/01/06, 08:59:53.409, 1231305371103, vstest.console.dll, DotnetTestHostmanager.IsWinOnArm: Is Windows on ARM 'False'
TpTrace Verbose: 0 : 24696, 5, 2025/01/06, 08:59:53.409, 1231305372025, vstest.console.dll, DotnetTestHostManager: testhost.exe found at path: C:\Users\Disha.Gupta.PYRAMIDINDIA\source\repos\BankingCustomerManagementSol\UnitTesting\bin\Debug\net6.0\fine-code-coverage\build-output\testhost.exe
TpTrace Verbose: 0 : 24696, 5, 2025/01/06, 08:59:53.409, 1231305372406, vstest.console.dll, DotnetTestHostmanager: Full path of host exe is C:\Users\Disha.Gupta.PYRAMIDINDIA\source\repos\BankingCustomerManagementSol\UnitTesting\bin\Debug\net6.0\fine-code-coverage\build-output\testhost.exe
TpTrace Verbose: 0 : 24696, 5, 2025/01/06, 08:59:53.409, 1231305373478, vstest.console.dll, DotnetTestHostmanager.LaunchTestHostAsync: Found 'VSTEST_WINAPPHOST_DOTNET_ROOT' in env variables, value 'C:\Program Files\dotnet', forwarding to 'DOTNET_ROOT'
TpTrace Verbose: 0 : 24696, 5, 2025/01/06, 08:59:53.409, 1231305374497, vstest.console.dll, DotnetTestHostManager: Starting process 'C:\Users\Disha.Gupta.PYRAMIDINDIA\source\repos\BankingCustomerManagementSol\UnitTesting\bin\Debug\net6.0\fine-code-coverage\build-output\testhost.exe' with command line ' --runtimeconfig "C:\Users\Disha.Gupta.PYRAMIDINDIA\source\repos\BankingCustomerManagementSol\UnitTesting\bin\Debug\net6.0\fine-code-coverage\build-output\UnitTesting.runtimeconfig.json" --depsfile "C:\Users\Disha.Gupta.PYRAMIDINDIA\source\repos\BankingCustomerManagementSol\UnitTesting\bin\Debug\net6.0\fine-code-coverage\build-output\UnitTesting.deps.json" --port 55475 --endpoint 127.0.0.1:055475 --role client --parentprocessid 24696 --diag "C:\Users\Disha.Gupta.PYRAMIDINDIA\source\repos\BankingCustomerManagementSol\UnitTesting\bin\Debug\net6.0\fine-code-coverage\coverage-tool-output\diagnostics.host.25-01-06_08-59-53_40834_5.log" --tracelevel 4 --datacollectionport 55474 --telemetryoptedin false'
TpTrace Verbose: 0 : 24696, 5, 2025/01/06, 08:59:53.424, 1231305522085, vstest.console.dll, MulticastDelegateUtilities.SafeInvoke: HostProviderEvents.OnHostLaunched: Invoking callback 1/2 for Microsoft.VisualStudio.TestPlatform.CrossPlatEngine.Client.ProxyExecutionManagerWithDataCollection., took 1 ms.
TpTrace Verbose: 0 : 24696, 5, 2025/01/06, 08:59:53.424, 1231305526884, vstest.console.dll, Test Runtime launched
TpTrace Verbose: 0 : 24696, 5, 2025/01/06, 08:59:53.425, 1231305528538, vstest.console.dll, MulticastDelegateUtilities.SafeInvoke: HostProviderEvents.OnHostLaunched: Invoking callback 2/2 for Microsoft.VisualStudio.TestPlatform.CrossPlatEngine.Client.ProxyOperationManager., took 0 ms.
TpTrace Verbose: 0 : 24696, 5, 2025/01/06, 08:59:53.425, 1231305530363, vstest.console.dll, TestRequestSender.WaitForRequestHandlerConnection: waiting for connection with timeout: 90000.
TpTrace Verbose: 0 : 24696, 11, 2025/01/06, 08:59:53.763, 1231308911876, vstest.console.dll, MulticastDelegateUtilities.SafeInvoke: SocketServer: ClientConnected: Invoking callback 1/1 for Microsoft.VisualStudio.TestPlatform.CommunicationUtilities.TestRequestSender., took 0 ms.
TpTrace Verbose: 0 : 24696, 5, 2025/01/06, 08:59:53.763, 1231308912005, vstest.console.dll, TestRequestSender.WaitForRequestHandlerConnection: waiting took 338 ms, with timeout 90000 ms, and result 0, which is success.
TpTrace Verbose: 0 : 24696, 11, 2025/01/06, 08:59:53.763, 1231308914109, vstest.console.dll, SocketServer.OnClientConnected: Client connected for endPoint: 127.0.0.1:55475, starting MessageLoopAsync:
TpTrace Verbose: 0 : 24696, 11, 2025/01/06, 08:59:53.764, 1231308924510, vstest.console.dll, TcpClientExtensions.MessageLoopAsync: Polling on remoteEndPoint: 127.0.0.1:55476 localEndPoint: 127.0.0.1:55475 after 0 ms
TpTrace Verbose: 0 : 24696, 5, 2025/01/06, 08:59:53.765, 1231308934687, vstest.console.dll, TestRequestSender.CheckVersionWithTestHost: Sending check version message: {"MessageType":"ProtocolVersion","Payload":7}
TpTrace Verbose: 0 : 24696, 11, 2025/01/06, 08:59:53.992, 1231311202260, vstest.console.dll, TcpClientExtensions.MessageLoopAsync: NotifyDataAvailable remoteEndPoint: 127.0.0.1:55476 localEndPoint: 127.0.0.1:55475
TpTrace Verbose: 0 : 24696, 11, 2025/01/06, 08:59:53.992, 1231311206197, vstest.console.dll, TestRequestSender.CheckVersionWithTestHost: onMessageReceived received message: (ProtocolVersion) -> {"MessageType":"ProtocolVersion","Payload":7}
TpTrace Verbose: 0 : 24696, 11, 2025/01/06, 08:59:53.993, 1231311214354, vstest.console.dll, MulticastDelegateUtilities.SafeInvoke: LengthPrefixCommunicationChannel: MessageReceived: Invoking callback 1/1 for Microsoft.VisualStudio.TestPlatform.CommunicationUtilities.TestRequestSender+<>c__DisplayClass29_0., took 0 ms.
TpTrace Verbose: 0 : 24696, 5, 2025/01/06, 08:59:53.993, 1231311216039, vstest.console.dll, TestPluginCache.GetExtensionPaths: Filtered extension paths: 
TpTrace Verbose: 0 : 24696, 11, 2025/01/06, 08:59:53.993, 1231311216989, vstest.console.dll, TcpClientExtensions.MessageLoopAsync: Polling on remoteEndPoint: 127.0.0.1:55476 localEndPoint: 127.0.0.1:55475 after 229 ms
TpTrace Verbose: 0 : 24696, 5, 2025/01/06, 08:59:53.994, 1231311218755, vstest.console.dll, TestPluginCache.GetExtensionPaths: Added default extension paths: C:\Program Files\dotnet\sdk\8.0.400\Extensions\Microsoft.Diagnostics.NETCore.Client.dll
C:\Program Files\dotnet\sdk\8.0.400\Extensions\Microsoft.TestPlatform.Extensions.BlameDataCollector.dll
C:\Program Files\dotnet\sdk\8.0.400\Extensions\Microsoft.TestPlatform.Extensions.EventLogCollector.dll
C:\Program Files\dotnet\sdk\8.0.400\Extensions\Microsoft.TestPlatform.TestHostRuntimeProvider.dll
C:\Program Files\dotnet\sdk\8.0.400\Extensions\Microsoft.VisualStudio.TestPlatform.Extensions.Html.TestLogger.dll
C:\Program Files\dotnet\sdk\8.0.400\Extensions\Microsoft.VisualStudio.TestPlatform.Extensions.Trx.TestLogger.dll
TpTrace Verbose: 0 : 24696, 5, 2025/01/06, 08:59:53.994, 1231311220741, vstest.console.dll, TestPluginCache.GetExtensionPaths: Added unfilterableExtensionPaths: 
TpTrace Verbose: 0 : 24696, 5, 2025/01/06, 08:59:53.998, 1231311262763, vstest.console.dll, TestRequestSender.InitializeExecution: Sending initialize execution with message: {"Version":7,"MessageType":"TestExecution.Initialize","Payload":["C:\\Users\\Disha.Gupta.PYRAMIDINDIA\\source\\repos\\BankingCustomerManagementSol\\UnitTesting\\bin\\Debug\\net6.0\\fine-code-coverage\\build-output\\NUnit3.TestAdapter.dll"]}
TpTrace Verbose: 0 : 24696, 5, 2025/01/06, 08:59:53.998, 1231311265348, vstest.console.dll, ParallelProxyExecutionManager.StartTestRunOnConcurrentManager: Execution starting. Started clients: 1
TpTrace Verbose: 0 : 24696, 5, 2025/01/06, 08:59:53.998, 1231311267925, vstest.console.dll, TestRunRequest:SendTestRunMessage: Starting.
TpTrace Verbose: 0 : 24696, 11, 2025/01/06, 08:59:53.999, 1231311269593, vstest.console.dll, TcpClientExtensions.MessageLoopAsync: NotifyDataAvailable remoteEndPoint: 127.0.0.1:55476 localEndPoint: 127.0.0.1:55475
TpTrace Verbose: 0 : 24696, 5, 2025/01/06, 08:59:53.999, 1231311269899, vstest.console.dll, MulticastDelegateUtilities.SafeInvoke: TestRun.LogMessages: Invoking callback 1/1 for Microsoft.VisualStudio.TestPlatform.CommandLine.TestRunResultAggregator., took 0 ms.
TpTrace Information: 0 : 24696, 5, 2025/01/06, 08:59:53.999, 1231311272191, vstest.console.dll, TestRunRequest:SendTestRunMessage: Completed.
TpTrace Verbose: 0 : 24696, 4, 2025/01/06, 08:59:53.999, 1231311272380, vstest.console.dll, MulticastDelegateUtilities.SafeInvoke: InternalTestLoggerEvents.SendTestRunMessage: Invoking callback 1/1 for Microsoft.VisualStudio.TestPlatform.CommandLine.Internal.ConsoleLogger., took 0 ms.
TpTrace Warning: 0 : 24696, 5, 2025/01/06, 08:59:54.000, 1231311278147, vstest.console.dll, InferRunSettingsHelper.MakeRunsettingsCompatible: Removing the following settings: TargetPlatform from RunSettings file. To use those settings please move to latest version of Microsoft.NET.Test.Sdk
TpTrace Verbose: 0 : 24696, 11, 2025/01/06, 08:59:54.000, 1231311287380, vstest.console.dll, TestRequestSender.OnExecutionMessageReceived: Received message: {"Version":7,"MessageType":"TestSession.Message","Payload":{"MessageLevel":0,"Message":"Logging TestHost Diagnostics in file: C:\\Users\\Disha.Gupta.PYRAMIDINDIA\\source\\repos\\BankingCustomerManagementSol\\UnitTesting\\bin\\Debug\\net6.0\\fine-code-coverage\\coverage-tool-output\\diagnostics.host.25-01-06_08-59-53_40834_5.log"}}
TpTrace Verbose: 0 : 24696, 11, 2025/01/06, 08:59:54.004, 1231311319768, vstest.console.dll, TestRunRequest:SendTestRunMessage: Starting.
TpTrace Verbose: 0 : 24696, 4, 2025/01/06, 08:59:54.004, 1231311322648, vstest.console.dll, MulticastDelegateUtilities.SafeInvoke: InternalTestLoggerEvents.SendTestRunMessage: Invoking callback 1/1 for Microsoft.VisualStudio.TestPlatform.CommandLine.Internal.ConsoleLogger., took 0 ms.
TpTrace Verbose: 0 : 24696, 11, 2025/01/06, 08:59:54.004, 1231311322845, vstest.console.dll, MulticastDelegateUtilities.SafeInvoke: TestRun.LogMessages: Invoking callback 1/1 for Microsoft.VisualStudio.TestPlatform.CommandLine.TestRunResultAggregator., took 0 ms.
TpTrace Information: 0 : 24696, 11, 2025/01/06, 08:59:54.004, 1231311324958, vstest.console.dll, TestRunRequest:SendTestRunMessage: Completed.
TpTrace Verbose: 0 : 24696, 11, 2025/01/06, 08:59:54.004, 1231311325844, vstest.console.dll, MulticastDelegateUtilities.SafeInvoke: LengthPrefixCommunicationChannel: MessageReceived: Invoking callback 1/1 for Microsoft.VisualStudio.TestPlatform.CommunicationUtilities.TestRequestSender+<>c__DisplayClass34_0., took 4 ms.
TpTrace Verbose: 0 : 24696, 11, 2025/01/06, 08:59:54.004, 1231311326452, vstest.console.dll, TcpClientExtensions.MessageLoopAsync: Polling on remoteEndPoint: 127.0.0.1:55476 localEndPoint: 127.0.0.1:55475 after 10 ms
TpTrace Verbose: 0 : 24696, 5, 2025/01/06, 08:59:54.009, 1231311375138, vstest.console.dll, TestRequestSender.StartTestRun: Sending test run with message: {"Version":7,"MessageType":"TestExecution.StartWithSources","Payload":{"AdapterSourceMap":{"_none_":["C:\\Users\\Disha.Gupta.PYRAMIDINDIA\\source\\repos\\BankingCustomerManagementSol\\UnitTesting\\bin\\Debug\\net6.0\\fine-code-coverage\\build-output\\UnitTesting.dll"]},"RunSettings":"<RunSettings>\r\n  <RunConfiguration>\r\n    <ResultsDirectory>C:\\Users\\Disha.Gupta.PYRAMIDINDIA\\source\\repos\\BankingCustomerManagementSol\\UnitTesting\\bin\\Debug\\net6.0\\fine-code-coverage\\coverage-tool-output</ResultsDirectory>\r\n    <TargetFrameworkVersion>.NETCoreApp,Version=v6.0</TargetFrameworkVersion>\r\n    <DesignMode>False</DesignMode>\r\n    <CollectSourceInformation>False</CollectSourceInformation>\r\n  </RunConfiguration>\r\n  <LoggerRunSettings>\r\n    <Loggers>\r\n      <Logger friendlyName=\"blame\" enabled=\"True\" />\r\n      <Logger friendlyName=\"Console\" uri=\"logger://microsoft/TestPlatform/ConsoleLogger/v1\" assemblyQualifiedName=\"Microsoft.VisualStudio.TestPlatform.CommandLine.Internal.ConsoleLogger, vstest.console, Version=15.0.0.0, Culture=neutral, PublicKeyToken=b03f5f7f11d50a3a\" codeBase=\"C:\\Program Files\\dotnet\\sdk\\8.0.400\\vstest.console.dll\" enabled=\"True\" />\r\n    </Loggers>\r\n  </LoggerRunSettings>\r\n  <DataCollectionRunSettings>\r\n    <DataCollectors>\r\n      <DataCollector friendlyName=\"blame\" enabled=\"True\">\r\n        <Configuration>\r\n          <ResultsDirectory>C:\\Users\\Disha.Gupta.PYRAMIDINDIA\\source\\repos\\BankingCustomerManagementSol\\UnitTesting\\bin\\Debug\\net6.0\\fine-code-coverage\\coverage-tool-output</ResultsDirectory>\r\n        </Configuration>\r\n      </DataCollector>\r\n    </DataCollectors>\r\n  </DataCollectionRunSettings>\r\n</RunSettings>","TestExecutionContext":{"FrequencyOfRunStatsChangeEvent":10,"RunStatsChangeEventTimeout":"00:00:01.5000000","InIsolation":false,"KeepAlive":false,"AreTestCaseLevelEventsRequired":false,"IsDebug":false,"TestCaseFilter":null,"FilterOptions":null},"Package":null}}
TpTrace Verbose: 0 : 24696, 5, 2025/01/06, 08:59:54.009, 1231311377967, vstest.console.dll, ParallelProxyExecutionManager.StartTestRunOnConcurrentManager: Execution started. Started clients: 1
TpTrace Verbose: 0 : 24696, 11, 2025/01/06, 08:59:54.225, 1231313530388, vstest.console.dll, TcpClientExtensions.MessageLoopAsync: NotifyDataAvailable remoteEndPoint: 127.0.0.1:55476 localEndPoint: 127.0.0.1:55475
TpTrace Verbose: 0 : 24696, 11, 2025/01/06, 08:59:54.225, 1231313532904, vstest.console.dll, TestRequestSender.OnExecutionMessageReceived: Received message: {"Version":7,"MessageType":"TestSession.Message","Payload":{"MessageLevel":0,"Message":"NUnit Adapter 4.4.0.0: Test execution started"}}
TpTrace Verbose: 0 : 24696, 11, 2025/01/06, 08:59:54.225, 1231313535405, vstest.console.dll, TestRunRequest:SendTestRunMessage: Starting.
TpTrace Verbose: 0 : 24696, 11, 2025/01/06, 08:59:54.225, 1231313536895, vstest.console.dll, MulticastDelegateUtilities.SafeInvoke: TestRun.LogMessages: Invoking callback 1/1 for Microsoft.VisualStudio.TestPlatform.CommandLine.TestRunResultAggregator., took 0 ms.
TpTrace Information: 0 : 24696, 11, 2025/01/06, 08:59:54.225, 1231313537634, vstest.console.dll, TestRunRequest:SendTestRunMessage: Completed.
TpTrace Verbose: 0 : 24696, 11, 2025/01/06, 08:59:54.226, 1231313538256, vstest.console.dll, MulticastDelegateUtilities.SafeInvoke: LengthPrefixCommunicationChannel: MessageReceived: Invoking callback 1/1 for Microsoft.VisualStudio.TestPlatform.CommunicationUtilities.TestRequestSender+<>c__DisplayClass34_0., took 0 ms.
TpTrace Verbose: 0 : 24696, 11, 2025/01/06, 08:59:54.226, 1231313538890, vstest.console.dll, TcpClientExtensions.MessageLoopAsync: Polling on remoteEndPoint: 127.0.0.1:55476 localEndPoint: 127.0.0.1:55475 after 221 ms
TpTrace Verbose: 0 : 24696, 4, 2025/01/06, 08:59:54.226, 1231313540260, vstest.console.dll, MulticastDelegateUtilities.SafeInvoke: InternalTestLoggerEvents.SendTestRunMessage: Invoking callback 1/1 for Microsoft.VisualStudio.TestPlatform.CommandLine.Internal.ConsoleLogger., took 0 ms.
TpTrace Verbose: 0 : 24696, 11, 2025/01/06, 08:59:54.263, 1231313911301, vstest.console.dll, TcpClientExtensions.MessageLoopAsync: NotifyDataAvailable remoteEndPoint: 127.0.0.1:55476 localEndPoint: 127.0.0.1:55475
TpTrace Verbose: 0 : 24696, 11, 2025/01/06, 08:59:54.263, 1231313914331, vstest.console.dll, TestRequestSender.OnExecutionMessageReceived: Received message: {"Version":7,"MessageType":"TestSession.Message","Payload":{"MessageLevel":0,"Message":"Running all tests in C:\\Users\\Disha.Gupta.PYRAMIDINDIA\\source\\repos\\BankingCustomerManagementSol\\UnitTesting\\bin\\Debug\\net6.0\\fine-code-coverage\\build-output\\UnitTesting.dll"}}
TpTrace Verbose: 0 : 24696, 11, 2025/01/06, 08:59:54.263, 1231313916584, vstest.console.dll, TestRunRequest:SendTestRunMessage: Starting.
TpTrace Verbose: 0 : 24696, 11, 2025/01/06, 08:59:54.263, 1231313917871, vstest.console.dll, MulticastDelegateUtilities.SafeInvoke: TestRun.LogMessages: Invoking callback 1/1 for Microsoft.VisualStudio.TestPlatform.CommandLine.TestRunResultAggregator., took 0 ms.
TpTrace Information: 0 : 24696, 11, 2025/01/06, 08:59:54.264, 1231313918757, vstest.console.dll, TestRunRequest:SendTestRunMessage: Completed.
TpTrace Verbose: 0 : 24696, 11, 2025/01/06, 08:59:54.264, 1231313919383, vstest.console.dll, MulticastDelegateUtilities.SafeInvoke: LengthPrefixCommunicationChannel: MessageReceived: Invoking callback 1/1 for Microsoft.VisualStudio.TestPlatform.CommunicationUtilities.TestRequestSender+<>c__DisplayClass34_0., took 0 ms.
TpTrace Verbose: 0 : 24696, 11, 2025/01/06, 08:59:54.264, 1231313920035, vstest.console.dll, TcpClientExtensions.MessageLoopAsync: Polling on remoteEndPoint: 127.0.0.1:55476 localEndPoint: 127.0.0.1:55475 after 38 ms
TpTrace Verbose: 0 : 24696, 4, 2025/01/06, 08:59:54.264, 1231313921637, vstest.console.dll, MulticastDelegateUtilities.SafeInvoke: InternalTestLoggerEvents.SendTestRunMessage: Invoking callback 1/1 for Microsoft.VisualStudio.TestPlatform.CommandLine.Internal.ConsoleLogger., took 0 ms.
TpTrace Verbose: 0 : 24696, 11, 2025/01/06, 08:59:54.455, 1231315831244, vstest.console.dll, TcpClientExtensions.MessageLoopAsync: NotifyDataAvailable remoteEndPoint: 127.0.0.1:55476 localEndPoint: 127.0.0.1:55475
TpTrace Verbose: 0 : 24696, 11, 2025/01/06, 08:59:54.455, 1231315835106, vstest.console.dll, TestRequestSender.OnExecutionMessageReceived: Received message: {"Version":7,"MessageType":"TestSession.Message","Payload":{"MessageLevel":0,"Message":"   NUnit3TestExecutor discovered 48 of 48 NUnit test cases using Current Discovery mode, Non-Explicit run"}}
TpTrace Verbose: 0 : 24696, 11, 2025/01/06, 08:59:54.455, 1231315836620, vstest.console.dll, TestRunRequest:SendTestRunMessage: Starting.
TpTrace Verbose: 0 : 24696, 11, 2025/01/06, 08:59:54.455, 1231315837372, vstest.console.dll, MulticastDelegateUtilities.SafeInvoke: TestRun.LogMessages: Invoking callback 1/1 for Microsoft.VisualStudio.TestPlatform.CommandLine.TestRunResultAggregator., took 0 ms.
TpTrace Verbose: 0 : 24696, 4, 2025/01/06, 08:59:54.455, 1231315837852, vstest.console.dll, MulticastDelegateUtilities.SafeInvoke: InternalTestLoggerEvents.SendTestRunMessage: Invoking callback 1/1 for Microsoft.VisualStudio.TestPlatform.CommandLine.Internal.ConsoleLogger., took 0 ms.
TpTrace Information: 0 : 24696, 11, 2025/01/06, 08:59:54.456, 1231315838146, vstest.console.dll, TestRunRequest:SendTestRunMessage: Completed.
TpTrace Verbose: 0 : 24696, 11, 2025/01/06, 08:59:54.456, 1231315839526, vstest.console.dll, MulticastDelegateUtilities.SafeInvoke: LengthPrefixCommunicationChannel: MessageReceived: Invoking callback 1/1 for Microsoft.VisualStudio.TestPlatform.CommunicationUtilities.TestRequestSender+<>c__DisplayClass34_0., took 0 ms.
TpTrace Verbose: 0 : 24696, 11, 2025/01/06, 08:59:54.456, 1231315839962, vstest.console.dll, TcpClientExtensions.MessageLoopAsync: Polling on remoteEndPoint: 127.0.0.1:55476 localEndPoint: 127.0.0.1:55475 after 191 ms
TpTrace Verbose: 0 : 24696, 11, 2025/01/06, 08:59:54.741, 1231318695744, vstest.console.dll, TcpClientExtensions.MessageLoopAsync: NotifyDataAvailable remoteEndPoint: 127.0.0.1:55476 localEndPoint: 127.0.0.1:55475
TpTrace Verbose: 0 : 24696, 11, 2025/01/06, 08:59:54.742, 1231318702504, vstest.console.dll, TestRequestSender.OnExecutionMessageReceived: Received message: {"Version":7,"MessageType":"TestExecution.StatsChange","Payload":{"NewTestResults":[{"TestCase":{"Id":"36f58e46-b80e-43aa-decd-134409426d78","FullyQualifiedName":"UnitTesting.ControllerTest.CustomerControllerTest.AddCustomerControllerException","DisplayName":"AddCustomerControllerException","ExecutorUri":"executor://NUnit3TestExecutor","Source":"C:\\Users\\Disha.Gupta.PYRAMIDINDIA\\source\\repos\\BankingCustomerManagementSol\\UnitTesting\\bin\\Debug\\net6.0\\fine-code-coverage\\build-output\\UnitTesting.dll","CodeFilePath":null,"LineNumber":0,"Properties":[{"Key":{"Id":"NUnit.Seed","Label":"Seed","Category":"","Description":"","Attributes":0,"ValueType":"System.String"},"Value":"1743395712"}]},"Attachments":[],"Outcome":1,"ErrorMessage":null,"ErrorStackTrace":null,"DisplayName":"AddCustomerControllerException","Messages":[],"ComputerName":"5CD413DKR1","Duration":"00:00:00.1401210","StartTime":"2025-01-06T03:29:54.4787601+00:00","EndTime":"2025-01-06T03:29:54.6188311+00:00","Properties":[{"Key":{"Id":"NUnit.Seed","Label":"Seed","Category":"","Description":"","Attributes":0,"ValueType":"System.String"},"Value":"1743395712"}]},{"TestCase":{"Id":"f8553f17-fa66-5eea-e891-213de71325c7","FullyQualifiedName":"UnitTesting.ControllerTest.CustomerControllerTest.AddCustomerControllerTest","DisplayName":"AddCustomerControllerTest","ExecutorUri":"executor://NUnit3TestExecutor","Source":"C:\\Users\\Disha.Gupta.PYRAMIDINDIA\\source\\repos\\BankingCustomerManagementSol\\UnitTesting\\bin\\Debug\\net6.0\\fine-code-coverage\\build-output\\UnitTesting.dll","CodeFilePath":null,"LineNumber":0,"Properties":[{"Key":{"Id":"NUnit.Seed","Label":"Seed","Category":"","Description":"","Attributes":0,"ValueType":"System.String"},"Value":"5984581"}]},"Attachments":[],"Outcome":1,"ErrorMessage":null,"ErrorStackTrace":null,"DisplayName":"AddCustomerControllerTest","Messages":[],"ComputerName":"5CD413DKR1","Duration":"00:00:00.0104980","StartTime":"2025-01-06T03:29:54.6201183+00:00","EndTime":"2025-01-06T03:29:54.6306156+00:00","Properties":[{"Key":{"Id":"NUnit.Seed","Label":"Seed","Category":"","Description":"","Attributes":0,"ValueType":"System.String"},"Value":"5984581"}]},{"TestCase":{"Id":"c6b21252-3144-1379-d44d-8665b7b4d819","FullyQualifiedName":"UnitTesting.ControllerTest.CustomerControllerTest.AddCustomerModelTest","DisplayName":"AddCustomerModelTest","ExecutorUri":"executor://NUnit3TestExecutor","Source":"C:\\Users\\Disha.Gupta.PYRAMIDINDIA\\source\\repos\\BankingCustomerManagementSol\\UnitTesting\\bin\\Debug\\net6.0\\fine-code-coverage\\build-output\\UnitTesting.dll","CodeFilePath":null,"LineNumber":0,"Properties":[{"Key":{"Id":"NUnit.Seed","Label":"Seed","Category":"","Description":"","Attributes":0,"ValueType":"System.String"},"Value":"2069050315"}]},"Attachments":[],"Outcome":1,"ErrorMessage":null,"ErrorStackTrace":null,"DisplayName":"AddCustomerModelTest","Messages":[],"ComputerName":"5CD413DKR1","Duration":"00:00:00.0014290","StartTime":"2025-01-06T03:29:54.6306451+00:00","EndTime":"2025-01-06T03:29:54.6320737+00:00","Properties":[{"Key":{"Id":"NUnit.Seed","Label":"Seed","Category":"","Description":"","Attributes":0,"ValueType":"System.String"},"Value":"2069050315"}]},{"TestCase":{"Id":"78068cb5-4eea-6d68-1a71-58dccb91afd1","FullyQualifiedName":"UnitTesting.ControllerTest.CustomerControllerTest.DeleteCustomerControllerTest","DisplayName":"DeleteCustomerControllerTest","ExecutorUri":"executor://NUnit3TestExecutor","Source":"C:\\Users\\Disha.Gupta.PYRAMIDINDIA\\source\\repos\\BankingCustomerManagementSol\\UnitTesting\\bin\\Debug\\net6.0\\fine-code-coverage\\build-output\\UnitTesting.dll","CodeFilePath":null,"LineNumber":0,"Properties":[{"Key":{"Id":"NUnit.Seed","Label":"Seed","Category":"","Description":"","Attributes":0,"ValueType":"System.String"},"Value":"296186649"}]},"Attachments":[],"Outcome":1,"ErrorMessage":null,"ErrorStackTrace":null,"DisplayName":"DeleteCustomerControllerTest","Messages":[],"ComputerName":"5CD413DKR1","Duration":"00:00:00.0014980","StartTime":"2025-01-06T03:29:54.6320908+00:00","EndTime":"2025-01-06T03:29:54.6335886+00:00","Properties":[{"Key":{"Id":"NUnit.Seed","Label":"Seed","Category":"","Description":"","Attributes":0,"ValueType":"System.String"},"Value":"296186649"}]},{"TestCase":{"Id":"4aba6d5a-cdef-6271-6c89-490dc90c8233","FullyQualifiedName":"UnitTesting.ControllerTest.CustomerControllerTest.DeleteCustomerException","DisplayName":"DeleteCustomerException","ExecutorUri":"executor://NUnit3TestExecutor","Source":"C:\\Users\\Disha.Gupta.PYRAMIDINDIA\\source\\repos\\BankingCustomerManagementSol\\UnitTesting\\bin\\Debug\\net6.0\\fine-code-coverage\\build-output\\UnitTesting.dll","CodeFilePath":null,"LineNumber":0,"Properties":[{"Key":{"Id":"NUnit.Seed","Label":"Seed","Category":"","Description":"","Attributes":0,"ValueType":"System.String"},"Value":"1647710896"}]},"Attachments":[],"Outcome":1,"ErrorMessage":null,"ErrorStackTrace":null,"DisplayName":"DeleteCustomerException","Messages":[],"ComputerName":"5CD413DKR1","Duration":"00:00:00.0008070","StartTime":"2025-01-06T03:29:54.6336041+00:00","EndTime":"2025-01-06T03:29:54.6344105+00:00","Properties":[{"Key":{"Id":"NUnit.Seed","Label":"Seed","Category":"","Description":"","Attributes":0,"ValueType":"System.String"},"Value":"1647710896"}]},{"TestCase":{"Id":"29bbe3ac-44eb-24e6-acb2-8cf1ad6a8ff7","FullyQualifiedName":"UnitTesting.ControllerTest.CustomerControllerTest.FetchCustomerByAccountControllerTest","DisplayName":"FetchCustomerByAccountControllerTest","ExecutorUri":"executor://NUnit3TestExecutor","Source":"C:\\Users\\Disha.Gupta.PYRAMIDINDIA\\source\\repos\\BankingCustomerManagementSol\\UnitTesting\\bin\\Debug\\net6.0\\fine-code-coverage\\build-output\\UnitTesting.dll","CodeFilePath":null,"LineNumber":0,"Properties":[{"Key":{"Id":"NUnit.Seed","Label":"Seed","Category":"","Description":"","Attributes":0,"ValueType":"System.String"},"Value":"1000432171"}]},"Attachments":[],"Outcome":1,"ErrorMessage":null,"ErrorStackTrace":null,"DisplayName":"FetchCustomerByAccountControllerTest","Messages":[],"ComputerName":"5CD413DKR1","Duration":"00:00:00.0013570","StartTime":"2025-01-06T03:29:54.6344248+00:00","EndTime":"2025-01-06T03:29:54.6357819+00:00","Properties":[{"Key":{"Id":"NUnit.Seed","Label":"Seed","Category":"","Description":"","Attributes":0,"ValueType":"System.String"},"Value":"1000432171"}]},{"TestCase":{"Id":"6e504032-09e3-1d94-90e1-d341f3d83ae7","FullyQualifiedName":"UnitTesting.ControllerTest.CustomerControllerTest.FetchCustomerByAccountException","DisplayName":"FetchCustomerByAccountException","ExecutorUri":"executor://NUnit3TestExecutor","Source":"C:\\Users\\Disha.Gupta.PYRAMIDINDIA\\source\\repos\\BankingCustomerManagementSol\\UnitTesting\\bin\\Debug\\net6.0\\fine-code-coverage\\build-output\\UnitTesting.dll","CodeFilePath":null,"LineNumber":0,"Properties":[{"Key":{"Id":"NUnit.Seed","Label":"Seed","Category":"","Description":"","Attributes":0,"ValueType":"System.String"},"Value":"856627585"}]},"Attachments":[],"Outcome":1,"ErrorMessage":null,"ErrorStackTrace":null,"DisplayName":"FetchCustomerByAccountException","Messages":[],"ComputerName":"5CD413DKR1","Duration":"00:00:00.0012720","StartTime":"2025-01-06T03:29:54.6357968+00:00","EndTime":"2025-01-06T03:29:54.637068+00:00","Properties":[{"Key":{"Id":"NUnit.Seed","Label":"Seed","Category":"","Description":"","Attributes":0,"ValueType":"System.String"},"Value":"856627585"}]},{"TestCase":{"Id":"69ba8f52-2db5-181e-ab81-df8096e14518","FullyQualifiedName":"UnitTesting.ControllerTest.CustomerControllerTest.FetchCustomerByFirstNameControllerTest","DisplayName":"FetchCustomerByFirstNameControllerTest","ExecutorUri":"executor://NUnit3TestExecutor","Source":"C:\\Users\\Disha.Gupta.PYRAMIDINDIA\\source\\repos\\BankingCustomerManagementSol\\UnitTesting\\bin\\Debug\\net6.0\\fine-code-coverage\\build-output\\UnitTesting.dll","CodeFilePath":null,"LineNumber":0,"Properties":[{"Key":{"Id":"NUnit.Seed","Label":"Seed","Category":"","Description":"","Attributes":0,"ValueType":"System.String"},"Value":"1715530786"}]},"Attachments":[],"Outcome":1,"ErrorMessage":null,"ErrorStackTrace":null,"DisplayName":"FetchCustomerByFirstNameControllerTest","Messages":[],"ComputerName":"5CD413DKR1","Duration":"00:00:00.0032720","StartTime":"2025-01-06T03:29:54.6370967+00:00","EndTime":"2025-01-06T03:29:54.6403679+00:00","Properties":[{"Key":{"Id":"NUnit.Seed","Label":"Seed","Category":"","Description":"","Attributes":0,"ValueType":"System.String"},"Value":"1715530786"}]},{"TestCase":{"Id":"b6087a07-c7e4-6fbe-7b2f-803641219f63","FullyQualifiedName":"UnitTesting.ControllerTest.CustomerControllerTest.FetchCustomerByFirstNameException","DisplayName":"FetchCustomerByFirstNameException","ExecutorUri":"executor://NUnit3TestExecutor","Source":"C:\\Users\\Disha.Gupta.PYRAMIDINDIA\\source\\repos\\BankingCustomerManagementSol\\UnitTesting\\bin\\Debug\\net6.0\\fine-code-coverage\\build-output\\UnitTesting.dll","CodeFilePath":null,"LineNumber":0,"Properties":[{"Key":{"Id":"NUnit.Seed","Label":"Seed","Category":"","Description":"","Attributes":0,"ValueType":"System.String"},"Value":"685898437"}]},"Attachments":[],"Outcome":1,"ErrorMessage":null,"ErrorStackTrace":null,"DisplayName":"FetchCustomerByFirstNameException","Messages":[],"ComputerName":"5CD413DKR1","Duration":"00:00:00.0010640","StartTime":"2025-01-06T03:29:54.6404171+00:00","EndTime":"2025-01-06T03:29:54.6414812+00:00","Properties":[{"Key":{"Id":"NUnit.Seed","Label":"Seed","Category":"","Description":"","Attributes":0,"ValueType":"System.String"},"Value":"685898437"}]}],"TestRunStatistics":{"ExecutedTests":9,"Stats":{"Passed":9}},"ActiveTests":[{"Id":"5b83f085-58eb-cf00-d90d-dbcec78f4c77","FullyQualifiedName":"UnitTesting.ControllerTest.CustomerControllerTest.FetchCustomerByLastNameControllerTest","DisplayName":"FetchCustomerByLastNameControllerTest","ExecutorUri":"executor://NUnit3TestExecutor","Source":"C:\\Users\\Disha.Gupta.PYRAMIDINDIA\\source\\repos\\BankingCustomerManagementSol\\UnitTesting\\bin\\Debug\\net6.0\\fine-code-coverage\\build-output\\UnitTesting.dll","CodeFilePath":null,"LineNumber":0,"Properties":[{"Key":{"Id":"NUnit.Seed","Label":"Seed","Category":"","Description":"","Attributes":0,"ValueType":"System.String"},"Value":"1178018865"}]}]}}
TpTrace Verbose: 0 : 24696, 11, 2025/01/06, 08:59:54.775, 1231319032830, vstest.console.dll, TestRunRequest:SendTestRunStatsChange: Starting.
TpTrace Verbose: 0 : 24696, 11, 2025/01/06, 08:59:54.775, 1231319035202, vstest.console.dll, InProgress is FetchCustomerByLastNameControllerTest
TpTrace Verbose: 0 : 24696, 11, 2025/01/06, 08:59:54.776, 1231319038249, vstest.console.dll, MulticastDelegateUtilities.SafeInvoke: TestRun.RunStatsChanged: Invoking callbacks was skipped because there are no subscribers.
TpTrace Information: 0 : 24696, 11, 2025/01/06, 08:59:54.776, 1231319039168, vstest.console.dll, TestRunRequest:SendTestRunStatsChange: Completed.
TpTrace Verbose: 0 : 24696, 11, 2025/01/06, 08:59:54.776, 1231319039871, vstest.console.dll, MulticastDelegateUtilities.SafeInvoke: LengthPrefixCommunicationChannel: MessageReceived: Invoking callback 1/1 for Microsoft.VisualStudio.TestPlatform.CommunicationUtilities.TestRequestSender+<>c__DisplayClass34_0., took 33 ms.
TpTrace Verbose: 0 : 24696, 11, 2025/01/06, 08:59:54.776, 1231319040463, vstest.console.dll, TcpClientExtensions.MessageLoopAsync: Polling on remoteEndPoint: 127.0.0.1:55476 localEndPoint: 127.0.0.1:55475 after 320 ms
TpTrace Verbose: 0 : 24696, 4, 2025/01/06, 08:59:54.779, 1231319069286, vstest.console.dll, MulticastDelegateUtilities.SafeInvoke: InternalTestLoggerEvents.SendTestResult: Invoking callback 1/1 for Microsoft.VisualStudio.TestPlatform.CommandLine.Internal.ConsoleLogger., took 3 ms.
TpTrace Verbose: 0 : 24696, 4, 2025/01/06, 08:59:54.779, 1231319076117, vstest.console.dll, MulticastDelegateUtilities.SafeInvoke: InternalTestLoggerEvents.SendTestResult: Invoking callback 1/1 for Microsoft.VisualStudio.TestPlatform.CommandLine.Internal.ConsoleLogger., took 0 ms.
TpTrace Verbose: 0 : 24696, 4, 2025/01/06, 08:59:54.780, 1231319079363, vstest.console.dll, MulticastDelegateUtilities.SafeInvoke: InternalTestLoggerEvents.SendTestResult: Invoking callback 1/1 for Microsoft.VisualStudio.TestPlatform.CommandLine.Internal.ConsoleLogger., took 0 ms.
TpTrace Verbose: 0 : 24696, 4, 2025/01/06, 08:59:54.780, 1231319080864, vstest.console.dll, MulticastDelegateUtilities.SafeInvoke: InternalTestLoggerEvents.SendTestResult: Invoking callback 1/1 for Microsoft.VisualStudio.TestPlatform.CommandLine.Internal.ConsoleLogger., took 0 ms.
TpTrace Verbose: 0 : 24696, 4, 2025/01/06, 08:59:54.780, 1231319082051, vstest.console.dll, MulticastDelegateUtilities.SafeInvoke: InternalTestLoggerEvents.SendTestResult: Invoking callback 1/1 for Microsoft.VisualStudio.TestPlatform.CommandLine.Internal.ConsoleLogger., took 0 ms.
TpTrace Verbose: 0 : 24696, 4, 2025/01/06, 08:59:54.780, 1231319083212, vstest.console.dll, MulticastDelegateUtilities.SafeInvoke: InternalTestLoggerEvents.SendTestResult: Invoking callback 1/1 for Microsoft.VisualStudio.TestPlatform.CommandLine.Internal.ConsoleLogger., took 0 ms.
TpTrace Verbose: 0 : 24696, 4, 2025/01/06, 08:59:54.780, 1231319084265, vstest.console.dll, MulticastDelegateUtilities.SafeInvoke: InternalTestLoggerEvents.SendTestResult: Invoking callback 1/1 for Microsoft.VisualStudio.TestPlatform.CommandLine.Internal.ConsoleLogger., took 0 ms.
TpTrace Verbose: 0 : 24696, 4, 2025/01/06, 08:59:54.780, 1231319085178, vstest.console.dll, MulticastDelegateUtilities.SafeInvoke: InternalTestLoggerEvents.SendTestResult: Invoking callback 1/1 for Microsoft.VisualStudio.TestPlatform.CommandLine.Internal.ConsoleLogger., took 0 ms.
TpTrace Verbose: 0 : 24696, 4, 2025/01/06, 08:59:54.780, 1231319086162, vstest.console.dll, MulticastDelegateUtilities.SafeInvoke: InternalTestLoggerEvents.SendTestResult: Invoking callback 1/1 for Microsoft.VisualStudio.TestPlatform.CommandLine.Internal.ConsoleLogger., took 0 ms.
TpTrace Verbose: 0 : 24696, 11, 2025/01/06, 08:59:54.794, 1231319224556, vstest.console.dll, TcpClientExtensions.MessageLoopAsync: NotifyDataAvailable remoteEndPoint: 127.0.0.1:55476 localEndPoint: 127.0.0.1:55475
TpTrace Verbose: 0 : 24696, 11, 2025/01/06, 08:59:54.795, 1231319232845, vstest.console.dll, TestRequestSender.OnExecutionMessageReceived: Received message: {"Version":7,"MessageType":"TestExecution.StatsChange","Payload":{"NewTestResults":[{"TestCase":{"Id":"5b83f085-58eb-cf00-d90d-dbcec78f4c77","FullyQualifiedName":"UnitTesting.ControllerTest.CustomerControllerTest.FetchCustomerByLastNameControllerTest","DisplayName":"FetchCustomerByLastNameControllerTest","ExecutorUri":"executor://NUnit3TestExecutor","Source":"C:\\Users\\Disha.Gupta.PYRAMIDINDIA\\source\\repos\\BankingCustomerManagementSol\\UnitTesting\\bin\\Debug\\net6.0\\fine-code-coverage\\build-output\\UnitTesting.dll","CodeFilePath":null,"LineNumber":0,"Properties":[{"Key":{"Id":"NUnit.Seed","Label":"Seed","Category":"","Description":"","Attributes":0,"ValueType":"System.String"},"Value":"1178018865"}]},"Attachments":[],"Outcome":1,"ErrorMessage":null,"ErrorStackTrace":null,"DisplayName":"FetchCustomerByLastNameControllerTest","Messages":[],"ComputerName":"5CD413DKR1","Duration":"00:00:00.0029080","StartTime":"2025-01-06T03:29:54.6414965+00:00","EndTime":"2025-01-06T03:29:54.6444037+00:00","Properties":[{"Key":{"Id":"NUnit.Seed","Label":"Seed","Category":"","Description":"","Attributes":0,"ValueType":"System.String"},"Value":"1178018865"}]},{"TestCase":{"Id":"252c0d95-b54c-5173-af8f-603c7ac6ce3b","FullyQualifiedName":"UnitTesting.ControllerTest.CustomerControllerTest.FetchCustomerByLastNameException","DisplayName":"FetchCustomerByLastNameException","ExecutorUri":"executor://NUnit3TestExecutor","Source":"C:\\Users\\Disha.Gupta.PYRAMIDINDIA\\source\\repos\\BankingCustomerManagementSol\\UnitTesting\\bin\\Debug\\net6.0\\fine-code-coverage\\build-output\\UnitTesting.dll","CodeFilePath":null,"LineNumber":0,"Properties":[{"Key":{"Id":"NUnit.Seed","Label":"Seed","Category":"","Description":"","Attributes":0,"ValueType":"System.String"},"Value":"1571183272"}]},"Attachments":[],"Outcome":1,"ErrorMessage":null,"ErrorStackTrace":null,"DisplayName":"FetchCustomerByLastNameException","Messages":[],"ComputerName":"5CD413DKR1","Duration":"00:00:00.0017580","StartTime":"2025-01-06T03:29:54.6444281+00:00","EndTime":"2025-01-06T03:29:54.6461849+00:00","Properties":[{"Key":{"Id":"NUnit.Seed","Label":"Seed","Category":"","Description":"","Attributes":0,"ValueType":"System.String"},"Value":"1571183272"}]},{"TestCase":{"Id":"c856f331-a54f-cf1f-d112-774b1a096473","FullyQualifiedName":"UnitTesting.ControllerTest.CustomerControllerTest.FetchCustomerByPhoneNumberControllerTest","DisplayName":"FetchCustomerByPhoneNumberControllerTest","ExecutorUri":"executor://NUnit3TestExecutor","Source":"C:\\Users\\Disha.Gupta.PYRAMIDINDIA\\source\\repos\\BankingCustomerManagementSol\\UnitTesting\\bin\\Debug\\net6.0\\fine-code-coverage\\build-output\\UnitTesting.dll","CodeFilePath":null,"LineNumber":0,"Properties":[{"Key":{"Id":"NUnit.Seed","Label":"Seed","Category":"","Description":"","Attributes":0,"ValueType":"System.String"},"Value":"2062259275"}]},"Attachments":[],"Outcome":1,"ErrorMessage":null,"ErrorStackTrace":null,"DisplayName":"FetchCustomerByPhoneNumberControllerTest","Messages":[],"ComputerName":"5CD413DKR1","Duration":"00:00:00.0018480","StartTime":"2025-01-06T03:29:54.6462312+00:00","EndTime":"2025-01-06T03:29:54.6480793+00:00","Properties":[{"Key":{"Id":"NUnit.Seed","Label":"Seed","Category":"","Description":"","Attributes":0,"ValueType":"System.String"},"Value":"2062259275"}]},{"TestCase":{"Id":"254cc786-004d-74e5-8dd9-9d03efc6c0b5","FullyQualifiedName":"UnitTesting.ControllerTest.CustomerControllerTest.FetchCustomerByPhoneNumberException","DisplayName":"FetchCustomerByPhoneNumberException","ExecutorUri":"executor://NUnit3TestExecutor","Source":"C:\\Users\\Disha.Gupta.PYRAMIDINDIA\\source\\repos\\BankingCustomerManagementSol\\UnitTesting\\bin\\Debug\\net6.0\\fine-code-coverage\\build-output\\UnitTesting.dll","CodeFilePath":null,"LineNumber":0,"Properties":[{"Key":{"Id":"NUnit.Seed","Label":"Seed","Category":"","Description":"","Attributes":0,"ValueType":"System.String"},"Value":"819571450"}]},"Attachments":[],"Outcome":1,"ErrorMessage":null,"ErrorStackTrace":null,"DisplayName":"FetchCustomerByPhoneNumberException","Messages":[],"ComputerName":"5CD413DKR1","Duration":"00:00:00.0017960","StartTime":"2025-01-06T03:29:54.648095+00:00","EndTime":"2025-01-06T03:29:54.6498903+00:00","Properties":[{"Key":{"Id":"NUnit.Seed","Label":"Seed","Category":"","Description":"","Attributes":0,"ValueType":"System.String"},"Value":"819571450"}]},{"TestCase":{"Id":"92282160-5bd2-889f-5ea9-4f8ff0ef98df","FullyQualifiedName":"UnitTesting.ControllerTest.CustomerControllerTest.GetAllCustomersControllerTest","DisplayName":"GetAllCustomersControllerTest","ExecutorUri":"executor://NUnit3TestExecutor","Source":"C:\\Users\\Disha.Gupta.PYRAMIDINDIA\\source\\repos\\BankingCustomerManagementSol\\UnitTesting\\bin\\Debug\\net6.0\\fine-code-coverage\\build-output\\UnitTesting.dll","CodeFilePath":null,"LineNumber":0,"Properties":[{"Key":{"Id":"NUnit.Seed","Label":"Seed","Category":"","Description":"","Attributes":0,"ValueType":"System.String"},"Value":"98475176"}]},"Attachments":[],"Outcome":1,"ErrorMessage":null,"ErrorStackTrace":null,"DisplayName":"GetAllCustomersControllerTest","Messages":[],"ComputerName":"5CD413DKR1","Duration":"00:00:00.0025760","StartTime":"2025-01-06T03:29:54.6499044+00:00","EndTime":"2025-01-06T03:29:54.6524806+00:00","Properties":[{"Key":{"Id":"NUnit.Seed","Label":"Seed","Category":"","Description":"","Attributes":0,"ValueType":"System.String"},"Value":"98475176"}]},{"TestCase":{"Id":"0b334eaa-a1c5-33bd-d0c4-d662a539e38f","FullyQualifiedName":"UnitTesting.ControllerTest.CustomerControllerTest.GetAllCustomersControllerTestException","DisplayName":"GetAllCustomersControllerTestException","ExecutorUri":"executor://NUnit3TestExecutor","Source":"C:\\Users\\Disha.Gupta.PYRAMIDINDIA\\source\\repos\\BankingCustomerManagementSol\\UnitTesting\\bin\\Debug\\net6.0\\fine-code-coverage\\build-output\\UnitTesting.dll","CodeFilePath":null,"LineNumber":0,"Properties":[{"Key":{"Id":"NUnit.Seed","Label":"Seed","Category":"","Description":"","Attributes":0,"ValueType":"System.String"},"Value":"866212085"}]},"Attachments":[],"Outcome":1,"ErrorMessage":null,"ErrorStackTrace":null,"DisplayName":"GetAllCustomersControllerTestException","Messages":[],"ComputerName":"5CD413DKR1","Duration":"00:00:00.0013890","StartTime":"2025-01-06T03:29:54.6524977+00:00","EndTime":"2025-01-06T03:29:54.6538864+00:00","Properties":[{"Key":{"Id":"NUnit.Seed","Label":"Seed","Category":"","Description":"","Attributes":0,"ValueType":"System.String"},"Value":"866212085"}]},{"TestCase":{"Id":"d579970d-2ad8-3f22-6e9a-b5f27a343f13","FullyQualifiedName":"UnitTesting.ControllerTest.CustomerControllerTest.GetCustomerByIdControllerTest","DisplayName":"GetCustomerByIdControllerTest","ExecutorUri":"executor://NUnit3TestExecutor","Source":"C:\\Users\\Disha.Gupta.PYRAMIDINDIA\\source\\repos\\BankingCustomerManagementSol\\UnitTesting\\bin\\Debug\\net6.0\\fine-code-coverage\\build-output\\UnitTesting.dll","CodeFilePath":null,"LineNumber":0,"Properties":[{"Key":{"Id":"NUnit.Seed","Label":"Seed","Category":"","Description":"","Attributes":0,"ValueType":"System.String"},"Value":"834393793"}]},"Attachments":[],"Outcome":1,"ErrorMessage":null,"ErrorStackTrace":null,"DisplayName":"GetCustomerByIdControllerTest","Messages":[],"ComputerName":"5CD413DKR1","Duration":"00:00:00.0014330","StartTime":"2025-01-06T03:29:54.6539009+00:00","EndTime":"2025-01-06T03:29:54.6553334+00:00","Properties":[{"Key":{"Id":"NUnit.Seed","Label":"Seed","Category":"","Description":"","Attributes":0,"ValueType":"System.String"},"Value":"834393793"}]},{"TestCase":{"Id":"3d557cd2-f2c7-ac61-1b67-c815df4bd22a","FullyQualifiedName":"UnitTesting.ControllerTest.CustomerControllerTest.GetCustomerByIdControllerTestException","DisplayName":"GetCustomerByIdControllerTestException","ExecutorUri":"executor://NUnit3TestExecutor","Source":"C:\\Users\\Disha.Gupta.PYRAMIDINDIA\\source\\repos\\BankingCustomerManagementSol\\UnitTesting\\bin\\Debug\\net6.0\\fine-code-coverage\\build-output\\UnitTesting.dll","CodeFilePath":null,"LineNumber":0,"Properties":[{"Key":{"Id":"NUnit.Seed","Label":"Seed","Category":"","Description":"","Attributes":0,"ValueType":"System.String"},"Value":"565990038"}]},"Attachments":[],"Outcome":1,"ErrorMessage":null,"ErrorStackTrace":null,"DisplayName":"GetCustomerByIdControllerTestException","Messages":[],"ComputerName":"5CD413DKR1","Duration":"00:00:00.0014910","StartTime":"2025-01-06T03:29:54.6553467+00:00","EndTime":"2025-01-06T03:29:54.6568379+00:00","Properties":[{"Key":{"Id":"NUnit.Seed","Label":"Seed","Category":"","Description":"","Attributes":0,"ValueType":"System.String"},"Value":"565990038"}]},{"TestCase":{"Id":"bb4eb301-67bd-6f3c-d9c9-0deebc0e4e4e","FullyQualifiedName":"UnitTesting.ControllerTest.CustomerControllerTest.UpdateCustomerControllerTest","DisplayName":"UpdateCustomerControllerTest","ExecutorUri":"executor://NUnit3TestExecutor","Source":"C:\\Users\\Disha.Gupta.PYRAMIDINDIA\\source\\repos\\BankingCustomerManagementSol\\UnitTesting\\bin\\Debug\\net6.0\\fine-code-coverage\\build-output\\UnitTesting.dll","CodeFilePath":null,"LineNumber":0,"Properties":[{"Key":{"Id":"NUnit.Seed","Label":"Seed","Category":"","Description":"","Attributes":0,"ValueType":"System.String"},"Value":"1940326797"}]},"Attachments":[],"Outcome":1,"ErrorMessage":null,"ErrorStackTrace":null,"DisplayName":"UpdateCustomerControllerTest","Messages":[],"ComputerName":"5CD413DKR1","Duration":"00:00:00.0031430","StartTime":"2025-01-06T03:29:54.6568543+00:00","EndTime":"2025-01-06T03:29:54.6599966+00:00","Properties":[{"Key":{"Id":"NUnit.Seed","Label":"Seed","Category":"","Description":"","Attributes":0,"ValueType":"System.String"},"Value":"1940326797"}]}],"TestRunStatistics":{"ExecutedTests":18,"Stats":{"Passed":18}},"ActiveTests":[{"Id":"c5e781b7-9a8d-e685-1cb9-2cda1d29f19b","FullyQualifiedName":"UnitTesting.ControllerTest.CustomerControllerTest.UpdateCustomerException","DisplayName":"UpdateCustomerException","ExecutorUri":"executor://NUnit3TestExecutor","Source":"C:\\Users\\Disha.Gupta.PYRAMIDINDIA\\source\\repos\\BankingCustomerManagementSol\\UnitTesting\\bin\\Debug\\net6.0\\fine-code-coverage\\build-output\\UnitTesting.dll","CodeFilePath":null,"LineNumber":0,"Properties":[{"Key":{"Id":"NUnit.Seed","Label":"Seed","Category":"","Description":"","Attributes":0,"ValueType":"System.String"},"Value":"1358197237"}]}]}}
TpTrace Verbose: 0 : 24696, 11, 2025/01/06, 08:59:54.797, 1231319257692, vstest.console.dll, TestRunRequest:SendTestRunStatsChange: Starting.
TpTrace Verbose: 0 : 24696, 11, 2025/01/06, 08:59:54.798, 1231319258966, vstest.console.dll, InProgress is UpdateCustomerException
TpTrace Verbose: 0 : 24696, 11, 2025/01/06, 08:59:54.798, 1231319260689, vstest.console.dll, MulticastDelegateUtilities.SafeInvoke: TestRun.RunStatsChanged: Invoking callbacks was skipped because there are no subscribers.
TpTrace Verbose: 0 : 24696, 4, 2025/01/06, 08:59:54.798, 1231319261726, vstest.console.dll, MulticastDelegateUtilities.SafeInvoke: InternalTestLoggerEvents.SendTestResult: Invoking callback 1/1 for Microsoft.VisualStudio.TestPlatform.CommandLine.Internal.ConsoleLogger., took 0 ms.
TpTrace Information: 0 : 24696, 11, 2025/01/06, 08:59:54.798, 1231319261848, vstest.console.dll, TestRunRequest:SendTestRunStatsChange: Completed.
TpTrace Verbose: 0 : 24696, 11, 2025/01/06, 08:59:54.798, 1231319265510, vstest.console.dll, MulticastDelegateUtilities.SafeInvoke: LengthPrefixCommunicationChannel: MessageReceived: Invoking callback 1/1 for Microsoft.VisualStudio.TestPlatform.CommunicationUtilities.TestRequestSender+<>c__DisplayClass34_0., took 3 ms.
TpTrace Verbose: 0 : 24696, 4, 2025/01/06, 08:59:54.798, 1231319265008, vstest.console.dll, MulticastDelegateUtilities.SafeInvoke: InternalTestLoggerEvents.SendTestResult: Invoking callback 1/1 for Microsoft.VisualStudio.TestPlatform.CommandLine.Internal.ConsoleLogger., took 0 ms.
TpTrace Verbose: 0 : 24696, 11, 2025/01/06, 08:59:54.798, 1231319266413, vstest.console.dll, TcpClientExtensions.MessageLoopAsync: Polling on remoteEndPoint: 127.0.0.1:55476 localEndPoint: 127.0.0.1:55475 after 22 ms
TpTrace Verbose: 0 : 24696, 4, 2025/01/06, 08:59:54.799, 1231319267980, vstest.console.dll, MulticastDelegateUtilities.SafeInvoke: InternalTestLoggerEvents.SendTestResult: Invoking callback 1/1 for Microsoft.VisualStudio.TestPlatform.CommandLine.Internal.ConsoleLogger., took 0 ms.
TpTrace Verbose: 0 : 24696, 4, 2025/01/06, 08:59:54.799, 1231319271054, vstest.console.dll, MulticastDelegateUtilities.SafeInvoke: InternalTestLoggerEvents.SendTestResult: Invoking callback 1/1 for Microsoft.VisualStudio.TestPlatform.CommandLine.Internal.ConsoleLogger., took 0 ms.
TpTrace Verbose: 0 : 24696, 4, 2025/01/06, 08:59:54.799, 1231319274013, vstest.console.dll, MulticastDelegateUtilities.SafeInvoke: InternalTestLoggerEvents.SendTestResult: Invoking callback 1/1 for Microsoft.VisualStudio.TestPlatform.CommandLine.Internal.ConsoleLogger., took 0 ms.
TpTrace Verbose: 0 : 24696, 4, 2025/01/06, 08:59:54.799, 1231319275220, vstest.console.dll, MulticastDelegateUtilities.SafeInvoke: InternalTestLoggerEvents.SendTestResult: Invoking callback 1/1 for Microsoft.VisualStudio.TestPlatform.CommandLine.Internal.ConsoleLogger., took 0 ms.
TpTrace Verbose: 0 : 24696, 4, 2025/01/06, 08:59:54.799, 1231319276274, vstest.console.dll, MulticastDelegateUtilities.SafeInvoke: InternalTestLoggerEvents.SendTestResult: Invoking callback 1/1 for Microsoft.VisualStudio.TestPlatform.CommandLine.Internal.ConsoleLogger., took 0 ms.
TpTrace Verbose: 0 : 24696, 4, 2025/01/06, 08:59:54.799, 1231319277285, vstest.console.dll, MulticastDelegateUtilities.SafeInvoke: InternalTestLoggerEvents.SendTestResult: Invoking callback 1/1 for Microsoft.VisualStudio.TestPlatform.CommandLine.Internal.ConsoleLogger., took 0 ms.
TpTrace Verbose: 0 : 24696, 4, 2025/01/06, 08:59:54.800, 1231319278207, vstest.console.dll, MulticastDelegateUtilities.SafeInvoke: InternalTestLoggerEvents.SendTestResult: Invoking callback 1/1 for Microsoft.VisualStudio.TestPlatform.CommandLine.Internal.ConsoleLogger., took 0 ms.
TpTrace Verbose: 0 : 24696, 11, 2025/01/06, 08:59:55.783, 1231329110708, vstest.console.dll, TcpClientExtensions.MessageLoopAsync: NotifyDataAvailable remoteEndPoint: 127.0.0.1:55476 localEndPoint: 127.0.0.1:55475
TpTrace Verbose: 0 : 24696, 11, 2025/01/06, 08:59:55.783, 1231329115951, vstest.console.dll, TestRequestSender.OnExecutionMessageReceived: Received message: {"Version":7,"MessageType":"TestExecution.StatsChange","Payload":{"NewTestResults":[{"TestCase":{"Id":"c5e781b7-9a8d-e685-1cb9-2cda1d29f19b","FullyQualifiedName":"UnitTesting.ControllerTest.CustomerControllerTest.UpdateCustomerException","DisplayName":"UpdateCustomerException","ExecutorUri":"executor://NUnit3TestExecutor","Source":"C:\\Users\\Disha.Gupta.PYRAMIDINDIA\\source\\repos\\BankingCustomerManagementSol\\UnitTesting\\bin\\Debug\\net6.0\\fine-code-coverage\\build-output\\UnitTesting.dll","CodeFilePath":null,"LineNumber":0,"Properties":[{"Key":{"Id":"NUnit.Seed","Label":"Seed","Category":"","Description":"","Attributes":0,"ValueType":"System.String"},"Value":"1358197237"}]},"Attachments":[],"Outcome":1,"ErrorMessage":null,"ErrorStackTrace":null,"DisplayName":"UpdateCustomerException","Messages":[],"ComputerName":"5CD413DKR1","Duration":"00:00:00.0034870","StartTime":"2025-01-06T03:29:54.660042+00:00","EndTime":"2025-01-06T03:29:54.6635284+00:00","Properties":[{"Key":{"Id":"NUnit.Seed","Label":"Seed","Category":"","Description":"","Attributes":0,"ValueType":"System.String"},"Value":"1358197237"}]},{"TestCase":{"Id":"d31144b1-eda2-b3e0-0450-b6fc1e6cf37d","FullyQualifiedName":"UnitTesting.ControllerTest.CustomerControllerTest.UpdateCustomerModelTest","DisplayName":"UpdateCustomerModelTest","ExecutorUri":"executor://NUnit3TestExecutor","Source":"C:\\Users\\Disha.Gupta.PYRAMIDINDIA\\source\\repos\\BankingCustomerManagementSol\\UnitTesting\\bin\\Debug\\net6.0\\fine-code-coverage\\build-output\\UnitTesting.dll","CodeFilePath":null,"LineNumber":0,"Properties":[{"Key":{"Id":"NUnit.Seed","Label":"Seed","Category":"","Description":"","Attributes":0,"ValueType":"System.String"},"Value":"1015909744"}]},"Attachments":[],"Outcome":1,"ErrorMessage":null,"ErrorStackTrace":null,"DisplayName":"UpdateCustomerModelTest","Messages":[],"ComputerName":"5CD413DKR1","Duration":"00:00:00.0010160","StartTime":"2025-01-06T03:29:54.6635521+00:00","EndTime":"2025-01-06T03:29:54.6645677+00:00","Properties":[{"Key":{"Id":"NUnit.Seed","Label":"Seed","Category":"","Description":"","Attributes":0,"ValueType":"System.String"},"Value":"1015909744"}]},{"TestCase":{"Id":"5cbc6502-fba3-eb43-054a-00708bd4409e","FullyQualifiedName":"UnitTesting.RepositoryTest.CustomerRepositoryTest.AddTest","DisplayName":"AddTest","ExecutorUri":"executor://NUnit3TestExecutor","Source":"C:\\Users\\Disha.Gupta.PYRAMIDINDIA\\source\\repos\\BankingCustomerManagementSol\\UnitTesting\\bin\\Debug\\net6.0\\fine-code-coverage\\build-output\\UnitTesting.dll","CodeFilePath":null,"LineNumber":0,"Properties":[{"Key":{"Id":"NUnit.Seed","Label":"Seed","Category":"","Description":"","Attributes":0,"ValueType":"System.String"},"Value":"618345528"}]},"Attachments":[],"Outcome":1,"ErrorMessage":null,"ErrorStackTrace":null,"DisplayName":"AddTest","Messages":[],"ComputerName":"5CD413DKR1","Duration":"00:00:00.7852640","StartTime":"2025-01-06T03:29:54.6749258+00:00","EndTime":"2025-01-06T03:29:55.4601891+00:00","Properties":[{"Key":{"Id":"NUnit.Seed","Label":"Seed","Category":"","Description":"","Attributes":0,"ValueType":"System.String"},"Value":"618345528"}]},{"TestCase":{"Id":"a7e6a6ed-2c5e-92e9-113b-29fd581bd104","FullyQualifiedName":"UnitTesting.RepositoryTest.CustomerRepositoryTest.GetAllTest","DisplayName":"GetAllTest","ExecutorUri":"executor://NUnit3TestExecutor","Source":"C:\\Users\\Disha.Gupta.PYRAMIDINDIA\\source\\repos\\BankingCustomerManagementSol\\UnitTesting\\bin\\Debug\\net6.0\\fine-code-coverage\\build-output\\UnitTesting.dll","CodeFilePath":null,"LineNumber":0,"Properties":[{"Key":{"Id":"NUnit.Seed","Label":"Seed","Category":"","Description":"","Attributes":0,"ValueType":"System.String"},"Value":"840392079"}]},"Attachments":[],"Outcome":1,"ErrorMessage":null,"ErrorStackTrace":null,"DisplayName":"GetAllTest","Messages":[],"ComputerName":"5CD413DKR1","Duration":"00:00:00.1771650","StartTime":"2025-01-06T03:29:55.4602335+00:00","EndTime":"2025-01-06T03:29:55.6373978+00:00","Properties":[{"Key":{"Id":"NUnit.Seed","Label":"Seed","Category":"","Description":"","Attributes":0,"ValueType":"System.String"},"Value":"840392079"}]},{"TestCase":{"Id":"566c6321-a2b8-cd04-b7d3-5cc9f69c33be","FullyQualifiedName":"UnitTesting.RepositoryTest.CustomerRepositoryTest.GetAllTestException","DisplayName":"GetAllTestException","ExecutorUri":"executor://NUnit3TestExecutor","Source":"C:\\Users\\Disha.Gupta.PYRAMIDINDIA\\source\\repos\\BankingCustomerManagementSol\\UnitTesting\\bin\\Debug\\net6.0\\fine-code-coverage\\build-output\\UnitTesting.dll","CodeFilePath":null,"LineNumber":0,"Properties":[{"Key":{"Id":"NUnit.Seed","Label":"Seed","Category":"","Description":"","Attributes":0,"ValueType":"System.String"},"Value":"1535459487"}]},"Attachments":[],"Outcome":2,"ErrorMessage":"  Expected: <BankingCustomerManagement.Exceptions.CollectionEmptyException>\r\n  But was:  null\r\n","ErrorStackTrace":"   at UnitTesting.RepositoryTest.CustomerRepositoryTest.GetAllTestException() in C:\\Users\\Disha.Gupta.PYRAMIDINDIA\\source\\repos\\BankingCustomerManagementSol\\UnitTesting\\RepositoryTest\\CustomerRepositoryTest.cs:line 108\r\n\n1)    at UnitTesting.RepositoryTest.CustomerRepositoryTest.GetAllTestException() in C:\\Users\\Disha.Gupta.PYRAMIDINDIA\\source\\repos\\BankingCustomerManagementSol\\UnitTesting\\RepositoryTest\\CustomerRepositoryTest.cs:line 108\r\n\n","DisplayName":"GetAllTestException","Messages":[],"ComputerName":"5CD413DKR1","Duration":"00:00:00.0612830","StartTime":"2025-01-06T03:29:55.6374315+00:00","EndTime":"2025-01-06T03:29:55.6987136+00:00","Properties":[{"Key":{"Id":"NUnit.Seed","Label":"Seed","Category":"","Description":"","Attributes":0,"ValueType":"System.String"},"Value":"1535459487"}]},{"TestCase":{"Id":"2e72488e-c9ed-6e6d-a930-c4112d9ea337","FullyQualifiedName":"UnitTesting.RepositoryTest.CustomerRepositoryTest.TestAddException","DisplayName":"TestAddException","ExecutorUri":"executor://NUnit3TestExecutor","Source":"C:\\Users\\Disha.Gupta.PYRAMIDINDIA\\source\\repos\\BankingCustomerManagementSol\\UnitTesting\\bin\\Debug\\net6.0\\fine-code-coverage\\build-output\\UnitTesting.dll","CodeFilePath":null,"LineNumber":0,"Properties":[{"Key":{"Id":"NUnit.Seed","Label":"Seed","Category":"","Description":"","Attributes":0,"ValueType":"System.String"},"Value":"2072038297"}]},"Attachments":[],"Outcome":1,"ErrorMessage":null,"ErrorStackTrace":null,"DisplayName":"TestAddException","Messages":[],"ComputerName":"5CD413DKR1","Duration":"00:00:00.0011360","StartTime":"2025-01-06T03:29:55.6988333+00:00","EndTime":"2025-01-06T03:29:55.6999693+00:00","Properties":[{"Key":{"Id":"NUnit.Seed","Label":"Seed","Category":"","Description":"","Attributes":0,"ValueType":"System.String"},"Value":"2072038297"}]},{"TestCase":{"Id":"a0fae648-5f77-1324-d709-dc870b5531c2","FullyQualifiedName":"UnitTesting.RepositoryTest.CustomerRepositoryTest.TestDelete","DisplayName":"TestDelete","ExecutorUri":"executor://NUnit3TestExecutor","Source":"C:\\Users\\Disha.Gupta.PYRAMIDINDIA\\source\\repos\\BankingCustomerManagementSol\\UnitTesting\\bin\\Debug\\net6.0\\fine-code-coverage\\build-output\\UnitTesting.dll","CodeFilePath":null,"LineNumber":0,"Properties":[{"Key":{"Id":"NUnit.Seed","Label":"Seed","Category":"","Description":"","Attributes":0,"ValueType":"System.String"},"Value":"2141520114"}]},"Attachments":[],"Outcome":1,"ErrorMessage":null,"ErrorStackTrace":null,"DisplayName":"TestDelete","Messages":[],"ComputerName":"5CD413DKR1","Duration":"00:00:00.0681320","StartTime":"2025-01-06T03:29:55.699986+00:00","EndTime":"2025-01-06T03:29:55.7681173+00:00","Properties":[{"Key":{"Id":"NUnit.Seed","Label":"Seed","Category":"","Description":"","Attributes":0,"ValueType":"System.String"},"Value":"2141520114"}]},{"TestCase":{"Id":"f234d168-9509-6d3c-3c80-865f1e83302c","FullyQualifiedName":"UnitTesting.RepositoryTest.CustomerRepositoryTest.TestDeleteException","DisplayName":"TestDeleteException","ExecutorUri":"executor://NUnit3TestExecutor","Source":"C:\\Users\\Disha.Gupta.PYRAMIDINDIA\\source\\repos\\BankingCustomerManagementSol\\UnitTesting\\bin\\Debug\\net6.0\\fine-code-coverage\\build-output\\UnitTesting.dll","CodeFilePath":null,"LineNumber":0,"Properties":[{"Key":{"Id":"NUnit.Seed","Label":"Seed","Category":"","Description":"","Attributes":0,"ValueType":"System.String"},"Value":"1199709910"}]},"Attachments":[],"Outcome":1,"ErrorMessage":null,"ErrorStackTrace":null,"DisplayName":"TestDeleteException","Messages":[],"ComputerName":"5CD413DKR1","Duration":"00:00:00.0045920","StartTime":"2025-01-06T03:29:55.768165+00:00","EndTime":"2025-01-06T03:29:55.7727561+00:00","Properties":[{"Key":{"Id":"NUnit.Seed","Label":"Seed","Category":"","Description":"","Attributes":0,"ValueType":"System.String"},"Value":"1199709910"}]},{"TestCase":{"Id":"c886fef0-648c-2347-7a88-5dcaa21b937e","FullyQualifiedName":"UnitTesting.RepositoryTest.CustomerRepositoryTest.TestGet","DisplayName":"TestGet","ExecutorUri":"executor://NUnit3TestExecutor","Source":"C:\\Users\\Disha.Gupta.PYRAMIDINDIA\\source\\repos\\BankingCustomerManagementSol\\UnitTesting\\bin\\Debug\\net6.0\\fine-code-coverage\\build-output\\UnitTesting.dll","CodeFilePath":null,"LineNumber":0,"Properties":[{"Key":{"Id":"NUnit.Seed","Label":"Seed","Category":"","Description":"","Attributes":0,"ValueType":"System.String"},"Value":"1992664192"}]},"Attachments":[],"Outcome":1,"ErrorMessage":null,"ErrorStackTrace":null,"DisplayName":"TestGet","Messages":[],"ComputerName":"5CD413DKR1","Duration":"00:00:00.0012820","StartTime":"2025-01-06T03:29:55.7727826+00:00","EndTime":"2025-01-06T03:29:55.7740641+00:00","Properties":[{"Key":{"Id":"NUnit.Seed","Label":"Seed","Category":"","Description":"","Attributes":0,"ValueType":"System.String"},"Value":"1992664192"}]}],"TestRunStatistics":{"ExecutedTests":27,"Stats":{"Passed":26,"Failed":1}},"ActiveTests":[{"Id":"94c8f6f4-2edb-3f18-c382-ba42d8d09122","FullyQualifiedName":"UnitTesting.RepositoryTest.CustomerRepositoryTest.TestGetException","DisplayName":"TestGetException","ExecutorUri":"executor://NUnit3TestExecutor","Source":"C:\\Users\\Disha.Gupta.PYRAMIDINDIA\\source\\repos\\BankingCustomerManagementSol\\UnitTesting\\bin\\Debug\\net6.0\\fine-code-coverage\\build-output\\UnitTesting.dll","CodeFilePath":null,"LineNumber":0,"Properties":[{"Key":{"Id":"NUnit.Seed","Label":"Seed","Category":"","Description":"","Attributes":0,"ValueType":"System.String"},"Value":"1864579832"}]}]}}
TpTrace Verbose: 0 : 24696, 11, 2025/01/06, 08:59:55.785, 1231329135392, vstest.console.dll, TestRunRequest:SendTestRunStatsChange: Starting.
TpTrace Verbose: 0 : 24696, 11, 2025/01/06, 08:59:55.785, 1231329136321, vstest.console.dll, InProgress is TestGetException
TpTrace Verbose: 0 : 24696, 11, 2025/01/06, 08:59:55.785, 1231329137368, vstest.console.dll, MulticastDelegateUtilities.SafeInvoke: TestRun.RunStatsChanged: Invoking callbacks was skipped because there are no subscribers.
TpTrace Information: 0 : 24696, 11, 2025/01/06, 08:59:55.786, 1231329141487, vstest.console.dll, TestRunRequest:SendTestRunStatsChange: Completed.
TpTrace Verbose: 0 : 24696, 4, 2025/01/06, 08:59:55.786, 1231329145507, vstest.console.dll, MulticastDelegateUtilities.SafeInvoke: InternalTestLoggerEvents.SendTestResult: Invoking callback 1/1 for Microsoft.VisualStudio.TestPlatform.CommandLine.Internal.ConsoleLogger., took 0 ms.
TpTrace Verbose: 0 : 24696, 4, 2025/01/06, 08:59:55.786, 1231329147479, vstest.console.dll, MulticastDelegateUtilities.SafeInvoke: InternalTestLoggerEvents.SendTestResult: Invoking callback 1/1 for Microsoft.VisualStudio.TestPlatform.CommandLine.Internal.ConsoleLogger., took 0 ms.
TpTrace Verbose: 0 : 24696, 4, 2025/01/06, 08:59:55.787, 1231329149555, vstest.console.dll, MulticastDelegateUtilities.SafeInvoke: InternalTestLoggerEvents.SendTestResult: Invoking callback 1/1 for Microsoft.VisualStudio.TestPlatform.CommandLine.Internal.ConsoleLogger., took 0 ms.
TpTrace Verbose: 0 : 24696, 11, 2025/01/06, 08:59:55.787, 1231329150310, vstest.console.dll, MulticastDelegateUtilities.SafeInvoke: LengthPrefixCommunicationChannel: MessageReceived: Invoking callback 1/1 for Microsoft.VisualStudio.TestPlatform.CommunicationUtilities.TestRequestSender+<>c__DisplayClass34_0., took 3 ms.
TpTrace Verbose: 0 : 24696, 11, 2025/01/06, 08:59:55.787, 1231329151520, vstest.console.dll, TcpClientExtensions.MessageLoopAsync: Polling on remoteEndPoint: 127.0.0.1:55476 localEndPoint: 127.0.0.1:55475 after 988 ms
TpTrace Verbose: 0 : 24696, 4, 2025/01/06, 08:59:55.788, 1231329162771, vstest.console.dll, MulticastDelegateUtilities.SafeInvoke: InternalTestLoggerEvents.SendTestResult: Invoking callback 1/1 for Microsoft.VisualStudio.TestPlatform.CommandLine.Internal.ConsoleLogger., took 1 ms.
TpTrace Verbose: 0 : 24696, 4, 2025/01/06, 08:59:55.789, 1231329173002, vstest.console.dll, MulticastDelegateUtilities.SafeInvoke: InternalTestLoggerEvents.SendTestResult: Invoking callback 1/1 for Microsoft.VisualStudio.TestPlatform.CommandLine.Internal.ConsoleLogger., took 0 ms.
TpTrace Verbose: 0 : 24696, 4, 2025/01/06, 08:59:55.789, 1231329175091, vstest.console.dll, MulticastDelegateUtilities.SafeInvoke: InternalTestLoggerEvents.SendTestResult: Invoking callback 1/1 for Microsoft.VisualStudio.TestPlatform.CommandLine.Internal.ConsoleLogger., took 0 ms.
TpTrace Verbose: 0 : 24696, 4, 2025/01/06, 08:59:55.789, 1231329176090, vstest.console.dll, MulticastDelegateUtilities.SafeInvoke: InternalTestLoggerEvents.SendTestResult: Invoking callback 1/1 for Microsoft.VisualStudio.TestPlatform.CommandLine.Internal.ConsoleLogger., took 0 ms.
TpTrace Verbose: 0 : 24696, 4, 2025/01/06, 08:59:55.789, 1231329176703, vstest.console.dll, MulticastDelegateUtilities.SafeInvoke: InternalTestLoggerEvents.SendTestResult: Invoking callback 1/1 for Microsoft.VisualStudio.TestPlatform.CommandLine.Internal.ConsoleLogger., took 0 ms.
TpTrace Verbose: 0 : 24696, 4, 2025/01/06, 08:59:55.789, 1231329177247, vstest.console.dll, MulticastDelegateUtilities.SafeInvoke: InternalTestLoggerEvents.SendTestResult: Invoking callback 1/1 for Microsoft.VisualStudio.TestPlatform.CommandLine.Internal.ConsoleLogger., took 0 ms.
TpTrace Verbose: 0 : 24696, 11, 2025/01/06, 08:59:55.827, 1231329555400, vstest.console.dll, TcpClientExtensions.MessageLoopAsync: NotifyDataAvailable remoteEndPoint: 127.0.0.1:55476 localEndPoint: 127.0.0.1:55475
TpTrace Verbose: 0 : 24696, 11, 2025/01/06, 08:59:55.828, 1231329560619, vstest.console.dll, TestRequestSender.OnExecutionMessageReceived: Received message: {"Version":7,"MessageType":"TestExecution.StatsChange","Payload":{"NewTestResults":[{"TestCase":{"Id":"94c8f6f4-2edb-3f18-c382-ba42d8d09122","FullyQualifiedName":"UnitTesting.RepositoryTest.CustomerRepositoryTest.TestGetException","DisplayName":"TestGetException","ExecutorUri":"executor://NUnit3TestExecutor","Source":"C:\\Users\\Disha.Gupta.PYRAMIDINDIA\\source\\repos\\BankingCustomerManagementSol\\UnitTesting\\bin\\Debug\\net6.0\\fine-code-coverage\\build-output\\UnitTesting.dll","CodeFilePath":null,"LineNumber":0,"Properties":[{"Key":{"Id":"NUnit.Seed","Label":"Seed","Category":"","Description":"","Attributes":0,"ValueType":"System.String"},"Value":"1864579832"}]},"Attachments":[],"Outcome":1,"ErrorMessage":null,"ErrorStackTrace":null,"DisplayName":"TestGetException","Messages":[],"ComputerName":"5CD413DKR1","Duration":"00:00:00.0010580","StartTime":"2025-01-06T03:29:55.7740832+00:00","EndTime":"2025-01-06T03:29:55.7751405+00:00","Properties":[{"Key":{"Id":"NUnit.Seed","Label":"Seed","Category":"","Description":"","Attributes":0,"ValueType":"System.String"},"Value":"1864579832"}]},{"TestCase":{"Id":"10897fec-8175-f020-d664-f5fd1b4454f1","FullyQualifiedName":"UnitTesting.RepositoryTest.CustomerRepositoryTest.UpdateTest","DisplayName":"UpdateTest","ExecutorUri":"executor://NUnit3TestExecutor","Source":"C:\\Users\\Disha.Gupta.PYRAMIDINDIA\\source\\repos\\BankingCustomerManagementSol\\UnitTesting\\bin\\Debug\\net6.0\\fine-code-coverage\\build-output\\UnitTesting.dll","CodeFilePath":null,"LineNumber":0,"Properties":[{"Key":{"Id":"NUnit.Seed","Label":"Seed","Category":"","Description":"","Attributes":0,"ValueType":"System.String"},"Value":"1699182160"}]},"Attachments":[],"Outcome":1,"ErrorMessage":null,"ErrorStackTrace":null,"DisplayName":"UpdateTest","Messages":[],"ComputerName":"5CD413DKR1","Duration":"00:00:00.0056280","StartTime":"2025-01-06T03:29:55.7751584+00:00","EndTime":"2025-01-06T03:29:55.780786+00:00","Properties":[{"Key":{"Id":"NUnit.Seed","Label":"Seed","Category":"","Description":"","Attributes":0,"ValueType":"System.String"},"Value":"1699182160"}]},{"TestCase":{"Id":"d3d17905-cd8b-d539-501b-cf7e24a3c778","FullyQualifiedName":"UnitTesting.RepositoryTest.CustomerRepositoryTest.UpdateTestException","DisplayName":"UpdateTestException","ExecutorUri":"executor://NUnit3TestExecutor","Source":"C:\\Users\\Disha.Gupta.PYRAMIDINDIA\\source\\repos\\BankingCustomerManagementSol\\UnitTesting\\bin\\Debug\\net6.0\\fine-code-coverage\\build-output\\UnitTesting.dll","CodeFilePath":null,"LineNumber":0,"Properties":[{"Key":{"Id":"NUnit.Seed","Label":"Seed","Category":"","Description":"","Attributes":0,"ValueType":"System.String"},"Value":"290075014"}]},"Attachments":[],"Outcome":1,"ErrorMessage":null,"ErrorStackTrace":null,"DisplayName":"UpdateTestException","Messages":[],"ComputerName":"5CD413DKR1","Duration":"00:00:00.0012070","StartTime":"2025-01-06T03:29:55.7808062+00:00","EndTime":"2025-01-06T03:29:55.782013+00:00","Properties":[{"Key":{"Id":"NUnit.Seed","Label":"Seed","Category":"","Description":"","Attributes":0,"ValueType":"System.String"},"Value":"290075014"}]},{"TestCase":{"Id":"72c173d7-44a4-11d1-25e3-3a7aeec44dbe","FullyQualifiedName":"UnitTesting.ServiceTest.CustomerServiceTest.AddCustomerException","DisplayName":"AddCustomerException","ExecutorUri":"executor://NUnit3TestExecutor","Source":"C:\\Users\\Disha.Gupta.PYRAMIDINDIA\\source\\repos\\BankingCustomerManagementSol\\UnitTesting\\bin\\Debug\\net6.0\\fine-code-coverage\\build-output\\UnitTesting.dll","CodeFilePath":null,"LineNumber":0,"Properties":[{"Key":{"Id":"NUnit.Seed","Label":"Seed","Category":"","Description":"","Attributes":0,"ValueType":"System.String"},"Value":"1753495628"}]},"Attachments":[],"Outcome":1,"ErrorMessage":null,"ErrorStackTrace":null,"DisplayName":"AddCustomerException","Messages":[],"ComputerName":"5CD413DKR1","Duration":"00:00:00.0031120","StartTime":"2025-01-06T03:29:55.8031958+00:00","EndTime":"2025-01-06T03:29:55.8063077+00:00","Properties":[{"Key":{"Id":"NUnit.Seed","Label":"Seed","Category":"","Description":"","Attributes":0,"ValueType":"System.String"},"Value":"1753495628"}]},{"TestCase":{"Id":"d0435ca1-2f37-79dd-da7b-cbec468f2775","FullyQualifiedName":"UnitTesting.ServiceTest.CustomerServiceTest.AddCustomerTest","DisplayName":"AddCustomerTest","ExecutorUri":"executor://NUnit3TestExecutor","Source":"C:\\Users\\Disha.Gupta.PYRAMIDINDIA\\source\\repos\\BankingCustomerManagementSol\\UnitTesting\\bin\\Debug\\net6.0\\fine-code-coverage\\build-output\\UnitTesting.dll","CodeFilePath":null,"LineNumber":0,"Properties":[{"Key":{"Id":"NUnit.Seed","Label":"Seed","Category":"","Description":"","Attributes":0,"ValueType":"System.String"},"Value":"777464889"}]},"Attachments":[],"Outcome":1,"ErrorMessage":null,"ErrorStackTrace":null,"DisplayName":"AddCustomerTest","Messages":[],"ComputerName":"5CD413DKR1","Duration":"00:00:00.0053640","StartTime":"2025-01-06T03:29:55.8063382+00:00","EndTime":"2025-01-06T03:29:55.811702+00:00","Properties":[{"Key":{"Id":"NUnit.Seed","Label":"Seed","Category":"","Description":"","Attributes":0,"ValueType":"System.String"},"Value":"777464889"}]},{"TestCase":{"Id":"979c0fd3-c234-29db-e17e-d21d44ed42e1","FullyQualifiedName":"UnitTesting.ServiceTest.CustomerServiceTest.DeleteCustomerException","DisplayName":"DeleteCustomerException","ExecutorUri":"executor://NUnit3TestExecutor","Source":"C:\\Users\\Disha.Gupta.PYRAMIDINDIA\\source\\repos\\BankingCustomerManagementSol\\UnitTesting\\bin\\Debug\\net6.0\\fine-code-coverage\\build-output\\UnitTesting.dll","CodeFilePath":null,"LineNumber":0,"Properties":[{"Key":{"Id":"NUnit.Seed","Label":"Seed","Category":"","Description":"","Attributes":0,"ValueType":"System.String"},"Value":"1798373382"}]},"Attachments":[],"Outcome":1,"ErrorMessage":null,"ErrorStackTrace":null,"DisplayName":"DeleteCustomerException","Messages":[],"ComputerName":"5CD413DKR1","Duration":"00:00:00.0018080","StartTime":"2025-01-06T03:29:55.8117407+00:00","EndTime":"2025-01-06T03:29:55.8135483+00:00","Properties":[{"Key":{"Id":"NUnit.Seed","Label":"Seed","Category":"","Description":"","Attributes":0,"ValueType":"System.String"},"Value":"1798373382"}]},{"TestCase":{"Id":"ffb57b79-580f-5d88-a98b-46094da473ab","FullyQualifiedName":"UnitTesting.ServiceTest.CustomerServiceTest.DeleteCustomerTest","DisplayName":"DeleteCustomerTest","ExecutorUri":"executor://NUnit3TestExecutor","Source":"C:\\Users\\Disha.Gupta.PYRAMIDINDIA\\source\\repos\\BankingCustomerManagementSol\\UnitTesting\\bin\\Debug\\net6.0\\fine-code-coverage\\build-output\\UnitTesting.dll","CodeFilePath":null,"LineNumber":0,"Properties":[{"Key":{"Id":"NUnit.Seed","Label":"Seed","Category":"","Description":"","Attributes":0,"ValueType":"System.String"},"Value":"1082226909"}]},"Attachments":[],"Outcome":1,"ErrorMessage":null,"ErrorStackTrace":null,"DisplayName":"DeleteCustomerTest","Messages":[],"ComputerName":"5CD413DKR1","Duration":"00:00:00.0016240","StartTime":"2025-01-06T03:29:55.8135784+00:00","EndTime":"2025-01-06T03:29:55.8151998+00:00","Properties":[{"Key":{"Id":"NUnit.Seed","Label":"Seed","Category":"","Description":"","Attributes":0,"ValueType":"System.String"},"Value":"1082226909"}]},{"TestCase":{"Id":"111d16bf-c672-2b40-14f2-4d004b5050c9","FullyQualifiedName":"UnitTesting.ServiceTest.CustomerServiceTest.GetAllException","DisplayName":"GetAllException","ExecutorUri":"executor://NUnit3TestExecutor","Source":"C:\\Users\\Disha.Gupta.PYRAMIDINDIA\\source\\repos\\BankingCustomerManagementSol\\UnitTesting\\bin\\Debug\\net6.0\\fine-code-coverage\\build-output\\UnitTesting.dll","CodeFilePath":null,"LineNumber":0,"Properties":[{"Key":{"Id":"NUnit.Seed","Label":"Seed","Category":"","Description":"","Attributes":0,"ValueType":"System.String"},"Value":"319716911"}]},"Attachments":[],"Outcome":1,"ErrorMessage":null,"ErrorStackTrace":null,"DisplayName":"GetAllException","Messages":[],"ComputerName":"5CD413DKR1","Duration":"00:00:00.0021920","StartTime":"2025-01-06T03:29:55.8152213+00:00","EndTime":"2025-01-06T03:29:55.8174124+00:00","Properties":[{"Key":{"Id":"NUnit.Seed","Label":"Seed","Category":"","Description":"","Attributes":0,"ValueType":"System.String"},"Value":"319716911"}]},{"TestCase":{"Id":"3fe215ae-a69d-0696-fb6e-7de02189860d","FullyQualifiedName":"UnitTesting.ServiceTest.CustomerServiceTest.GetAllTest","DisplayName":"GetAllTest","ExecutorUri":"executor://NUnit3TestExecutor","Source":"C:\\Users\\Disha.Gupta.PYRAMIDINDIA\\source\\repos\\BankingCustomerManagementSol\\UnitTesting\\bin\\Debug\\net6.0\\fine-code-coverage\\build-output\\UnitTesting.dll","CodeFilePath":null,"LineNumber":0,"Properties":[{"Key":{"Id":"NUnit.Seed","Label":"Seed","Category":"","Description":"","Attributes":0,"ValueType":"System.String"},"Value":"1182861184"}]},"Attachments":[],"Outcome":1,"ErrorMessage":null,"ErrorStackTrace":null,"DisplayName":"GetAllTest","Messages":[],"ComputerName":"5CD413DKR1","Duration":"00:00:00.0009920","StartTime":"2025-01-06T03:29:55.8174323+00:00","EndTime":"2025-01-06T03:29:55.8184245+00:00","Properties":[{"Key":{"Id":"NUnit.Seed","Label":"Seed","Category":"","Description":"","Attributes":0,"ValueType":"System.String"},"Value":"1182861184"}]}],"TestRunStatistics":{"ExecutedTests":36,"Stats":{"Passed":35,"Failed":1}},"ActiveTests":[{"Id":"293bb39e-7e66-3f96-7192-c33647ab7a7f","FullyQualifiedName":"UnitTesting.ServiceTest.CustomerServiceTest.GetCustomerByAccountNumberException","DisplayName":"GetCustomerByAccountNumberException","ExecutorUri":"executor://NUnit3TestExecutor","Source":"C:\\Users\\Disha.Gupta.PYRAMIDINDIA\\source\\repos\\BankingCustomerManagementSol\\UnitTesting\\bin\\Debug\\net6.0\\fine-code-coverage\\build-output\\UnitTesting.dll","CodeFilePath":null,"LineNumber":0,"Properties":[{"Key":{"Id":"NUnit.Seed","Label":"Seed","Category":"","Description":"","Attributes":0,"ValueType":"System.String"},"Value":"1271092859"}]}]}}
TpTrace Verbose: 0 : 24696, 11, 2025/01/06, 08:59:55.836, 1231329639824, vstest.console.dll, TestRunRequest:SendTestRunStatsChange: Starting.
TpTrace Verbose: 0 : 24696, 11, 2025/01/06, 08:59:55.836, 1231329640706, vstest.console.dll, InProgress is GetCustomerByAccountNumberException
TpTrace Verbose: 0 : 24696, 11, 2025/01/06, 08:59:55.836, 1231329641559, vstest.console.dll, MulticastDelegateUtilities.SafeInvoke: TestRun.RunStatsChanged: Invoking callbacks was skipped because there are no subscribers.
TpTrace Information: 0 : 24696, 11, 2025/01/06, 08:59:55.836, 1231329642001, vstest.console.dll, TestRunRequest:SendTestRunStatsChange: Completed.
TpTrace Verbose: 0 : 24696, 11, 2025/01/06, 08:59:55.836, 1231329642567, vstest.console.dll, MulticastDelegateUtilities.SafeInvoke: LengthPrefixCommunicationChannel: MessageReceived: Invoking callback 1/1 for Microsoft.VisualStudio.TestPlatform.CommunicationUtilities.TestRequestSender+<>c__DisplayClass34_0., took 8 ms.
TpTrace Verbose: 0 : 24696, 11, 2025/01/06, 08:59:55.836, 1231329643191, vstest.console.dll, TcpClientExtensions.MessageLoopAsync: Polling on remoteEndPoint: 127.0.0.1:55476 localEndPoint: 127.0.0.1:55475 after 49 ms
TpTrace Verbose: 0 : 24696, 4, 2025/01/06, 08:59:55.836, 1231329644029, vstest.console.dll, MulticastDelegateUtilities.SafeInvoke: InternalTestLoggerEvents.SendTestResult: Invoking callback 1/1 for Microsoft.VisualStudio.TestPlatform.CommandLine.Internal.ConsoleLogger., took 0 ms.
TpTrace Verbose: 0 : 24696, 4, 2025/01/06, 08:59:55.837, 1231329648185, vstest.console.dll, MulticastDelegateUtilities.SafeInvoke: InternalTestLoggerEvents.SendTestResult: Invoking callback 1/1 for Microsoft.VisualStudio.TestPlatform.CommandLine.Internal.ConsoleLogger., took 0 ms.
TpTrace Verbose: 0 : 24696, 4, 2025/01/06, 08:59:55.837, 1231329653413, vstest.console.dll, MulticastDelegateUtilities.SafeInvoke: InternalTestLoggerEvents.SendTestResult: Invoking callback 1/1 for Microsoft.VisualStudio.TestPlatform.CommandLine.Internal.ConsoleLogger., took 0 ms.
TpTrace Verbose: 0 : 24696, 4, 2025/01/06, 08:59:55.837, 1231329654212, vstest.console.dll, MulticastDelegateUtilities.SafeInvoke: InternalTestLoggerEvents.SendTestResult: Invoking callback 1/1 for Microsoft.VisualStudio.TestPlatform.CommandLine.Internal.ConsoleLogger., took 0 ms.
TpTrace Verbose: 0 : 24696, 4, 2025/01/06, 08:59:55.837, 1231329654805, vstest.console.dll, MulticastDelegateUtilities.SafeInvoke: InternalTestLoggerEvents.SendTestResult: Invoking callback 1/1 for Microsoft.VisualStudio.TestPlatform.CommandLine.Internal.ConsoleLogger., took 0 ms.
TpTrace Verbose: 0 : 24696, 4, 2025/01/06, 08:59:55.837, 1231329656089, vstest.console.dll, MulticastDelegateUtilities.SafeInvoke: InternalTestLoggerEvents.SendTestResult: Invoking callback 1/1 for Microsoft.VisualStudio.TestPlatform.CommandLine.Internal.ConsoleLogger., took 0 ms.
TpTrace Verbose: 0 : 24696, 4, 2025/01/06, 08:59:55.837, 1231329656685, vstest.console.dll, MulticastDelegateUtilities.SafeInvoke: InternalTestLoggerEvents.SendTestResult: Invoking callback 1/1 for Microsoft.VisualStudio.TestPlatform.CommandLine.Internal.ConsoleLogger., took 0 ms.
TpTrace Verbose: 0 : 24696, 4, 2025/01/06, 08:59:55.837, 1231329657257, vstest.console.dll, MulticastDelegateUtilities.SafeInvoke: InternalTestLoggerEvents.SendTestResult: Invoking callback 1/1 for Microsoft.VisualStudio.TestPlatform.CommandLine.Internal.ConsoleLogger., took 0 ms.
TpTrace Verbose: 0 : 24696, 4, 2025/01/06, 08:59:55.837, 1231329657727, vstest.console.dll, MulticastDelegateUtilities.SafeInvoke: InternalTestLoggerEvents.SendTestResult: Invoking callback 1/1 for Microsoft.VisualStudio.TestPlatform.CommandLine.Internal.ConsoleLogger., took 0 ms.
TpTrace Verbose: 0 : 24696, 11, 2025/01/06, 08:59:55.859, 1231329874972, vstest.console.dll, TcpClientExtensions.MessageLoopAsync: NotifyDataAvailable remoteEndPoint: 127.0.0.1:55476 localEndPoint: 127.0.0.1:55475
TpTrace Verbose: 0 : 24696, 11, 2025/01/06, 08:59:55.860, 1231329878974, vstest.console.dll, TestRequestSender.OnExecutionMessageReceived: Received message: {"Version":7,"MessageType":"TestExecution.StatsChange","Payload":{"NewTestResults":[{"TestCase":{"Id":"293bb39e-7e66-3f96-7192-c33647ab7a7f","FullyQualifiedName":"UnitTesting.ServiceTest.CustomerServiceTest.GetCustomerByAccountNumberException","DisplayName":"GetCustomerByAccountNumberException","ExecutorUri":"executor://NUnit3TestExecutor","Source":"C:\\Users\\Disha.Gupta.PYRAMIDINDIA\\source\\repos\\BankingCustomerManagementSol\\UnitTesting\\bin\\Debug\\net6.0\\fine-code-coverage\\build-output\\UnitTesting.dll","CodeFilePath":null,"LineNumber":0,"Properties":[{"Key":{"Id":"NUnit.Seed","Label":"Seed","Category":"","Description":"","Attributes":0,"ValueType":"System.String"},"Value":"1271092859"}]},"Attachments":[],"Outcome":1,"ErrorMessage":null,"ErrorStackTrace":null,"DisplayName":"GetCustomerByAccountNumberException","Messages":[],"ComputerName":"5CD413DKR1","Duration":"00:00:00.0017100","StartTime":"2025-01-06T03:29:55.8184488+00:00","EndTime":"2025-01-06T03:29:55.8201583+00:00","Properties":[{"Key":{"Id":"NUnit.Seed","Label":"Seed","Category":"","Description":"","Attributes":0,"ValueType":"System.String"},"Value":"1271092859"}]},{"TestCase":{"Id":"755bce58-fbef-ad31-b15c-dcec689ad63e","FullyQualifiedName":"UnitTesting.ServiceTest.CustomerServiceTest.GetCustomerByAccountNumberTest","DisplayName":"GetCustomerByAccountNumberTest","ExecutorUri":"executor://NUnit3TestExecutor","Source":"C:\\Users\\Disha.Gupta.PYRAMIDINDIA\\source\\repos\\BankingCustomerManagementSol\\UnitTesting\\bin\\Debug\\net6.0\\fine-code-coverage\\build-output\\UnitTesting.dll","CodeFilePath":null,"LineNumber":0,"Properties":[{"Key":{"Id":"NUnit.Seed","Label":"Seed","Category":"","Description":"","Attributes":0,"ValueType":"System.String"},"Value":"764115195"}]},"Attachments":[],"Outcome":1,"ErrorMessage":null,"ErrorStackTrace":null,"DisplayName":"GetCustomerByAccountNumberTest","Messages":[],"ComputerName":"5CD413DKR1","Duration":"00:00:00.0007760","StartTime":"2025-01-06T03:29:55.8201748+00:00","EndTime":"2025-01-06T03:29:55.8209505+00:00","Properties":[{"Key":{"Id":"NUnit.Seed","Label":"Seed","Category":"","Description":"","Attributes":0,"ValueType":"System.String"},"Value":"764115195"}]},{"TestCase":{"Id":"5c800665-aae3-d514-ff7c-329eec3e21b3","FullyQualifiedName":"UnitTesting.ServiceTest.CustomerServiceTest.GetCustomerByFirstNameException","DisplayName":"GetCustomerByFirstNameException","ExecutorUri":"executor://NUnit3TestExecutor","Source":"C:\\Users\\Disha.Gupta.PYRAMIDINDIA\\source\\repos\\BankingCustomerManagementSol\\UnitTesting\\bin\\Debug\\net6.0\\fine-code-coverage\\build-output\\UnitTesting.dll","CodeFilePath":null,"LineNumber":0,"Properties":[{"Key":{"Id":"NUnit.Seed","Label":"Seed","Category":"","Description":"","Attributes":0,"ValueType":"System.String"},"Value":"1042106612"}]},"Attachments":[],"Outcome":1,"ErrorMessage":null,"ErrorStackTrace":null,"DisplayName":"GetCustomerByFirstNameException","Messages":[],"ComputerName":"5CD413DKR1","Duration":"00:00:00.0016980","StartTime":"2025-01-06T03:29:55.8209728+00:00","EndTime":"2025-01-06T03:29:55.8226708+00:00","Properties":[{"Key":{"Id":"NUnit.Seed","Label":"Seed","Category":"","Description":"","Attributes":0,"ValueType":"System.String"},"Value":"1042106612"}]},{"TestCase":{"Id":"c328155c-e48d-5f78-8f1a-dafe48d80486","FullyQualifiedName":"UnitTesting.ServiceTest.CustomerServiceTest.GetCustomerByFirstNameTest","DisplayName":"GetCustomerByFirstNameTest","ExecutorUri":"executor://NUnit3TestExecutor","Source":"C:\\Users\\Disha.Gupta.PYRAMIDINDIA\\source\\repos\\BankingCustomerManagementSol\\UnitTesting\\bin\\Debug\\net6.0\\fine-code-coverage\\build-output\\UnitTesting.dll","CodeFilePath":null,"LineNumber":0,"Properties":[{"Key":{"Id":"NUnit.Seed","Label":"Seed","Category":"","Description":"","Attributes":0,"ValueType":"System.String"},"Value":"1446447515"}]},"Attachments":[],"Outcome":1,"ErrorMessage":null,"ErrorStackTrace":null,"DisplayName":"GetCustomerByFirstNameTest","Messages":[],"ComputerName":"5CD413DKR1","Duration":"00:00:00.0008780","StartTime":"2025-01-06T03:29:55.8226896+00:00","EndTime":"2025-01-06T03:29:55.823567+00:00","Properties":[{"Key":{"Id":"NUnit.Seed","Label":"Seed","Category":"","Description":"","Attributes":0,"ValueType":"System.String"},"Value":"1446447515"}]},{"TestCase":{"Id":"c8639853-dd4b-e16d-055f-44823fad58ee","FullyQualifiedName":"UnitTesting.ServiceTest.CustomerServiceTest.GetCustomerByIdException","DisplayName":"GetCustomerByIdException","ExecutorUri":"executor://NUnit3TestExecutor","Source":"C:\\Users\\Disha.Gupta.PYRAMIDINDIA\\source\\repos\\BankingCustomerManagementSol\\UnitTesting\\bin\\Debug\\net6.0\\fine-code-coverage\\build-output\\UnitTesting.dll","CodeFilePath":null,"LineNumber":0,"Properties":[{"Key":{"Id":"NUnit.Seed","Label":"Seed","Category":"","Description":"","Attributes":0,"ValueType":"System.String"},"Value":"853975158"}]},"Attachments":[],"Outcome":1,"ErrorMessage":null,"ErrorStackTrace":null,"DisplayName":"GetCustomerByIdException","Messages":[],"ComputerName":"5CD413DKR1","Duration":"00:00:00.0018940","StartTime":"2025-01-06T03:29:55.8235871+00:00","EndTime":"2025-01-06T03:29:55.8254812+00:00","Properties":[{"Key":{"Id":"NUnit.Seed","Label":"Seed","Category":"","Description":"","Attributes":0,"ValueType":"System.String"},"Value":"853975158"}]},{"TestCase":{"Id":"deca65ec-9fe8-10eb-eb79-63b493082627","FullyQualifiedName":"UnitTesting.ServiceTest.CustomerServiceTest.GetCustomerByIdTest","DisplayName":"GetCustomerByIdTest","ExecutorUri":"executor://NUnit3TestExecutor","Source":"C:\\Users\\Disha.Gupta.PYRAMIDINDIA\\source\\repos\\BankingCustomerManagementSol\\UnitTesting\\bin\\Debug\\net6.0\\fine-code-coverage\\build-output\\UnitTesting.dll","CodeFilePath":null,"LineNumber":0,"Properties":[{"Key":{"Id":"NUnit.Seed","Label":"Seed","Category":"","Description":"","Attributes":0,"ValueType":"System.String"},"Value":"1890949947"}]},"Attachments":[],"Outcome":1,"ErrorMessage":null,"ErrorStackTrace":null,"DisplayName":"GetCustomerByIdTest","Messages":[],"ComputerName":"5CD413DKR1","Duration":"00:00:00.0008830","StartTime":"2025-01-06T03:29:55.8255027+00:00","EndTime":"2025-01-06T03:29:55.8263848+00:00","Properties":[{"Key":{"Id":"NUnit.Seed","Label":"Seed","Category":"","Description":"","Attributes":0,"ValueType":"System.String"},"Value":"1890949947"}]},{"TestCase":{"Id":"7a33f7e5-2b68-9c7f-d297-5109cca5a016","FullyQualifiedName":"UnitTesting.ServiceTest.CustomerServiceTest.GetCustomerByLastNameException","DisplayName":"GetCustomerByLastNameException","ExecutorUri":"executor://NUnit3TestExecutor","Source":"C:\\Users\\Disha.Gupta.PYRAMIDINDIA\\source\\repos\\BankingCustomerManagementSol\\UnitTesting\\bin\\Debug\\net6.0\\fine-code-coverage\\build-output\\UnitTesting.dll","CodeFilePath":null,"LineNumber":0,"Properties":[{"Key":{"Id":"NUnit.Seed","Label":"Seed","Category":"","Description":"","Attributes":0,"ValueType":"System.String"},"Value":"301596321"}]},"Attachments":[],"Outcome":1,"ErrorMessage":null,"ErrorStackTrace":null,"DisplayName":"GetCustomerByLastNameException","Messages":[],"ComputerName":"5CD413DKR1","Duration":"00:00:00.0059950","StartTime":"2025-01-06T03:29:55.8264323+00:00","EndTime":"2025-01-06T03:29:55.8324273+00:00","Properties":[{"Key":{"Id":"NUnit.Seed","Label":"Seed","Category":"","Description":"","Attributes":0,"ValueType":"System.String"},"Value":"301596321"}]},{"TestCase":{"Id":"ae217a8a-739e-2cc5-3ff6-99beb7c71c23","FullyQualifiedName":"UnitTesting.ServiceTest.CustomerServiceTest.GetCustomerByLastNameTest","DisplayName":"GetCustomerByLastNameTest","ExecutorUri":"executor://NUnit3TestExecutor","Source":"C:\\Users\\Disha.Gupta.PYRAMIDINDIA\\source\\repos\\BankingCustomerManagementSol\\UnitTesting\\bin\\Debug\\net6.0\\fine-code-coverage\\build-output\\UnitTesting.dll","CodeFilePath":null,"LineNumber":0,"Properties":[{"Key":{"Id":"NUnit.Seed","Label":"Seed","Category":"","Description":"","Attributes":0,"ValueType":"System.String"},"Value":"640976357"}]},"Attachments":[],"Outcome":1,"ErrorMessage":null,"ErrorStackTrace":null,"DisplayName":"GetCustomerByLastNameTest","Messages":[],"ComputerName":"5CD413DKR1","Duration":"00:00:00.0014319","StartTime":"2025-01-06T03:29:55.832457+00:00","EndTime":"2025-01-06T03:29:55.833888+00:00","Properties":[{"Key":{"Id":"NUnit.Seed","Label":"Seed","Category":"","Description":"","Attributes":0,"ValueType":"System.String"},"Value":"640976357"}]},{"TestCase":{"Id":"21f0930b-bbe2-7224-9531-e23ffbbcc0cd","FullyQualifiedName":"UnitTesting.ServiceTest.CustomerServiceTest.GetCustomerByPhoneNumberException","DisplayName":"GetCustomerByPhoneNumberException","ExecutorUri":"executor://NUnit3TestExecutor","Source":"C:\\Users\\Disha.Gupta.PYRAMIDINDIA\\source\\repos\\BankingCustomerManagementSol\\UnitTesting\\bin\\Debug\\net6.0\\fine-code-coverage\\build-output\\UnitTesting.dll","CodeFilePath":null,"LineNumber":0,"Properties":[{"Key":{"Id":"NUnit.Seed","Label":"Seed","Category":"","Description":"","Attributes":0,"ValueType":"System.String"},"Value":"2056020527"}]},"Attachments":[],"Outcome":1,"ErrorMessage":null,"ErrorStackTrace":null,"DisplayName":"GetCustomerByPhoneNumberException","Messages":[],"ComputerName":"5CD413DKR1","Duration":"00:00:00.0029270","StartTime":"2025-01-06T03:29:55.833915+00:00","EndTime":"2025-01-06T03:29:55.8368416+00:00","Properties":[{"Key":{"Id":"NUnit.Seed","Label":"Seed","Category":"","Description":"","Attributes":0,"ValueType":"System.String"},"Value":"2056020527"}]}],"TestRunStatistics":{"ExecutedTests":45,"Stats":{"Passed":44,"Failed":1}},"ActiveTests":[{"Id":"6113fd7b-48f1-5929-9d7e-3c593ba114dc","FullyQualifiedName":"UnitTesting.ServiceTest.CustomerServiceTest.GetCustomerByPhoneNumberTest","DisplayName":"GetCustomerByPhoneNumberTest","ExecutorUri":"executor://NUnit3TestExecutor","Source":"C:\\Users\\Disha.Gupta.PYRAMIDINDIA\\source\\repos\\BankingCustomerManagementSol\\UnitTesting\\bin\\Debug\\net6.0\\fine-code-coverage\\build-output\\UnitTesting.dll","CodeFilePath":null,"LineNumber":0,"Properties":[{"Key":{"Id":"NUnit.Seed","Label":"Seed","Category":"","Description":"","Attributes":0,"ValueType":"System.String"},"Value":"1001772990"}]}]}}
TpTrace Verbose: 0 : 24696, 11, 2025/01/06, 08:59:55.861, 1231329894824, vstest.console.dll, TestRunRequest:SendTestRunStatsChange: Starting.
TpTrace Verbose: 0 : 24696, 11, 2025/01/06, 08:59:55.861, 1231329895663, vstest.console.dll, InProgress is GetCustomerByPhoneNumberTest
TpTrace Verbose: 0 : 24696, 11, 2025/01/06, 08:59:55.861, 1231329896564, vstest.console.dll, MulticastDelegateUtilities.SafeInvoke: TestRun.RunStatsChanged: Invoking callbacks was skipped because there are no subscribers.
TpTrace Information: 0 : 24696, 11, 2025/01/06, 08:59:55.862, 1231329898838, vstest.console.dll, TestRunRequest:SendTestRunStatsChange: Completed.
TpTrace Verbose: 0 : 24696, 11, 2025/01/06, 08:59:55.862, 1231329899602, vstest.console.dll, MulticastDelegateUtilities.SafeInvoke: LengthPrefixCommunicationChannel: MessageReceived: Invoking callback 1/1 for Microsoft.VisualStudio.TestPlatform.CommunicationUtilities.TestRequestSender+<>c__DisplayClass34_0., took 2 ms.
TpTrace Verbose: 0 : 24696, 4, 2025/01/06, 08:59:55.861, 1231329897323, vstest.console.dll, MulticastDelegateUtilities.SafeInvoke: InternalTestLoggerEvents.SendTestResult: Invoking callback 1/1 for Microsoft.VisualStudio.TestPlatform.CommandLine.Internal.ConsoleLogger., took 0 ms.
TpTrace Verbose: 0 : 24696, 11, 2025/01/06, 08:59:55.862, 1231329900164, vstest.console.dll, TcpClientExtensions.MessageLoopAsync: Polling on remoteEndPoint: 127.0.0.1:55476 localEndPoint: 127.0.0.1:55475 after 25 ms
TpTrace Verbose: 0 : 24696, 4, 2025/01/06, 08:59:55.862, 1231329902135, vstest.console.dll, MulticastDelegateUtilities.SafeInvoke: InternalTestLoggerEvents.SendTestResult: Invoking callback 1/1 for Microsoft.VisualStudio.TestPlatform.CommandLine.Internal.ConsoleLogger., took 0 ms.
TpTrace Verbose: 0 : 24696, 4, 2025/01/06, 08:59:55.862, 1231329904051, vstest.console.dll, MulticastDelegateUtilities.SafeInvoke: InternalTestLoggerEvents.SendTestResult: Invoking callback 1/1 for Microsoft.VisualStudio.TestPlatform.CommandLine.Internal.ConsoleLogger., took 0 ms.
TpTrace Verbose: 0 : 24696, 4, 2025/01/06, 08:59:55.862, 1231329904736, vstest.console.dll, MulticastDelegateUtilities.SafeInvoke: InternalTestLoggerEvents.SendTestResult: Invoking callback 1/1 for Microsoft.VisualStudio.TestPlatform.CommandLine.Internal.ConsoleLogger., took 0 ms.
TpTrace Verbose: 0 : 24696, 4, 2025/01/06, 08:59:55.862, 1231329905356, vstest.console.dll, MulticastDelegateUtilities.SafeInvoke: InternalTestLoggerEvents.SendTestResult: Invoking callback 1/1 for Microsoft.VisualStudio.TestPlatform.CommandLine.Internal.ConsoleLogger., took 0 ms.
TpTrace Verbose: 0 : 24696, 4, 2025/01/06, 08:59:55.862, 1231329906039, vstest.console.dll, MulticastDelegateUtilities.SafeInvoke: InternalTestLoggerEvents.SendTestResult: Invoking callback 1/1 for Microsoft.VisualStudio.TestPlatform.CommandLine.Internal.ConsoleLogger., took 0 ms.
TpTrace Verbose: 0 : 24696, 4, 2025/01/06, 08:59:55.862, 1231329906779, vstest.console.dll, MulticastDelegateUtilities.SafeInvoke: InternalTestLoggerEvents.SendTestResult: Invoking callback 1/1 for Microsoft.VisualStudio.TestPlatform.CommandLine.Internal.ConsoleLogger., took 0 ms.
TpTrace Verbose: 0 : 24696, 4, 2025/01/06, 08:59:55.863, 1231329908683, vstest.console.dll, MulticastDelegateUtilities.SafeInvoke: InternalTestLoggerEvents.SendTestResult: Invoking callback 1/1 for Microsoft.VisualStudio.TestPlatform.CommandLine.Internal.ConsoleLogger., took 0 ms.
TpTrace Verbose: 0 : 24696, 4, 2025/01/06, 08:59:55.863, 1231329909982, vstest.console.dll, MulticastDelegateUtilities.SafeInvoke: InternalTestLoggerEvents.SendTestResult: Invoking callback 1/1 for Microsoft.VisualStudio.TestPlatform.CommandLine.Internal.ConsoleLogger., took 0 ms.
TpTrace Verbose: 0 : 24696, 11, 2025/01/06, 08:59:55.874, 1231330024132, vstest.console.dll, TcpClientExtensions.MessageLoopAsync: NotifyDataAvailable remoteEndPoint: 127.0.0.1:55476 localEndPoint: 127.0.0.1:55475
TpTrace Verbose: 0 : 24696, 11, 2025/01/06, 08:59:55.874, 1231330026254, vstest.console.dll, TestRequestSender.OnExecutionMessageReceived: Received message: {"Version":7,"MessageType":"TestSession.Message","Payload":{"MessageLevel":0,"Message":"NUnit Adapter 4.4.0.0: Test execution complete"}}
TpTrace Verbose: 0 : 24696, 11, 2025/01/06, 08:59:55.874, 1231330027627, vstest.console.dll, TestRunRequest:SendTestRunMessage: Starting.
TpTrace Verbose: 0 : 24696, 11, 2025/01/06, 08:59:55.875, 1231330028392, vstest.console.dll, MulticastDelegateUtilities.SafeInvoke: TestRun.LogMessages: Invoking callback 1/1 for Microsoft.VisualStudio.TestPlatform.CommandLine.TestRunResultAggregator., took 0 ms.
TpTrace Information: 0 : 24696, 11, 2025/01/06, 08:59:55.875, 1231330029534, vstest.console.dll, TestRunRequest:SendTestRunMessage: Completed.
TpTrace Verbose: 0 : 24696, 4, 2025/01/06, 08:59:55.875, 1231330028945, vstest.console.dll, MulticastDelegateUtilities.SafeInvoke: InternalTestLoggerEvents.SendTestRunMessage: Invoking callback 1/1 for Microsoft.VisualStudio.TestPlatform.CommandLine.Internal.ConsoleLogger., took 0 ms.
TpTrace Verbose: 0 : 24696, 11, 2025/01/06, 08:59:55.875, 1231330030054, vstest.console.dll, MulticastDelegateUtilities.SafeInvoke: LengthPrefixCommunicationChannel: MessageReceived: Invoking callback 1/1 for Microsoft.VisualStudio.TestPlatform.CommunicationUtilities.TestRequestSender+<>c__DisplayClass34_0., took 0 ms.
TpTrace Verbose: 0 : 24696, 11, 2025/01/06, 08:59:55.875, 1231330032822, vstest.console.dll, TcpClientExtensions.MessageLoopAsync: Polling on remoteEndPoint: 127.0.0.1:55476 localEndPoint: 127.0.0.1:55475 after 12 ms
TpTrace Verbose: 0 : 24696, 11, 2025/01/06, 08:59:55.895, 1231330232415, vstest.console.dll, TcpClientExtensions.MessageLoopAsync: NotifyDataAvailable remoteEndPoint: 127.0.0.1:55476 localEndPoint: 127.0.0.1:55475
TpTrace Verbose: 0 : 24696, 11, 2025/01/06, 08:59:55.895, 1231330235338, vstest.console.dll, TestRequestSender.OnExecutionMessageReceived: Received message: {"Version":7,"MessageType":"TestExecution.Completed","Payload":{"TestRunCompleteArgs":{"TestRunStatistics":{"ExecutedTests":48,"Stats":{"Passed":47,"Failed":1}},"IsCanceled":false,"IsAborted":false,"Error":null,"AttachmentSets":[],"InvokedDataCollectors":[],"ElapsedTimeInRunningTests":"00:00:01.6974095","Metrics":{},"DiscoveredExtensions":{"TestDiscoverers":["NUnit.VisualStudio.TestAdapter.NUnit3TestDiscoverer, NUnit3.TestAdapter, Version=4.4.0.0, Culture=neutral, PublicKeyToken=4cb40d35494691ac"],"TestExecutors":["executor://NUnit3TestExecutor"],"TestExecutors2":[],"TestSettingsProviders":[]}},"LastRunTests":{"NewTestResults":[{"TestCase":{"Id":"6113fd7b-48f1-5929-9d7e-3c593ba114dc","FullyQualifiedName":"UnitTesting.ServiceTest.CustomerServiceTest.GetCustomerByPhoneNumberTest","DisplayName":"GetCustomerByPhoneNumberTest","ExecutorUri":"executor://NUnit3TestExecutor","Source":"C:\\Users\\Disha.Gupta.PYRAMIDINDIA\\source\\repos\\BankingCustomerManagementSol\\UnitTesting\\bin\\Debug\\net6.0\\fine-code-coverage\\build-output\\UnitTesting.dll","CodeFilePath":null,"LineNumber":0,"Properties":[{"Key":{"Id":"NUnit.Seed","Label":"Seed","Category":"","Description":"","Attributes":0,"ValueType":"System.String"},"Value":"1001772990"}]},"Attachments":[],"Outcome":1,"ErrorMessage":null,"ErrorStackTrace":null,"DisplayName":"GetCustomerByPhoneNumberTest","Messages":[],"ComputerName":"5CD413DKR1","Duration":"00:00:00.0012950","StartTime":"2025-01-06T03:29:55.8368706+00:00","EndTime":"2025-01-06T03:29:55.838165+00:00","Properties":[{"Key":{"Id":"NUnit.Seed","Label":"Seed","Category":"","Description":"","Attributes":0,"ValueType":"System.String"},"Value":"1001772990"}]},{"TestCase":{"Id":"569a82e8-bfd6-57d1-e449-20c4fc3974de","FullyQualifiedName":"UnitTesting.ServiceTest.CustomerServiceTest.UpdateCustomerException","DisplayName":"UpdateCustomerException","ExecutorUri":"executor://NUnit3TestExecutor","Source":"C:\\Users\\Disha.Gupta.PYRAMIDINDIA\\source\\repos\\BankingCustomerManagementSol\\UnitTesting\\bin\\Debug\\net6.0\\fine-code-coverage\\build-output\\UnitTesting.dll","CodeFilePath":null,"LineNumber":0,"Properties":[{"Key":{"Id":"NUnit.Seed","Label":"Seed","Category":"","Description":"","Attributes":0,"ValueType":"System.String"},"Value":"2142284852"}]},"Attachments":[],"Outcome":1,"ErrorMessage":null,"ErrorStackTrace":null,"DisplayName":"UpdateCustomerException","Messages":[],"ComputerName":"5CD413DKR1","Duration":"00:00:00.0027730","StartTime":"2025-01-06T03:29:55.8381858+00:00","EndTime":"2025-01-06T03:29:55.8409585+00:00","Properties":[{"Key":{"Id":"NUnit.Seed","Label":"Seed","Category":"","Description":"","Attributes":0,"ValueType":"System.String"},"Value":"2142284852"}]},{"TestCase":{"Id":"70222a4a-7750-d37e-e479-e3020f1f848e","FullyQualifiedName":"UnitTesting.ServiceTest.CustomerServiceTest.UpdateCustomerTest","DisplayName":"UpdateCustomerTest","ExecutorUri":"executor://NUnit3TestExecutor","Source":"C:\\Users\\Disha.Gupta.PYRAMIDINDIA\\source\\repos\\BankingCustomerManagementSol\\UnitTesting\\bin\\Debug\\net6.0\\fine-code-coverage\\build-output\\UnitTesting.dll","CodeFilePath":null,"LineNumber":0,"Properties":[{"Key":{"Id":"NUnit.Seed","Label":"Seed","Category":"","Description":"","Attributes":0,"ValueType":"System.String"},"Value":"141924670"}]},"Attachments":[],"Outcome":1,"ErrorMessage":null,"ErrorStackTrace":null,"DisplayName":"UpdateCustomerTest","Messages":[],"ComputerName":"5CD413DKR1","Duration":"00:00:00.0068550","StartTime":"2025-01-06T03:29:55.8409804+00:00","EndTime":"2025-01-06T03:29:55.8478348+00:00","Properties":[{"Key":{"Id":"NUnit.Seed","Label":"Seed","Category":"","Description":"","Attributes":0,"ValueType":"System.String"},"Value":"141924670"}]}],"TestRunStatistics":{"ExecutedTests":48,"Stats":{"Passed":47,"Failed":1}},"ActiveTests":[]},"RunAttachments":[],"ExecutorUris":["executor://nunit3testexecutor/"]}}
TpTrace Verbose: 0 : 24696, 11, 2025/01/06, 08:59:55.895, 1231330237055, vstest.console.dll, TestRequestSender.EndSession: Sending end session.
TpTrace Verbose: 0 : 24696, 11, 2025/01/06, 08:59:55.896, 1231330239009, vstest.console.dll, ProxyOperationManager.Close: waiting for test host to exit for 100 ms
TpTrace Verbose: 0 : 24696, 12, 2025/01/06, 08:59:55.912, 1231330402400, vstest.console.dll, TestHostManagerCallbacks.StandardOutputReceivedCallback Test host standard output line: 
TpTrace Warning: 0 : 24696, 7, 2025/01/06, 08:59:55.912, 1231330402554, vstest.console.dll, TestHostManagerCallbacks.ErrorReceivedCallback Test host standard error line: 
TpTrace Verbose: 0 : 24696, 7, 2025/01/06, 08:59:55.924, 1231330521054, vstest.console.dll, TestHostProvider.ExitCallBack: Host exited starting callback.
TpTrace Information: 0 : 24696, 7, 2025/01/06, 08:59:55.924, 1231330522835, vstest.console.dll, TestHostManagerCallbacks.ExitCallBack: Testhost processId: 10088 exited with exitcode: 0 error: ''
TpTrace Verbose: 0 : 24696, 7, 2025/01/06, 08:59:55.924, 1231330523314, vstest.console.dll, DotnetTestHostManager.OnHostExited: invoking OnHostExited callback
TpTrace Verbose: 0 : 24696, 7, 2025/01/06, 08:59:55.924, 1231330523771, vstest.console.dll, CrossPlatEngine.TestHostManagerHostExited: calling on client process exit callback.
TpTrace Information: 0 : 24696, 7, 2025/01/06, 08:59:55.924, 1231330524392, vstest.console.dll, TestRequestSender.OnClientProcessExit: Test host process exited. Standard error: 
TpTrace Information: 0 : 24696, 7, 2025/01/06, 08:59:55.924, 1231330525025, vstest.console.dll, SocketServer.Stop: Stop server endPoint: 127.0.0.1:55475
TpTrace Information: 0 : 24696, 11, 2025/01/06, 08:59:55.924, 1231330525257, vstest.console.dll, SocketServer.Stop: Stop server endPoint: 127.0.0.1:55475
TpTrace Information: 0 : 24696, 11, 2025/01/06, 08:59:55.924, 1231330526364, vstest.console.dll, SocketServer.Stop: Cancellation requested. Stopping message loop.
TpTrace Information: 0 : 24696, 7, 2025/01/06, 08:59:55.924, 1231330525432, vstest.console.dll, SocketServer.Stop: Cancellation requested. Stopping message loop.
TpTrace Information: 0 : 24696, 11, 2025/01/06, 08:59:55.924, 1231330527815, vstest.console.dll, Closing the connection
TpTrace Verbose: 0 : 24696, 7, 2025/01/06, 08:59:55.925, 1231330528455, vstest.console.dll, MulticastDelegateUtilities.SafeInvoke: HostProviderEvents.OnHostExited: Invoking callback 1/1 for Microsoft.VisualStudio.TestPlatform.CrossPlatEngine.Client.ProxyOperationManager., took 0 ms.
TpTrace Verbose: 0 : 24696, 11, 2025/01/06, 08:59:55.925, 1231330530900, vstest.console.dll, ProxyDataCollectionManager.InvokeDataCollectionServiceAction: Starting.
TpTrace Information: 0 : 24696, 11, 2025/01/06, 08:59:55.925, 1231330531402, vstest.console.dll, ProxyDataCollectionManager.AfterTestRunEnd: Get attachment set and invoked data collectors processId: 21012 port: 55471
TpTrace Verbose: 0 : 24696, 11, 2025/01/06, 08:59:55.925, 1231330532354, vstest.console.dll, DataCollectionRequestSender.SendAfterTestRunStartAndGetResult: Send AfterTestRunEnd message with isCancelled: False
TpTrace Verbose: 0 : 24696, 11, 2025/01/06, 08:59:55.931, 1231330593826, vstest.console.dll, DataCollectionRequestSender.SendAfterTestRunStartAndGetResult: Received message: (DataCollection.AfterTestRunEndResult) -> {"MessageType":"DataCollection.AfterTestRunEndResult","Payload":{"AttachmentSets":[],"InvokedDataCollectors":[{"Uri":"datacollector://Microsoft/TestPlatform/Extensions/Blame/v1","FriendlyName":"Blame","AssemblyQualifiedName":"Microsoft.TestPlatform.Extensions.BlameDataCollector.BlameCollector, Microsoft.TestPlatform.Extensions.BlameDataCollector, Version=15.0.0.0, Culture=neutral, PublicKeyToken=b03f5f7f11d50a3a","FilePath":"C:\\Program Files\\dotnet\\sdk\\8.0.400\\Extensions\\Microsoft.TestPlatform.Extensions.BlameDataCollector.dll","HasAttachmentProcessor":false}],"Metrics":{}}}
TpTrace Warning: 0 : 24696, 10, 2025/01/06, 08:59:55.937, 1231330654675, vstest.console.dll, DataCollectionLauncher.ErrorReceivedCallback datacollector standard error line: 
TpTrace Information: 0 : 24696, 11, 2025/01/06, 08:59:55.939, 1231330669640, vstest.console.dll, ProxyDataCollectionManager.InvokeDataCollectionServiceAction: Completed.
TpTrace Information: 0 : 24696, 10, 2025/01/06, 08:59:55.949, 1231330773370, vstest.console.dll, DataCollectionLauncher.ExitCallBack: Data collector exited with exitcode: 0 error: ''
TpTrace Verbose: 0 : 24696, 11, 2025/01/06, 08:59:55.969, 1231330975052, vstest.console.dll, TestRunRequest:SendTestRunStatsChange: Starting.
TpTrace Verbose: 0 : 24696, 11, 2025/01/06, 08:59:55.969, 1231330976728, vstest.console.dll, MulticastDelegateUtilities.SafeInvoke: TestRun.RunStatsChanged: Invoking callbacks was skipped because there are no subscribers.
TpTrace Information: 0 : 24696, 11, 2025/01/06, 08:59:55.969, 1231330977230, vstest.console.dll, TestRunRequest:SendTestRunStatsChange: Completed.
TpTrace Verbose: 0 : 24696, 4, 2025/01/06, 08:59:55.970, 1231330978069, vstest.console.dll, MulticastDelegateUtilities.SafeInvoke: InternalTestLoggerEvents.SendTestResult: Invoking callback 1/1 for Microsoft.VisualStudio.TestPlatform.CommandLine.Internal.ConsoleLogger., took 0 ms.
TpTrace Verbose: 0 : 24696, 4, 2025/01/06, 08:59:55.970, 1231330979647, vstest.console.dll, MulticastDelegateUtilities.SafeInvoke: InternalTestLoggerEvents.SendTestResult: Invoking callback 1/1 for Microsoft.VisualStudio.TestPlatform.CommandLine.Internal.ConsoleLogger., took 0 ms.
TpTrace Verbose: 0 : 24696, 4, 2025/01/06, 08:59:55.970, 1231330980696, vstest.console.dll, MulticastDelegateUtilities.SafeInvoke: InternalTestLoggerEvents.SendTestResult: Invoking callback 1/1 for Microsoft.VisualStudio.TestPlatform.CommandLine.Internal.ConsoleLogger., took 0 ms.
TpTrace Verbose: 0 : 24696, 11, 2025/01/06, 08:59:55.970, 1231330981838, vstest.console.dll, ParallelProxyExecutionManager: HandlePartialRunComplete: Total workloads = 1, Total started clients = 1 Total completed clients = 1, Run complete = True, Run canceled: False.
TpTrace Verbose: 0 : 24696, 11, 2025/01/06, 08:59:55.970, 1231330982633, vstest.console.dll, ParallelProxyExecutionManager: HandlePartialRunComplete: All runs completed stopping all managers.
TpTrace Verbose: 0 : 24696, 11, 2025/01/06, 08:59:55.970, 1231330983213, vstest.console.dll, ParallelOperationManager.StopAllManagers: Stopping all managers.
TpTrace Verbose: 0 : 24696, 11, 2025/01/06, 08:59:55.970, 1231330983703, vstest.console.dll, ParallelOperationManager.ClearSlots: Clearing all slots. Slots should accept more work: False
TpTrace Verbose: 0 : 24696, 11, 2025/01/06, 08:59:55.970, 1231330984389, vstest.console.dll, ParallelOperationManager.SetOccupiedSlotCount: Setting slot counts AvailableSlotCount = 1, OccupiedSlotCount = 0.
TpTrace Verbose: 0 : 24696, 11, 2025/01/06, 08:59:55.970, 1231330985340, vstest.console.dll, Occupied slots:

TpTrace Verbose: 0 : 24696, 4, 2025/01/06, 08:59:55.978, 1231331065936, vstest.console.dll, MulticastDelegateUtilities.SafeInvoke: InternalTestLoggerEvents.SendTestRunComplete: Invoking callback 1/2 for Microsoft.TestPlatform.Extensions.BlameDataCollector.BlameLogger., took 0 ms.
TpTrace Verbose: 0 : 24696, 4, 2025/01/06, 08:59:55.985, 1231331130926, vstest.console.dll, MulticastDelegateUtilities.SafeInvoke: InternalTestLoggerEvents.SendTestRunComplete: Invoking callback 2/2 for Microsoft.VisualStudio.TestPlatform.CommandLine.Internal.ConsoleLogger., took 6 ms.
TpTrace Verbose: 0 : 24696, 11, 2025/01/06, 08:59:55.985, 1231331135309, vstest.console.dll, TestRunRequest:TestRunComplete: Starting. IsAborted:False IsCanceled:False.
TpTrace Verbose: 0 : 24696, 11, 2025/01/06, 08:59:55.986, 1231331138015, vstest.console.dll, ParallelOperationManager.DoActionOnAllManagers: Calling an action on all managers.
TpTrace Verbose: 0 : 24696, 11, 2025/01/06, 08:59:55.987, 1231331151715, vstest.console.dll, TestLoggerManager.HandleTestRunComplete: Ignoring as the object is disposed.
TpTrace Verbose: 0 : 24696, 11, 2025/01/06, 08:59:55.987, 1231331154238, vstest.console.dll, MulticastDelegateUtilities.SafeInvoke: TestRun.TestRunComplete: Invoking callback 1/2 for Microsoft.VisualStudio.TestPlatform.CommandLine.TestRunResultAggregator., took 0 ms.
TpTrace Verbose: 0 : 24696, 11, 2025/01/06, 08:59:55.987, 1231331155904, vstest.console.dll, MulticastDelegateUtilities.SafeInvoke: TestRun.TestRunComplete: Invoking callback 2/2 for Microsoft.VisualStudio.TestPlatform.CommandLine.Processors.RunTestsArgumentExecutor+TestRunRequestEventsRegistrar., took 0 ms.
TpTrace Information: 0 : 24696, 11, 2025/01/06, 08:59:55.987, 1231331157389, vstest.console.dll, TestRunRequest:TestRunComplete: Completed.
TpTrace Verbose: 0 : 24696, 11, 2025/01/06, 08:59:55.988, 1231331158135, vstest.console.dll, TestRequestSender.SetOperationComplete: Setting operation complete.
TpTrace Information: 0 : 24696, 11, 2025/01/06, 08:59:55.988, 1231331158718, vstest.console.dll, SocketServer.Stop: Stop server endPoint: 127.0.0.1:55475
TpTrace Information: 0 : 24696, 11, 2025/01/06, 08:59:55.988, 1231331159238, vstest.console.dll, SocketServer.Stop: Cancellation requested. Stopping message loop.
TpTrace Verbose: 0 : 24696, 11, 2025/01/06, 08:59:55.988, 1231331159826, vstest.console.dll, MulticastDelegateUtilities.SafeInvoke: LengthPrefixCommunicationChannel: MessageReceived: Invoking callback 1/1 for Microsoft.VisualStudio.TestPlatform.CommunicationUtilities.TestRequestSender+<>c__DisplayClass34_0., took 92 ms.
TpTrace Information: 0 : 24696, 11, 2025/01/06, 08:59:55.988, 1231331160586, vstest.console.dll, SocketServer.PrivateStop: Stopping server endPoint: 127.0.0.1:55475 error: 
TpTrace Verbose: 0 : 24696, 1, 2025/01/06, 08:59:55.988, 1231331162420, vstest.console.dll, TestRunRequest.Dispose: Starting.
TpTrace Information: 0 : 24696, 1, 2025/01/06, 08:59:55.988, 1231331163577, vstest.console.dll, TestRunRequest.Dispose: Completed.
TpTrace Information: 0 : 24696, 1, 2025/01/06, 08:59:55.988, 1231331164086, vstest.console.dll, TestRequestManager.RunTests: run tests completed.
TpTrace Information: 0 : 24696, 1, 2025/01/06, 08:59:55.988, 1231331164836, vstest.console.dll, RunTestsArgumentProcessor:Execute: Test run is completed.
TpTrace Verbose: 0 : 24696, 1, 2025/01/06, 08:59:55.989, 1231331168267, vstest.console.dll, Executor.Execute: Exiting with exit code of 1
TpTrace Verbose: 0 : 24696, 11, 2025/01/06, 08:59:55.989, 1231331168512, vstest.console.dll, LengthPrefixCommunicationChannel.Dispose: Dispose reader and writer.
TpTrace Information: 0 : 24696, 11, 2025/01/06, 08:59:55.989, 1231331172590, vstest.console.dll, SocketServer.Stop: Raise disconnected event endPoint: 127.0.0.1:55475 error: 
TpTrace Verbose: 0 : 24696, 11, 2025/01/06, 08:59:55.989, 1231331174248, vstest.console.dll, TestRequestSender: OnTestRunAbort: Operation is already complete. Skip error message.
TpTrace Verbose: 0 : 24696, 11, 2025/01/06, 08:59:55.989, 1231331175953, vstest.console.dll, MulticastDelegateUtilities.SafeInvoke: SocketServer: ClientDisconnected: Invoking callback 1/1 for Microsoft.VisualStudio.TestPlatform.CommunicationUtilities.TestRequestSender., took 0 ms.
